<!DOCTYPE html PUBLIC "-//W3C//DTD XHTML 1.1//EN" "https://www.w3.org/TR/xhtml11/DTD/xhtml11.dtd">
<html xmlns="https://www.w3.org/1999/xhtml">
<head>
<meta http-equiv="content-type" content="text/html; charset=UTF-8"/>
<title>TestNG Report</title>
<style type="text/css">table {margin-bottom:10px;border-collapse:collapse;empty-cells:show}th,td {border:1px solid #009;padding:.25em .5em}th {vertical-align:bottom}td {vertical-align:top}table a {font-weight:bold}.stripe td {background-color: #E6EBF9}.num {text-align:right}.passedodd td {background-color: #3F3}.passedeven td {background-color: #0A0}.skippedodd td {background-color: #DDD}.skippedeven td {background-color: #CCC}.failedodd td,.attn {background-color: #F33}.failedeven td,.stripe .attn {background-color: #D00}.stacktrace {white-space:pre;font-family:monospace}.totop {font-size:85%;text-align:center;border-bottom:2px solid #000}.invisible {display:none}</style>
</head>
<body>
<table>
<tr><th>Test</th><th># Passed</th><th># Skipped</th><th># Retried</th><th># Failed</th><th>Time (ms)</th><th>Included Groups</th><th>Excluded Groups</th></tr>
<tr><th colspan="8">Suite</th></tr>
<tr><td><a href="#t0">ChromeTest</a></td><td class="num">15</td><td class="num">0</td><td class="num">0</td><td class="num attn">5</td><td class="num">105,746</td><td></td><td></td></tr>
<tr class="stripe"><td><a href="#t1">EdgeTest</a></td><td class="num">16</td><td class="num">0</td><td class="num">0</td><td class="num attn">4</td><td class="num">106,317</td><td></td><td></td></tr>
<tr><td><a href="#t2">HeadlessTest</a></td><td class="num">16</td><td class="num">0</td><td class="num">0</td><td class="num attn">4</td><td class="num">115,338</td><td></td><td></td></tr>
<tr class="stripe"><td><a href="#t3">FirefoxTest</a></td><td class="num">14</td><td class="num">0</td><td class="num">0</td><td class="num attn">6</td><td class="num">123,599</td><td></td><td></td></tr>
<tr><th>Total</th><th class="num">61</th><th class="num">0</th><th class="num">0</th><th class="num attn">19</th><th class="num">451,000</th><th colspan="2"></th></tr>
</table>
<table id='summary'><thead><tr><th>Class</th><th>Method</th><th>Start</th><th>Time (ms)</th></tr></thead><tbody><tr><th colspan="4">Suite</th></tr></tbody><tbody id="t0"><tr><th colspan="4">ChromeTest &#8212; failed</th></tr><tr class="failedeven"><td rowspan="5">tests.Test_FlipkartSite</td><td><a href="#m0">executeTestCase</a></td><td rowspan="5">1715927202147</td><td rowspan="5">4075</td></tr><tr class="failedeven"><td><a href="#m1">executeTestCase</a></td></tr><tr class="failedeven"><td><a href="#m2">executeTestCase</a></td></tr><tr class="failedeven"><td><a href="#m3">executeTestCase</a></td></tr><tr class="failedeven"><td><a href="#m4">executeTestCase</a></td></tr><tr><th colspan="4">ChromeTest &#8212; passed</th></tr><tr class="passedeven"><td rowspan="15">tests.Test_FlipkartSite</td><td><a href="#m5">executeTestCase</a></td><td rowspan="15">1715927185414</td><td rowspan="15">1</td></tr><tr class="passedeven"><td><a href="#m6">executeTestCase</a></td></tr><tr class="passedeven"><td><a href="#m7">executeTestCase</a></td></tr><tr class="passedeven"><td><a href="#m8">executeTestCase</a></td></tr><tr class="passedeven"><td><a href="#m9">executeTestCase</a></td></tr><tr class="passedeven"><td><a href="#m10">executeTestCase</a></td></tr><tr class="passedeven"><td><a href="#m11">executeTestCase</a></td></tr><tr class="passedeven"><td><a href="#m12">executeTestCase</a></td></tr><tr class="passedeven"><td><a href="#m13">executeTestCase</a></td></tr><tr class="passedeven"><td><a href="#m14">executeTestCase</a></td></tr><tr class="passedeven"><td><a href="#m15">executeTestCase</a></td></tr><tr class="passedeven"><td><a href="#m16">executeTestCase</a></td></tr><tr class="passedeven"><td><a href="#m17">executeTestCase</a></td></tr><tr class="passedeven"><td><a href="#m18">executeTestCase</a></td></tr><tr class="passedeven"><td><a href="#m19">executeTestCase</a></td></tr></tbody>
<tbody id="t1"><tr><th colspan="4">EdgeTest &#8212; failed</th></tr><tr class="failedeven"><td rowspan="4">tests.Test_FlipkartSite</td><td><a href="#m20">executeTestCase</a></td><td rowspan="4">1715927265382</td><td rowspan="4">2654</td></tr><tr class="failedeven"><td><a href="#m21">executeTestCase</a></td></tr><tr class="failedeven"><td><a href="#m22">executeTestCase</a></td></tr><tr class="failedeven"><td><a href="#m23">executeTestCase</a></td></tr><tr><th colspan="4">EdgeTest &#8212; passed</th></tr><tr class="passedeven"><td rowspan="16">tests.Test_FlipkartSite</td><td><a href="#m24">executeTestCase</a></td><td rowspan="16">1715927225099</td><td rowspan="16">922</td></tr><tr class="passedeven"><td><a href="#m25">executeTestCase</a></td></tr><tr class="passedeven"><td><a href="#m26">executeTestCase</a></td></tr><tr class="passedeven"><td><a href="#m27">executeTestCase</a></td></tr><tr class="passedeven"><td><a href="#m28">executeTestCase</a></td></tr><tr class="passedeven"><td><a href="#m29">executeTestCase</a></td></tr><tr class="passedeven"><td><a href="#m30">executeTestCase</a></td></tr><tr class="passedeven"><td><a href="#m31">executeTestCase</a></td></tr><tr class="passedeven"><td><a href="#m32">executeTestCase</a></td></tr><tr class="passedeven"><td><a href="#m33">executeTestCase</a></td></tr><tr class="passedeven"><td><a href="#m34">executeTestCase</a></td></tr><tr class="passedeven"><td><a href="#m35">executeTestCase</a></td></tr><tr class="passedeven"><td><a href="#m36">executeTestCase</a></td></tr><tr class="passedeven"><td><a href="#m37">executeTestCase</a></td></tr><tr class="passedeven"><td><a href="#m38">executeTestCase</a></td></tr><tr class="passedeven"><td><a href="#m39">executeTestCase</a></td></tr></tbody>
<tbody id="t2"><tr><th colspan="4">HeadlessTest &#8212; failed</th></tr><tr class="failedeven"><td rowspan="4">tests.Test_FlipkartSite</td><td><a href="#m40">executeTestCase</a></td><td rowspan="4">1715927252029</td><td rowspan="4">10310</td></tr><tr class="failedeven"><td><a href="#m41">executeTestCase</a></td></tr><tr class="failedeven"><td><a href="#m42">executeTestCase</a></td></tr><tr class="failedeven"><td><a href="#m43">executeTestCase</a></td></tr><tr><th colspan="4">HeadlessTest &#8212; passed</th></tr><tr class="passedeven"><td rowspan="16">tests.Test_FlipkartSite</td><td><a href="#m44">executeTestCase</a></td><td rowspan="16">1715927244270</td><td rowspan="16">2</td></tr><tr class="passedeven"><td><a href="#m45">executeTestCase</a></td></tr><tr class="passedeven"><td><a href="#m46">executeTestCase</a></td></tr><tr class="passedeven"><td><a href="#m47">executeTestCase</a></td></tr><tr class="passedeven"><td><a href="#m48">executeTestCase</a></td></tr><tr class="passedeven"><td><a href="#m49">executeTestCase</a></td></tr><tr class="passedeven"><td><a href="#m50">executeTestCase</a></td></tr><tr class="passedeven"><td><a href="#m51">executeTestCase</a></td></tr><tr class="passedeven"><td><a href="#m52">executeTestCase</a></td></tr><tr class="passedeven"><td><a href="#m53">executeTestCase</a></td></tr><tr class="passedeven"><td><a href="#m54">executeTestCase</a></td></tr><tr class="passedeven"><td><a href="#m55">executeTestCase</a></td></tr><tr class="passedeven"><td><a href="#m56">executeTestCase</a></td></tr><tr class="passedeven"><td><a href="#m57">executeTestCase</a></td></tr><tr class="passedeven"><td><a href="#m58">executeTestCase</a></td></tr><tr class="passedeven"><td><a href="#m59">executeTestCase</a></td></tr></tbody>
<tbody id="t3"><tr><th colspan="4">FirefoxTest &#8212; failed</th></tr><tr class="failedeven"><td rowspan="6">tests.Test_FlipkartSite</td><td><a href="#m60">executeTestCase</a></td><td rowspan="6">1715927259728</td><td rowspan="6">10032</td></tr><tr class="failedeven"><td><a href="#m61">executeTestCase</a></td></tr><tr class="failedeven"><td><a href="#m62">executeTestCase</a></td></tr><tr class="failedeven"><td><a href="#m63">executeTestCase</a></td></tr><tr class="failedeven"><td><a href="#m64">executeTestCase</a></td></tr><tr class="failedeven"><td><a href="#m65">executeTestCase</a></td></tr><tr><th colspan="4">FirefoxTest &#8212; passed</th></tr><tr class="passedeven"><td rowspan="14">tests.Test_FlipkartSite</td><td><a href="#m66">executeTestCase</a></td><td rowspan="14">1715927224726</td><td rowspan="14">2591</td></tr><tr class="passedeven"><td><a href="#m67">executeTestCase</a></td></tr><tr class="passedeven"><td><a href="#m68">executeTestCase</a></td></tr><tr class="passedeven"><td><a href="#m69">executeTestCase</a></td></tr><tr class="passedeven"><td><a href="#m70">executeTestCase</a></td></tr><tr class="passedeven"><td><a href="#m71">executeTestCase</a></td></tr><tr class="passedeven"><td><a href="#m72">executeTestCase</a></td></tr><tr class="passedeven"><td><a href="#m73">executeTestCase</a></td></tr><tr class="passedeven"><td><a href="#m74">executeTestCase</a></td></tr><tr class="passedeven"><td><a href="#m75">executeTestCase</a></td></tr><tr class="passedeven"><td><a href="#m76">executeTestCase</a></td></tr><tr class="passedeven"><td><a href="#m77">executeTestCase</a></td></tr><tr class="passedeven"><td><a href="#m78">executeTestCase</a></td></tr><tr class="passedeven"><td><a href="#m79">executeTestCase</a></td></tr></tbody>
</table>
<h2>ChromeTest</h2><h3 id="m0">tests.Test_FlipkartSite#executeTestCase</h3><table class="result"><tr class="param"><th>Parameter #1</th><th>Parameter #2</th><th>Parameter #3</th></tr><tr class="param stripe"><td>changingPinCode</td><td>Yes</td><td>org.testng.TestRunner@42f0f416</td></tr><tr><th colspan="3">Exception</th></tr><tr><td colspan="3"><div class="stacktrace">org.openqa.selenium.StaleElementReferenceException: stale element reference: stale element not found in the current frame
  (Session info: chrome=124.0.6367.207)
For documentation on this error, please visit: https://www.selenium.dev/documentation/webdriver/troubleshooting/errors#stale-element-reference-exception
Build info: version: &apos;4.18.1&apos;, revision: &apos;b1d3319b48&apos;
System info: os.name: &apos;Windows 11&apos;, os.arch: &apos;amd64&apos;, os.version: &apos;10.0&apos;, java.version: &apos;17.0.10&apos;
Driver info: org.openqa.selenium.chrome.ChromeDriver
Command: [d4ae1f6f2c624d43bb1735a0847efa14, getElementText {id=f.D4A5B64665C7DB1ABD7D23B8C4C391D4.d.7835EC4A0D8D6FF7B687E4FC3A239B65.e.85}]
Capabilities {acceptInsecureCerts: false, browserName: chrome, browserVersion: 124.0.6367.207, chrome: {chromedriverVersion: 124.0.6367.207 (a9001a6e39f..., userDataDir: C:\Users\VARUNB~1\AppData\L...}, fedcm:accounts: true, goog:chromeOptions: {debuggerAddress: localhost:52165}, networkConnectionEnabled: false, pageLoadStrategy: normal, platformName: windows, proxy: Proxy(), se:cdp: ws://localhost:52165/devtoo..., se:cdpVersion: 124.0.6367.207, setWindowRect: true, strictFileInteractability: false, timeouts: {implicit: 0, pageLoad: 300000, script: 30000}, unhandledPromptBehavior: dismiss and notify, webauthn:extension:credBlob: true, webauthn:extension:largeBlob: true, webauthn:extension:minPinLength: true, webauthn:extension:prf: true, webauthn:virtualAuthenticators: true}
Element: [[ChromeDriver: chrome on windows (d4ae1f6f2c624d43bb1735a0847efa14)] -&gt; xpath: //div[@class=&apos;hVvnXm&apos;]]
Session ID: d4ae1f6f2c624d43bb1735a0847efa14
	at org.openqa.selenium.remote.ErrorCodec.decode(ErrorCodec.java:167)
	at org.openqa.selenium.remote.codec.w3c.W3CHttpResponseCodec.decode(W3CHttpResponseCodec.java:138)
	at org.openqa.selenium.remote.codec.w3c.W3CHttpResponseCodec.decode(W3CHttpResponseCodec.java:50)
	at org.openqa.selenium.remote.HttpCommandExecutor.execute(HttpCommandExecutor.java:190)
	at org.openqa.selenium.remote.service.DriverCommandExecutor.invokeExecute(DriverCommandExecutor.java:216)
	at org.openqa.selenium.remote.service.DriverCommandExecutor.execute(DriverCommandExecutor.java:174)
	at org.openqa.selenium.remote.RemoteWebDriver.execute(RemoteWebDriver.java:519)
	at org.openqa.selenium.remote.RemoteWebElement.execute(RemoteWebElement.java:223)
	at org.openqa.selenium.remote.RemoteWebElement.getText(RemoteWebElement.java:191)
	at org.openqa.selenium.support.pagefactory.internal.LocatingElementHandler.invoke(LocatingElementHandler.java:51)
	at jdk.proxy2/jdk.proxy2.$Proxy15.getText(Unknown Source)
	at pages.FlipkartChangePincode.getExpectedText(FlipkartChangePincode.java:46)
	at tests.Test_FlipkartSite.changingPinCode(Test_FlipkartSite.java:260)
	at tests.Test_FlipkartSite.executeTestCase(Test_FlipkartSite.java:130)
	at java.base/java.util.ArrayList.forEach(ArrayList.java:1511)
	at java.base/java.util.concurrent.FutureTask.run(FutureTask.java:264)
	at java.base/java.util.concurrent.ThreadPoolExecutor.runWorker(ThreadPoolExecutor.java:1136)
	at java.base/java.util.concurrent.ThreadPoolExecutor$Worker.run(ThreadPoolExecutor.java:635)
	at java.base/java.lang.Thread.run(Thread.java:840)
... Removed 26 stack frames</div></td></tr></table><p class="totop"><a href="#summary">back to summary</a></p>
<h3 id="m1">tests.Test_FlipkartSite#executeTestCase</h3><table class="result"><tr class="param"><th>Parameter #1</th><th>Parameter #2</th><th>Parameter #3</th></tr><tr class="param stripe"><td>registerUser</td><td>Yes</td><td>org.testng.TestRunner@42f0f416</td></tr><tr><th colspan="3">Exception</th></tr><tr><td colspan="3"><div class="stacktrace">org.openqa.selenium.StaleElementReferenceException: stale element reference: stale element not found in the current frame
  (Session info: chrome=124.0.6367.207)
For documentation on this error, please visit: https://www.selenium.dev/documentation/webdriver/troubleshooting/errors#stale-element-reference-exception
Build info: version: &apos;4.18.1&apos;, revision: &apos;b1d3319b48&apos;
System info: os.name: &apos;Windows 11&apos;, os.arch: &apos;amd64&apos;, os.version: &apos;10.0&apos;, java.version: &apos;17.0.10&apos;
Driver info: org.openqa.selenium.chrome.ChromeDriver
Command: [d4ae1f6f2c624d43bb1735a0847efa14, clickElement {id=f.D4A5B64665C7DB1ABD7D23B8C4C391D4.d.D99C5F106098E14B055DBA047AB4817C.e.860}]
Capabilities {acceptInsecureCerts: false, browserName: chrome, browserVersion: 124.0.6367.207, chrome: {chromedriverVersion: 124.0.6367.207 (a9001a6e39f..., userDataDir: C:\Users\VARUNB~1\AppData\L...}, fedcm:accounts: true, goog:chromeOptions: {debuggerAddress: localhost:52165}, networkConnectionEnabled: false, pageLoadStrategy: normal, platformName: windows, proxy: Proxy(), se:cdp: ws://localhost:52165/devtoo..., se:cdpVersion: 124.0.6367.207, setWindowRect: true, strictFileInteractability: false, timeouts: {implicit: 0, pageLoad: 300000, script: 30000}, unhandledPromptBehavior: dismiss and notify, webauthn:extension:credBlob: true, webauthn:extension:largeBlob: true, webauthn:extension:minPinLength: true, webauthn:extension:prf: true, webauthn:virtualAuthenticators: true}
Element: [[ChromeDriver: chrome on windows (d4ae1f6f2c624d43bb1735a0847efa14)] -&gt; xpath: //div[text()=&quot;Sign Up&quot;]]
Session ID: d4ae1f6f2c624d43bb1735a0847efa14
	at org.openqa.selenium.remote.ErrorCodec.decode(ErrorCodec.java:167)
	at org.openqa.selenium.remote.codec.w3c.W3CHttpResponseCodec.decode(W3CHttpResponseCodec.java:138)
	at org.openqa.selenium.remote.codec.w3c.W3CHttpResponseCodec.decode(W3CHttpResponseCodec.java:50)
	at org.openqa.selenium.remote.HttpCommandExecutor.execute(HttpCommandExecutor.java:190)
	at org.openqa.selenium.remote.service.DriverCommandExecutor.invokeExecute(DriverCommandExecutor.java:216)
	at org.openqa.selenium.remote.service.DriverCommandExecutor.execute(DriverCommandExecutor.java:174)
	at org.openqa.selenium.remote.RemoteWebDriver.execute(RemoteWebDriver.java:519)
	at org.openqa.selenium.remote.RemoteWebElement.execute(RemoteWebElement.java:223)
	at org.openqa.selenium.remote.RemoteWebElement.click(RemoteWebElement.java:76)
	at org.openqa.selenium.support.pagefactory.internal.LocatingElementHandler.invoke(LocatingElementHandler.java:51)
	at jdk.proxy2/jdk.proxy2.$Proxy15.click(Unknown Source)
	at pages.FlipkartRegister.handleActionChain(FlipkartRegister.java:39)
	at tests.Test_FlipkartSite.registerUser(Test_FlipkartSite.java:477)
	at tests.Test_FlipkartSite.executeTestCase(Test_FlipkartSite.java:190)
	at java.base/java.util.ArrayList.forEach(ArrayList.java:1511)
	at java.base/java.util.concurrent.FutureTask.run(FutureTask.java:264)
	at java.base/java.util.concurrent.ThreadPoolExecutor.runWorker(ThreadPoolExecutor.java:1136)
	at java.base/java.util.concurrent.ThreadPoolExecutor$Worker.run(ThreadPoolExecutor.java:635)
	at java.base/java.lang.Thread.run(Thread.java:840)
... Removed 24 stack frames</div></td></tr></table><p class="totop"><a href="#summary">back to summary</a></p>
<h3 id="m2">tests.Test_FlipkartSite#executeTestCase</h3><table class="result"><tr class="param"><th>Parameter #1</th><th>Parameter #2</th><th>Parameter #3</th></tr><tr class="param stripe"><td>checkLogin</td><td>Yes</td><td>org.testng.TestRunner@42f0f416</td></tr><tr><th colspan="3">Exception</th></tr><tr><td colspan="3"><div class="stacktrace">com.mailosaur.MailosaurException: No matching messages found in time. By default, only messages received in the last hour are checked (use receivedAfter to override this).
	at com.mailosaur.Messages.search(Messages.java:345)
	at com.mailosaur.Messages.get(Messages.java:55)
	at pages.FlipkartLoginPage.generateOTP(FlipkartLoginPage.java:84)
	at tests.Test_FlipkartSite.checkLogin(Test_FlipkartSite.java:505)
	at tests.Test_FlipkartSite.executeTestCase(Test_FlipkartSite.java:194)
	at java.base/java.util.ArrayList.forEach(ArrayList.java:1511)
	at java.base/java.util.concurrent.FutureTask.run(FutureTask.java:264)
	at java.base/java.util.concurrent.ThreadPoolExecutor.runWorker(ThreadPoolExecutor.java:1136)
	at java.base/java.util.concurrent.ThreadPoolExecutor$Worker.run(ThreadPoolExecutor.java:635)
	at java.base/java.lang.Thread.run(Thread.java:840)
... Removed 16 stack frames</div></td></tr></table><p class="totop"><a href="#summary">back to summary</a></p>
<h3 id="m3">tests.Test_FlipkartSite#executeTestCase</h3><table class="result"><tr class="param"><th>Parameter #1</th><th>Parameter #2</th><th>Parameter #3</th></tr><tr class="param stripe"><td>checkMyCart</td><td>Yes</td><td>org.testng.TestRunner@42f0f416</td></tr><tr><th colspan="3">Exception</th></tr><tr><td colspan="3"><div class="stacktrace">org.openqa.selenium.NoSuchElementException: no such element: Unable to locate element: {&quot;method&quot;:&quot;xpath&quot;,&quot;selector&quot;:&quot;//a[@href=&quot;/viewcart?exploreMode=true&amp;preference=GROCERY&quot;][1]&quot;}
  (Session info: chrome=124.0.6367.207)
For documentation on this error, please visit: https://www.selenium.dev/documentation/webdriver/troubleshooting/errors#no-such-element-exception
Build info: version: &apos;4.18.1&apos;, revision: &apos;b1d3319b48&apos;
System info: os.name: &apos;Windows 11&apos;, os.arch: &apos;amd64&apos;, os.version: &apos;10.0&apos;, java.version: &apos;17.0.10&apos;
Driver info: org.openqa.selenium.chrome.ChromeDriver
Command: [d4ae1f6f2c624d43bb1735a0847efa14, findElement {value=//a[@href=&quot;/viewcart?exploreMode=true&amp;preference=GROCERY&quot;][1], using=xpath}]
Capabilities {acceptInsecureCerts: false, browserName: chrome, browserVersion: 124.0.6367.207, chrome: {chromedriverVersion: 124.0.6367.207 (a9001a6e39f..., userDataDir: C:\Users\VARUNB~1\AppData\L...}, fedcm:accounts: true, goog:chromeOptions: {debuggerAddress: localhost:52165}, networkConnectionEnabled: false, pageLoadStrategy: normal, platformName: windows, proxy: Proxy(), se:cdp: ws://localhost:52165/devtoo..., se:cdpVersion: 124.0.6367.207, setWindowRect: true, strictFileInteractability: false, timeouts: {implicit: 0, pageLoad: 300000, script: 30000}, unhandledPromptBehavior: dismiss and notify, webauthn:extension:credBlob: true, webauthn:extension:largeBlob: true, webauthn:extension:minPinLength: true, webauthn:extension:prf: true, webauthn:virtualAuthenticators: true}
Session ID: d4ae1f6f2c624d43bb1735a0847efa14
	at org.openqa.selenium.remote.ErrorCodec.decode(ErrorCodec.java:167)
	at org.openqa.selenium.remote.codec.w3c.W3CHttpResponseCodec.decode(W3CHttpResponseCodec.java:138)
	at org.openqa.selenium.remote.codec.w3c.W3CHttpResponseCodec.decode(W3CHttpResponseCodec.java:50)
	at org.openqa.selenium.remote.HttpCommandExecutor.execute(HttpCommandExecutor.java:190)
	at org.openqa.selenium.remote.service.DriverCommandExecutor.invokeExecute(DriverCommandExecutor.java:216)
	at org.openqa.selenium.remote.service.DriverCommandExecutor.execute(DriverCommandExecutor.java:174)
	at org.openqa.selenium.remote.RemoteWebDriver.execute(RemoteWebDriver.java:519)
	at org.openqa.selenium.remote.ElementLocation$ElementFinder$2.findElement(ElementLocation.java:165)
	at org.openqa.selenium.remote.ElementLocation.findElement(ElementLocation.java:59)
	at org.openqa.selenium.remote.RemoteWebDriver.findElement(RemoteWebDriver.java:356)
	at org.openqa.selenium.remote.RemoteWebDriver.findElement(RemoteWebDriver.java:350)
	at org.openqa.selenium.support.pagefactory.DefaultElementLocator.findElement(DefaultElementLocator.java:68)
	at org.openqa.selenium.support.pagefactory.internal.LocatingElementHandler.invoke(LocatingElementHandler.java:38)
	at jdk.proxy2/jdk.proxy2.$Proxy15.click(Unknown Source)
	at pages.FlipkartCheckCart.clickCartButton(FlipkartCheckCart.java:25)
	at tests.Test_FlipkartSite.checkMyCart(Test_FlipkartSite.java:438)
	at tests.Test_FlipkartSite.executeTestCase(Test_FlipkartSite.java:182)
	at java.base/java.util.ArrayList.forEach(ArrayList.java:1511)
	at java.base/java.util.concurrent.FutureTask.run(FutureTask.java:264)
	at java.base/java.util.concurrent.ThreadPoolExecutor.runWorker(ThreadPoolExecutor.java:1136)
	at java.base/java.util.concurrent.ThreadPoolExecutor$Worker.run(ThreadPoolExecutor.java:635)
	at java.base/java.lang.Thread.run(Thread.java:840)
... Removed 21 stack frames</div></td></tr></table><p class="totop"><a href="#summary">back to summary</a></p>
<h3 id="m4">tests.Test_FlipkartSite#executeTestCase</h3><table class="result"><tr class="param"><th>Parameter #1</th><th>Parameter #2</th><th>Parameter #3</th></tr><tr class="param stripe"><td>applyBrandFilter</td><td>Yes</td><td>org.testng.TestRunner@42f0f416</td></tr><tr><th colspan="3">Exception</th></tr><tr><td colspan="3"><div class="stacktrace">org.openqa.selenium.ElementClickInterceptedException: element click intercepted: Element &lt;div class=&quot;XqNaEv&quot;&gt;&lt;/div&gt; is not clickable at point (31, 7). Other element would receive the click: &lt;div class=&quot;LOe-Xr&quot;&gt;&lt;/div&gt;
  (Session info: chrome=124.0.6367.207)
Build info: version: &apos;4.18.1&apos;, revision: &apos;b1d3319b48&apos;
System info: os.name: &apos;Windows 11&apos;, os.arch: &apos;amd64&apos;, os.version: &apos;10.0&apos;, java.version: &apos;17.0.10&apos;
Driver info: org.openqa.selenium.chrome.ChromeDriver
Command: [d4ae1f6f2c624d43bb1735a0847efa14, clickElement {id=f.D4A5B64665C7DB1ABD7D23B8C4C391D4.d.4CD14FC001D01B7450D395E4500B01CE.e.590}]
Capabilities {acceptInsecureCerts: false, browserName: chrome, browserVersion: 124.0.6367.207, chrome: {chromedriverVersion: 124.0.6367.207 (a9001a6e39f..., userDataDir: C:\Users\VARUNB~1\AppData\L...}, fedcm:accounts: true, goog:chromeOptions: {debuggerAddress: localhost:52165}, networkConnectionEnabled: false, pageLoadStrategy: normal, platformName: windows, proxy: Proxy(), se:cdp: ws://localhost:52165/devtoo..., se:cdpVersion: 124.0.6367.207, setWindowRect: true, strictFileInteractability: false, timeouts: {implicit: 0, pageLoad: 300000, script: 30000}, unhandledPromptBehavior: dismiss and notify, webauthn:extension:credBlob: true, webauthn:extension:largeBlob: true, webauthn:extension:minPinLength: true, webauthn:extension:prf: true, webauthn:virtualAuthenticators: true}
Element: [[ChromeDriver: chrome on windows (d4ae1f6f2c624d43bb1735a0847efa14)] -&gt; xpath: //div[text()=&apos;SAMSUNG&apos;]/preceding-sibling::div]
Session ID: d4ae1f6f2c624d43bb1735a0847efa14
	at org.openqa.selenium.remote.ErrorCodec.decode(ErrorCodec.java:167)
	at org.openqa.selenium.remote.codec.w3c.W3CHttpResponseCodec.decode(W3CHttpResponseCodec.java:138)
	at org.openqa.selenium.remote.codec.w3c.W3CHttpResponseCodec.decode(W3CHttpResponseCodec.java:50)
	at org.openqa.selenium.remote.HttpCommandExecutor.execute(HttpCommandExecutor.java:190)
	at org.openqa.selenium.remote.service.DriverCommandExecutor.invokeExecute(DriverCommandExecutor.java:216)
	at org.openqa.selenium.remote.service.DriverCommandExecutor.execute(DriverCommandExecutor.java:174)
	at org.openqa.selenium.remote.RemoteWebDriver.execute(RemoteWebDriver.java:519)
	at org.openqa.selenium.remote.RemoteWebElement.execute(RemoteWebElement.java:223)
	at org.openqa.selenium.remote.RemoteWebElement.click(RemoteWebElement.java:76)
	at org.openqa.selenium.support.pagefactory.internal.LocatingElementHandler.invoke(LocatingElementHandler.java:51)
	at jdk.proxy2/jdk.proxy2.$Proxy15.click(Unknown Source)
	at pages.FlipkartBrandFilters.brandFilter(FlipkartBrandFilters.java:34)
	at tests.Test_FlipkartSite.applyBrandFilter(Test_FlipkartSite.java:337)
	at tests.Test_FlipkartSite.executeTestCase(Test_FlipkartSite.java:154)
	at java.base/java.util.ArrayList.forEach(ArrayList.java:1511)
	at java.base/java.util.concurrent.FutureTask.run(FutureTask.java:264)
	at java.base/java.util.concurrent.ThreadPoolExecutor.runWorker(ThreadPoolExecutor.java:1136)
	at java.base/java.util.concurrent.ThreadPoolExecutor$Worker.run(ThreadPoolExecutor.java:635)
	at java.base/java.lang.Thread.run(Thread.java:840)
... Removed 24 stack frames</div></td></tr></table><p class="totop"><a href="#summary">back to summary</a></p>
<h3 id="m5">tests.Test_FlipkartSite#executeTestCase</h3><table class="result"><tr class="param"><th>Parameter #1</th><th>Parameter #2</th><th>Parameter #3</th></tr><tr class="param stripe"><td>clickOnProduct</td><td>No</td><td>org.testng.TestRunner@42f0f416</td></tr></table><p class="totop"><a href="#summary">back to summary</a></p>
<h3 id="m6">tests.Test_FlipkartSite#executeTestCase</h3><table class="result"><tr class="param"><th>Parameter #1</th><th>Parameter #2</th><th>Parameter #3</th></tr><tr class="param stripe"><td>placeOrder</td><td>Yes</td><td>org.testng.TestRunner@42f0f416</td></tr></table><p class="totop"><a href="#summary">back to summary</a></p>
<h3 id="m7">tests.Test_FlipkartSite#executeTestCase</h3><table class="result"><tr class="param"><th>Parameter #1</th><th>Parameter #2</th><th>Parameter #3</th></tr><tr class="param stripe"><td>applyBatteryCapacityFilter</td><td>No</td><td>org.testng.TestRunner@42f0f416</td></tr></table><p class="totop"><a href="#summary">back to summary</a></p>
<h3 id="m8">tests.Test_FlipkartSite#executeTestCase</h3><table class="result"><tr class="param"><th>Parameter #1</th><th>Parameter #2</th><th>Parameter #3</th></tr><tr class="param stripe"><td>searchProduct</td><td>Yes</td><td>org.testng.TestRunner@42f0f416</td></tr></table><p class="totop"><a href="#summary">back to summary</a></p>
<h3 id="m9">tests.Test_FlipkartSite#executeTestCase</h3><table class="result"><tr class="param"><th>Parameter #1</th><th>Parameter #2</th><th>Parameter #3</th></tr><tr class="param stripe"><td>checkFlights</td><td>Yes</td><td>org.testng.TestRunner@42f0f416</td></tr></table><p class="totop"><a href="#summary">back to summary</a></p>
<h3 id="m10">tests.Test_FlipkartSite#executeTestCase</h3><table class="result"><tr class="param"><th>Parameter #1</th><th>Parameter #2</th><th>Parameter #3</th></tr><tr class="param stripe"><td>checkMenApparel</td><td>Yes</td><td>org.testng.TestRunner@42f0f416</td></tr></table><p class="totop"><a href="#summary">back to summary</a></p>
<h3 id="m11">tests.Test_FlipkartSite#executeTestCase</h3><table class="result"><tr class="param"><th>Parameter #1</th><th>Parameter #2</th><th>Parameter #3</th></tr><tr class="param stripe"><td>addToCart</td><td>Yes</td><td>org.testng.TestRunner@42f0f416</td></tr></table><p class="totop"><a href="#summary">back to summary</a></p>
<h3 id="m12">tests.Test_FlipkartSite#executeTestCase</h3><table class="result"><tr class="param"><th>Parameter #1</th><th>Parameter #2</th><th>Parameter #3</th></tr><tr class="param stripe"><td>applyRatingFilter</td><td>Yes</td><td>org.testng.TestRunner@42f0f416</td></tr></table><p class="totop"><a href="#summary">back to summary</a></p>
<h3 id="m13">tests.Test_FlipkartSite#executeTestCase</h3><table class="result"><tr class="param"><th>Parameter #1</th><th>Parameter #2</th><th>Parameter #3</th></tr><tr class="param stripe"><td>checkFurniture</td><td>No</td><td>org.testng.TestRunner@42f0f416</td></tr></table><p class="totop"><a href="#summary">back to summary</a></p>
<h3 id="m14">tests.Test_FlipkartSite#executeTestCase</h3><table class="result"><tr class="param"><th>Parameter #1</th><th>Parameter #2</th><th>Parameter #3</th></tr><tr class="param stripe"><td>checkGrocerySection</td><td>No</td><td>org.testng.TestRunner@42f0f416</td></tr></table><p class="totop"><a href="#summary">back to summary</a></p>
<h3 id="m15">tests.Test_FlipkartSite#executeTestCase</h3><table class="result"><tr class="param"><th>Parameter #1</th><th>Parameter #2</th><th>Parameter #3</th></tr><tr class="param stripe"><td>checkProductImages</td><td>Yes</td><td>org.testng.TestRunner@42f0f416</td></tr></table><p class="totop"><a href="#summary">back to summary</a></p>
<h3 id="m16">tests.Test_FlipkartSite#executeTestCase</h3><table class="result"><tr class="param"><th>Parameter #1</th><th>Parameter #2</th><th>Parameter #3</th></tr><tr class="param stripe"><td>sortProduct</td><td>Yes</td><td>org.testng.TestRunner@42f0f416</td></tr></table><p class="totop"><a href="#summary">back to summary</a></p>
<h3 id="m17">tests.Test_FlipkartSite#executeTestCase</h3><table class="result"><tr class="param"><th>Parameter #1</th><th>Parameter #2</th><th>Parameter #3</th></tr><tr class="param stripe"><td>applyPriceFilter</td><td>Yes</td><td>org.testng.TestRunner@42f0f416</td></tr></table><p class="totop"><a href="#summary">back to summary</a></p>
<h3 id="m18">tests.Test_FlipkartSite#executeTestCase</h3><table class="result"><tr class="param"><th>Parameter #1</th><th>Parameter #2</th><th>Parameter #3</th></tr><tr class="param stripe"><td>checkOfferZone</td><td>Yes</td><td>org.testng.TestRunner@42f0f416</td></tr></table><p class="totop"><a href="#summary">back to summary</a></p>
<h3 id="m19">tests.Test_FlipkartSite#executeTestCase</h3><table class="result"><tr class="param"><th>Parameter #1</th><th>Parameter #2</th><th>Parameter #3</th></tr><tr class="param stripe"><td>getFlipkartSite</td><td>Yes</td><td>org.testng.TestRunner@42f0f416</td></tr></table><p class="totop"><a href="#summary">back to summary</a></p>
<h2>EdgeTest</h2><h3 id="m20">tests.Test_FlipkartSite#executeTestCase</h3><table class="result"><tr class="param"><th>Parameter #1</th><th>Parameter #2</th><th>Parameter #3</th></tr><tr class="param stripe"><td>registerUser</td><td>Yes</td><td>org.testng.TestRunner@591b8c05</td></tr><tr><th colspan="3">Exception</th></tr><tr><td colspan="3"><div class="stacktrace">org.openqa.selenium.StaleElementReferenceException: stale element reference: stale element not found in the current frame
  (Session info: MicrosoftEdge=124.0.2478.105)
For documentation on this error, please visit: https://www.selenium.dev/documentation/webdriver/troubleshooting/errors#stale-element-reference-exception
Build info: version: &apos;4.18.1&apos;, revision: &apos;b1d3319b48&apos;
System info: os.name: &apos;Windows 11&apos;, os.arch: &apos;amd64&apos;, os.version: &apos;10.0&apos;, java.version: &apos;17.0.10&apos;
Driver info: org.openqa.selenium.edge.EdgeDriver
Command: [4fe9c269aefb130d48c7b125e3a74804, clickElement {id=f.F44F11FEFB08192E9EAAFD79CD9770BA.d.2CDBDD7EAD2D5B957DED2AF96643FC2A.e.1075}]
Capabilities {acceptInsecureCerts: false, browserName: MicrosoftEdge, browserVersion: 124.0.2478.105, fedcm:accounts: true, ms:edgeOptions: {debuggerAddress: localhost:52164}, msedge: {msedgedriverVersion: 124.0.2478.105 (a4f60a4465d..., userDataDir: C:\Users\VARUNB~1\AppData\L...}, networkConnectionEnabled: false, pageLoadStrategy: normal, platformName: windows, proxy: Proxy(), se:cdp: ws://localhost:52164/devtoo..., se:cdpVersion: 124.0.2478.105, setWindowRect: true, strictFileInteractability: false, timeouts: {implicit: 0, pageLoad: 300000, script: 30000}, unhandledPromptBehavior: dismiss and notify, webauthn:extension:credBlob: true, webauthn:extension:largeBlob: true, webauthn:extension:minPinLength: true, webauthn:extension:prf: true, webauthn:virtualAuthenticators: true}
Element: [[EdgeDriver: MicrosoftEdge on windows (4fe9c269aefb130d48c7b125e3a74804)] -&gt; xpath: //div[text()=&quot;Sign Up&quot;]]
Session ID: 4fe9c269aefb130d48c7b125e3a74804
	at org.openqa.selenium.remote.ErrorCodec.decode(ErrorCodec.java:167)
	at org.openqa.selenium.remote.codec.w3c.W3CHttpResponseCodec.decode(W3CHttpResponseCodec.java:138)
	at org.openqa.selenium.remote.codec.w3c.W3CHttpResponseCodec.decode(W3CHttpResponseCodec.java:50)
	at org.openqa.selenium.remote.HttpCommandExecutor.execute(HttpCommandExecutor.java:190)
	at org.openqa.selenium.remote.service.DriverCommandExecutor.invokeExecute(DriverCommandExecutor.java:216)
	at org.openqa.selenium.remote.service.DriverCommandExecutor.execute(DriverCommandExecutor.java:174)
	at org.openqa.selenium.remote.RemoteWebDriver.execute(RemoteWebDriver.java:519)
	at org.openqa.selenium.remote.RemoteWebElement.execute(RemoteWebElement.java:223)
	at org.openqa.selenium.remote.RemoteWebElement.click(RemoteWebElement.java:76)
	at org.openqa.selenium.support.pagefactory.internal.LocatingElementHandler.invoke(LocatingElementHandler.java:51)
	at jdk.proxy2/jdk.proxy2.$Proxy15.click(Unknown Source)
	at pages.FlipkartRegister.handleActionChain(FlipkartRegister.java:39)
	at tests.Test_FlipkartSite.registerUser(Test_FlipkartSite.java:477)
	at tests.Test_FlipkartSite.executeTestCase(Test_FlipkartSite.java:190)
	at java.base/java.util.ArrayList.forEach(ArrayList.java:1511)
	at java.base/java.util.concurrent.FutureTask.run(FutureTask.java:264)
	at java.base/java.util.concurrent.ThreadPoolExecutor.runWorker(ThreadPoolExecutor.java:1136)
	at java.base/java.util.concurrent.ThreadPoolExecutor$Worker.run(ThreadPoolExecutor.java:635)
	at java.base/java.lang.Thread.run(Thread.java:840)
... Removed 24 stack frames</div></td></tr></table><p class="totop"><a href="#summary">back to summary</a></p>
<h3 id="m21">tests.Test_FlipkartSite#executeTestCase</h3><table class="result"><tr class="param"><th>Parameter #1</th><th>Parameter #2</th><th>Parameter #3</th></tr><tr class="param stripe"><td>applyBrandFilter</td><td>Yes</td><td>org.testng.TestRunner@591b8c05</td></tr><tr><th colspan="3">Exception</th></tr><tr><td colspan="3"><div class="stacktrace">org.openqa.selenium.ElementClickInterceptedException: element click intercepted: Element &lt;div class=&quot;XqNaEv&quot;&gt;&lt;/div&gt; is not clickable at point (31, 7). Other element would receive the click: &lt;div class=&quot;LOe-Xr&quot;&gt;&lt;/div&gt;
  (Session info: MicrosoftEdge=124.0.2478.105)
Build info: version: &apos;4.18.1&apos;, revision: &apos;b1d3319b48&apos;
System info: os.name: &apos;Windows 11&apos;, os.arch: &apos;amd64&apos;, os.version: &apos;10.0&apos;, java.version: &apos;17.0.10&apos;
Driver info: org.openqa.selenium.edge.EdgeDriver
Command: [4fe9c269aefb130d48c7b125e3a74804, clickElement {id=f.F44F11FEFB08192E9EAAFD79CD9770BA.d.F7978BE4F29985415F4C5D4A604C33D4.e.807}]
Capabilities {acceptInsecureCerts: false, browserName: MicrosoftEdge, browserVersion: 124.0.2478.105, fedcm:accounts: true, ms:edgeOptions: {debuggerAddress: localhost:52164}, msedge: {msedgedriverVersion: 124.0.2478.105 (a4f60a4465d..., userDataDir: C:\Users\VARUNB~1\AppData\L...}, networkConnectionEnabled: false, pageLoadStrategy: normal, platformName: windows, proxy: Proxy(), se:cdp: ws://localhost:52164/devtoo..., se:cdpVersion: 124.0.2478.105, setWindowRect: true, strictFileInteractability: false, timeouts: {implicit: 0, pageLoad: 300000, script: 30000}, unhandledPromptBehavior: dismiss and notify, webauthn:extension:credBlob: true, webauthn:extension:largeBlob: true, webauthn:extension:minPinLength: true, webauthn:extension:prf: true, webauthn:virtualAuthenticators: true}
Element: [[EdgeDriver: MicrosoftEdge on windows (4fe9c269aefb130d48c7b125e3a74804)] -&gt; xpath: //div[text()=&apos;SAMSUNG&apos;]/preceding-sibling::div]
Session ID: 4fe9c269aefb130d48c7b125e3a74804
	at org.openqa.selenium.remote.ErrorCodec.decode(ErrorCodec.java:167)
	at org.openqa.selenium.remote.codec.w3c.W3CHttpResponseCodec.decode(W3CHttpResponseCodec.java:138)
	at org.openqa.selenium.remote.codec.w3c.W3CHttpResponseCodec.decode(W3CHttpResponseCodec.java:50)
	at org.openqa.selenium.remote.HttpCommandExecutor.execute(HttpCommandExecutor.java:190)
	at org.openqa.selenium.remote.service.DriverCommandExecutor.invokeExecute(DriverCommandExecutor.java:216)
	at org.openqa.selenium.remote.service.DriverCommandExecutor.execute(DriverCommandExecutor.java:174)
	at org.openqa.selenium.remote.RemoteWebDriver.execute(RemoteWebDriver.java:519)
	at org.openqa.selenium.remote.RemoteWebElement.execute(RemoteWebElement.java:223)
	at org.openqa.selenium.remote.RemoteWebElement.click(RemoteWebElement.java:76)
	at org.openqa.selenium.support.pagefactory.internal.LocatingElementHandler.invoke(LocatingElementHandler.java:51)
	at jdk.proxy2/jdk.proxy2.$Proxy15.click(Unknown Source)
	at pages.FlipkartBrandFilters.brandFilter(FlipkartBrandFilters.java:34)
	at tests.Test_FlipkartSite.applyBrandFilter(Test_FlipkartSite.java:337)
	at tests.Test_FlipkartSite.executeTestCase(Test_FlipkartSite.java:154)
	at java.base/java.util.ArrayList.forEach(ArrayList.java:1511)
	at java.base/java.util.concurrent.FutureTask.run(FutureTask.java:264)
	at java.base/java.util.concurrent.ThreadPoolExecutor.runWorker(ThreadPoolExecutor.java:1136)
	at java.base/java.util.concurrent.ThreadPoolExecutor$Worker.run(ThreadPoolExecutor.java:635)
	at java.base/java.lang.Thread.run(Thread.java:840)
... Removed 24 stack frames</div></td></tr></table><p class="totop"><a href="#summary">back to summary</a></p>
<h3 id="m22">tests.Test_FlipkartSite#executeTestCase</h3><table class="result"><tr class="param"><th>Parameter #1</th><th>Parameter #2</th><th>Parameter #3</th></tr><tr class="param stripe"><td>checkMyCart</td><td>Yes</td><td>org.testng.TestRunner@591b8c05</td></tr><tr><th colspan="3">Exception</th></tr><tr><td colspan="3"><div class="stacktrace">org.openqa.selenium.NoSuchElementException: no such element: Unable to locate element: {&quot;method&quot;:&quot;xpath&quot;,&quot;selector&quot;:&quot;//a[@href=&quot;/viewcart?exploreMode=true&amp;preference=GROCERY&quot;][1]&quot;}
  (Session info: MicrosoftEdge=124.0.2478.105)
For documentation on this error, please visit: https://www.selenium.dev/documentation/webdriver/troubleshooting/errors#no-such-element-exception
Build info: version: &apos;4.18.1&apos;, revision: &apos;b1d3319b48&apos;
System info: os.name: &apos;Windows 11&apos;, os.arch: &apos;amd64&apos;, os.version: &apos;10.0&apos;, java.version: &apos;17.0.10&apos;
Driver info: org.openqa.selenium.edge.EdgeDriver
Command: [4fe9c269aefb130d48c7b125e3a74804, findElement {value=//a[@href=&quot;/viewcart?exploreMode=true&amp;preference=GROCERY&quot;][1], using=xpath}]
Capabilities {acceptInsecureCerts: false, browserName: MicrosoftEdge, browserVersion: 124.0.2478.105, fedcm:accounts: true, ms:edgeOptions: {debuggerAddress: localhost:52164}, msedge: {msedgedriverVersion: 124.0.2478.105 (a4f60a4465d..., userDataDir: C:\Users\VARUNB~1\AppData\L...}, networkConnectionEnabled: false, pageLoadStrategy: normal, platformName: windows, proxy: Proxy(), se:cdp: ws://localhost:52164/devtoo..., se:cdpVersion: 124.0.2478.105, setWindowRect: true, strictFileInteractability: false, timeouts: {implicit: 0, pageLoad: 300000, script: 30000}, unhandledPromptBehavior: dismiss and notify, webauthn:extension:credBlob: true, webauthn:extension:largeBlob: true, webauthn:extension:minPinLength: true, webauthn:extension:prf: true, webauthn:virtualAuthenticators: true}
Session ID: 4fe9c269aefb130d48c7b125e3a74804
	at org.openqa.selenium.remote.ErrorCodec.decode(ErrorCodec.java:167)
	at org.openqa.selenium.remote.codec.w3c.W3CHttpResponseCodec.decode(W3CHttpResponseCodec.java:138)
	at org.openqa.selenium.remote.codec.w3c.W3CHttpResponseCodec.decode(W3CHttpResponseCodec.java:50)
	at org.openqa.selenium.remote.HttpCommandExecutor.execute(HttpCommandExecutor.java:190)
	at org.openqa.selenium.remote.service.DriverCommandExecutor.invokeExecute(DriverCommandExecutor.java:216)
	at org.openqa.selenium.remote.service.DriverCommandExecutor.execute(DriverCommandExecutor.java:174)
	at org.openqa.selenium.remote.RemoteWebDriver.execute(RemoteWebDriver.java:519)
	at org.openqa.selenium.remote.ElementLocation$ElementFinder$2.findElement(ElementLocation.java:165)
	at org.openqa.selenium.remote.ElementLocation.findElement(ElementLocation.java:59)
	at org.openqa.selenium.remote.RemoteWebDriver.findElement(RemoteWebDriver.java:356)
	at org.openqa.selenium.remote.RemoteWebDriver.findElement(RemoteWebDriver.java:350)
	at org.openqa.selenium.support.pagefactory.DefaultElementLocator.findElement(DefaultElementLocator.java:68)
	at org.openqa.selenium.support.pagefactory.internal.LocatingElementHandler.invoke(LocatingElementHandler.java:38)
	at jdk.proxy2/jdk.proxy2.$Proxy15.click(Unknown Source)
	at pages.FlipkartCheckCart.clickCartButton(FlipkartCheckCart.java:25)
	at tests.Test_FlipkartSite.checkMyCart(Test_FlipkartSite.java:438)
	at tests.Test_FlipkartSite.executeTestCase(Test_FlipkartSite.java:182)
	at java.base/java.util.ArrayList.forEach(ArrayList.java:1511)
	at java.base/java.util.concurrent.FutureTask.run(FutureTask.java:264)
	at java.base/java.util.concurrent.ThreadPoolExecutor.runWorker(ThreadPoolExecutor.java:1136)
	at java.base/java.util.concurrent.ThreadPoolExecutor$Worker.run(ThreadPoolExecutor.java:635)
	at java.base/java.lang.Thread.run(Thread.java:840)
... Removed 21 stack frames</div></td></tr></table><p class="totop"><a href="#summary">back to summary</a></p>
<h3 id="m23">tests.Test_FlipkartSite#executeTestCase</h3><table class="result"><tr class="param"><th>Parameter #1</th><th>Parameter #2</th><th>Parameter #3</th></tr><tr class="param stripe"><td>checkLogin</td><td>Yes</td><td>org.testng.TestRunner@591b8c05</td></tr><tr><th colspan="3">Exception</th></tr><tr><td colspan="3"><div class="stacktrace">com.mailosaur.MailosaurException: No matching messages found in time. By default, only messages received in the last hour are checked (use receivedAfter to override this).
	at com.mailosaur.Messages.search(Messages.java:345)
	at com.mailosaur.Messages.get(Messages.java:55)
	at pages.FlipkartLoginPage.generateOTP(FlipkartLoginPage.java:84)
	at tests.Test_FlipkartSite.checkLogin(Test_FlipkartSite.java:505)
	at tests.Test_FlipkartSite.executeTestCase(Test_FlipkartSite.java:194)
	at java.base/java.util.ArrayList.forEach(ArrayList.java:1511)
	at java.base/java.util.concurrent.FutureTask.run(FutureTask.java:264)
	at java.base/java.util.concurrent.ThreadPoolExecutor.runWorker(ThreadPoolExecutor.java:1136)
	at java.base/java.util.concurrent.ThreadPoolExecutor$Worker.run(ThreadPoolExecutor.java:635)
	at java.base/java.lang.Thread.run(Thread.java:840)
... Removed 16 stack frames</div></td></tr></table><p class="totop"><a href="#summary">back to summary</a></p>
<h3 id="m24">tests.Test_FlipkartSite#executeTestCase</h3><table class="result"><tr class="param"><th>Parameter #1</th><th>Parameter #2</th><th>Parameter #3</th></tr><tr class="param stripe"><td>addToCart</td><td>Yes</td><td>org.testng.TestRunner@591b8c05</td></tr></table><p class="totop"><a href="#summary">back to summary</a></p>
<h3 id="m25">tests.Test_FlipkartSite#executeTestCase</h3><table class="result"><tr class="param"><th>Parameter #1</th><th>Parameter #2</th><th>Parameter #3</th></tr><tr class="param stripe"><td>applyBatteryCapacityFilter</td><td>No</td><td>org.testng.TestRunner@591b8c05</td></tr></table><p class="totop"><a href="#summary">back to summary</a></p>
<h3 id="m26">tests.Test_FlipkartSite#executeTestCase</h3><table class="result"><tr class="param"><th>Parameter #1</th><th>Parameter #2</th><th>Parameter #3</th></tr><tr class="param stripe"><td>checkGrocerySection</td><td>No</td><td>org.testng.TestRunner@591b8c05</td></tr></table><p class="totop"><a href="#summary">back to summary</a></p>
<h3 id="m27">tests.Test_FlipkartSite#executeTestCase</h3><table class="result"><tr class="param"><th>Parameter #1</th><th>Parameter #2</th><th>Parameter #3</th></tr><tr class="param stripe"><td>clickOnProduct</td><td>No</td><td>org.testng.TestRunner@591b8c05</td></tr></table><p class="totop"><a href="#summary">back to summary</a></p>
<h3 id="m28">tests.Test_FlipkartSite#executeTestCase</h3><table class="result"><tr class="param"><th>Parameter #1</th><th>Parameter #2</th><th>Parameter #3</th></tr><tr class="param stripe"><td>searchProduct</td><td>Yes</td><td>org.testng.TestRunner@591b8c05</td></tr></table><p class="totop"><a href="#summary">back to summary</a></p>
<h3 id="m29">tests.Test_FlipkartSite#executeTestCase</h3><table class="result"><tr class="param"><th>Parameter #1</th><th>Parameter #2</th><th>Parameter #3</th></tr><tr class="param stripe"><td>changingPinCode</td><td>Yes</td><td>org.testng.TestRunner@591b8c05</td></tr></table><p class="totop"><a href="#summary">back to summary</a></p>
<h3 id="m30">tests.Test_FlipkartSite#executeTestCase</h3><table class="result"><tr class="param"><th>Parameter #1</th><th>Parameter #2</th><th>Parameter #3</th></tr><tr class="param stripe"><td>checkOfferZone</td><td>Yes</td><td>org.testng.TestRunner@591b8c05</td></tr></table><p class="totop"><a href="#summary">back to summary</a></p>
<h3 id="m31">tests.Test_FlipkartSite#executeTestCase</h3><table class="result"><tr class="param"><th>Parameter #1</th><th>Parameter #2</th><th>Parameter #3</th></tr><tr class="param stripe"><td>placeOrder</td><td>Yes</td><td>org.testng.TestRunner@591b8c05</td></tr></table><p class="totop"><a href="#summary">back to summary</a></p>
<h3 id="m32">tests.Test_FlipkartSite#executeTestCase</h3><table class="result"><tr class="param"><th>Parameter #1</th><th>Parameter #2</th><th>Parameter #3</th></tr><tr class="param stripe"><td>checkProductImages</td><td>Yes</td><td>org.testng.TestRunner@591b8c05</td></tr></table><p class="totop"><a href="#summary">back to summary</a></p>
<h3 id="m33">tests.Test_FlipkartSite#executeTestCase</h3><table class="result"><tr class="param"><th>Parameter #1</th><th>Parameter #2</th><th>Parameter #3</th></tr><tr class="param stripe"><td>sortProduct</td><td>Yes</td><td>org.testng.TestRunner@591b8c05</td></tr></table><p class="totop"><a href="#summary">back to summary</a></p>
<h3 id="m34">tests.Test_FlipkartSite#executeTestCase</h3><table class="result"><tr class="param"><th>Parameter #1</th><th>Parameter #2</th><th>Parameter #3</th></tr><tr class="param stripe"><td>checkFlights</td><td>Yes</td><td>org.testng.TestRunner@591b8c05</td></tr></table><p class="totop"><a href="#summary">back to summary</a></p>
<h3 id="m35">tests.Test_FlipkartSite#executeTestCase</h3><table class="result"><tr class="param"><th>Parameter #1</th><th>Parameter #2</th><th>Parameter #3</th></tr><tr class="param stripe"><td>getFlipkartSite</td><td>Yes</td><td>org.testng.TestRunner@591b8c05</td></tr></table><p class="totop"><a href="#summary">back to summary</a></p>
<h3 id="m36">tests.Test_FlipkartSite#executeTestCase</h3><table class="result"><tr class="param"><th>Parameter #1</th><th>Parameter #2</th><th>Parameter #3</th></tr><tr class="param stripe"><td>applyPriceFilter</td><td>Yes</td><td>org.testng.TestRunner@591b8c05</td></tr></table><p class="totop"><a href="#summary">back to summary</a></p>
<h3 id="m37">tests.Test_FlipkartSite#executeTestCase</h3><table class="result"><tr class="param"><th>Parameter #1</th><th>Parameter #2</th><th>Parameter #3</th></tr><tr class="param stripe"><td>checkFurniture</td><td>No</td><td>org.testng.TestRunner@591b8c05</td></tr></table><p class="totop"><a href="#summary">back to summary</a></p>
<h3 id="m38">tests.Test_FlipkartSite#executeTestCase</h3><table class="result"><tr class="param"><th>Parameter #1</th><th>Parameter #2</th><th>Parameter #3</th></tr><tr class="param stripe"><td>checkMenApparel</td><td>Yes</td><td>org.testng.TestRunner@591b8c05</td></tr></table><p class="totop"><a href="#summary">back to summary</a></p>
<h3 id="m39">tests.Test_FlipkartSite#executeTestCase</h3><table class="result"><tr class="param"><th>Parameter #1</th><th>Parameter #2</th><th>Parameter #3</th></tr><tr class="param stripe"><td>applyRatingFilter</td><td>Yes</td><td>org.testng.TestRunner@591b8c05</td></tr></table><p class="totop"><a href="#summary">back to summary</a></p>
<h2>HeadlessTest</h2><h3 id="m40">tests.Test_FlipkartSite#executeTestCase</h3><table class="result"><tr class="param"><th>Parameter #1</th><th>Parameter #2</th><th>Parameter #3</th></tr><tr class="param stripe"><td>checkMyCart</td><td>Yes</td><td>org.testng.TestRunner@1013f878</td></tr><tr><th colspan="3">Exception</th></tr><tr><td colspan="3"><div class="stacktrace">org.openqa.selenium.NoSuchElementException: no such element: Unable to locate element: {&quot;method&quot;:&quot;xpath&quot;,&quot;selector&quot;:&quot;//a[@href=&quot;/viewcart?exploreMode=true&amp;preference=GROCERY&quot;][1]&quot;}
  (Session info: chrome-headless-shell=124.0.6367.207)
For documentation on this error, please visit: https://www.selenium.dev/documentation/webdriver/troubleshooting/errors#no-such-element-exception
Build info: version: &apos;4.18.1&apos;, revision: &apos;b1d3319b48&apos;
System info: os.name: &apos;Windows 11&apos;, os.arch: &apos;amd64&apos;, os.version: &apos;10.0&apos;, java.version: &apos;17.0.10&apos;
Driver info: org.openqa.selenium.chrome.ChromeDriver
Command: [8fb4f29f09b8a1868b4dfa8694c6a433, findElement {value=//a[@href=&quot;/viewcart?exploreMode=true&amp;preference=GROCERY&quot;][1], using=xpath}]
Capabilities {acceptInsecureCerts: false, browserName: chrome-headless-shell, browserVersion: 124.0.6367.207, chrome: {chromedriverVersion: 124.0.6367.207 (a9001a6e39f..., userDataDir: C:\Users\VARUNB~1\AppData\L...}, fedcm:accounts: true, goog:chromeOptions: {debuggerAddress: localhost:52200}, networkConnectionEnabled: false, pageLoadStrategy: normal, platformName: windows, proxy: Proxy(), se:cdp: ws://localhost:52200/devtoo..., se:cdpVersion: 124.0.6367.207, setWindowRect: true, strictFileInteractability: false, timeouts: {implicit: 0, pageLoad: 300000, script: 30000}, unhandledPromptBehavior: dismiss and notify, webauthn:extension:credBlob: true, webauthn:extension:largeBlob: true, webauthn:extension:minPinLength: true, webauthn:extension:prf: true, webauthn:virtualAuthenticators: true}
Session ID: 8fb4f29f09b8a1868b4dfa8694c6a433
	at org.openqa.selenium.remote.ErrorCodec.decode(ErrorCodec.java:167)
	at org.openqa.selenium.remote.codec.w3c.W3CHttpResponseCodec.decode(W3CHttpResponseCodec.java:138)
	at org.openqa.selenium.remote.codec.w3c.W3CHttpResponseCodec.decode(W3CHttpResponseCodec.java:50)
	at org.openqa.selenium.remote.HttpCommandExecutor.execute(HttpCommandExecutor.java:190)
	at org.openqa.selenium.remote.service.DriverCommandExecutor.invokeExecute(DriverCommandExecutor.java:216)
	at org.openqa.selenium.remote.service.DriverCommandExecutor.execute(DriverCommandExecutor.java:174)
	at org.openqa.selenium.remote.RemoteWebDriver.execute(RemoteWebDriver.java:519)
	at org.openqa.selenium.remote.ElementLocation$ElementFinder$2.findElement(ElementLocation.java:165)
	at org.openqa.selenium.remote.ElementLocation.findElement(ElementLocation.java:59)
	at org.openqa.selenium.remote.RemoteWebDriver.findElement(RemoteWebDriver.java:356)
	at org.openqa.selenium.remote.RemoteWebDriver.findElement(RemoteWebDriver.java:350)
	at org.openqa.selenium.support.pagefactory.DefaultElementLocator.findElement(DefaultElementLocator.java:68)
	at org.openqa.selenium.support.pagefactory.internal.LocatingElementHandler.invoke(LocatingElementHandler.java:38)
	at jdk.proxy2/jdk.proxy2.$Proxy15.click(Unknown Source)
	at pages.FlipkartCheckCart.clickCartButton(FlipkartCheckCart.java:25)
	at tests.Test_FlipkartSite.checkMyCart(Test_FlipkartSite.java:438)
	at tests.Test_FlipkartSite.executeTestCase(Test_FlipkartSite.java:182)
	at java.base/java.util.ArrayList.forEach(ArrayList.java:1511)
	at java.base/java.util.concurrent.FutureTask.run(FutureTask.java:264)
	at java.base/java.util.concurrent.ThreadPoolExecutor.runWorker(ThreadPoolExecutor.java:1136)
	at java.base/java.util.concurrent.ThreadPoolExecutor$Worker.run(ThreadPoolExecutor.java:635)
	at java.base/java.lang.Thread.run(Thread.java:840)
... Removed 21 stack frames</div></td></tr></table><p class="totop"><a href="#summary">back to summary</a></p>
<h3 id="m41">tests.Test_FlipkartSite#executeTestCase</h3><table class="result"><tr class="param"><th>Parameter #1</th><th>Parameter #2</th><th>Parameter #3</th></tr><tr class="param stripe"><td>applyBrandFilter</td><td>Yes</td><td>org.testng.TestRunner@1013f878</td></tr><tr><th colspan="3">Exception</th></tr><tr><td colspan="3"><div class="stacktrace">org.openqa.selenium.ElementClickInterceptedException: element click intercepted: Element &lt;div class=&quot;XqNaEv&quot;&gt;&lt;/div&gt; is not clickable at point (31, 7). Other element would receive the click: &lt;div class=&quot;LOe-Xr&quot;&gt;&lt;/div&gt;
  (Session info: chrome-headless-shell=124.0.6367.207)
Build info: version: &apos;4.18.1&apos;, revision: &apos;b1d3319b48&apos;
System info: os.name: &apos;Windows 11&apos;, os.arch: &apos;amd64&apos;, os.version: &apos;10.0&apos;, java.version: &apos;17.0.10&apos;
Driver info: org.openqa.selenium.chrome.ChromeDriver
Command: [8fb4f29f09b8a1868b4dfa8694c6a433, clickElement {id=f.DE43EC8D7B9A86C2B310D848C71A60A7.d.5B07C4AEB3DB74352DA26DFF1EFEDC4B.e.312}]
Capabilities {acceptInsecureCerts: false, browserName: chrome-headless-shell, browserVersion: 124.0.6367.207, chrome: {chromedriverVersion: 124.0.6367.207 (a9001a6e39f..., userDataDir: C:\Users\VARUNB~1\AppData\L...}, fedcm:accounts: true, goog:chromeOptions: {debuggerAddress: localhost:52200}, networkConnectionEnabled: false, pageLoadStrategy: normal, platformName: windows, proxy: Proxy(), se:cdp: ws://localhost:52200/devtoo..., se:cdpVersion: 124.0.6367.207, setWindowRect: true, strictFileInteractability: false, timeouts: {implicit: 0, pageLoad: 300000, script: 30000}, unhandledPromptBehavior: dismiss and notify, webauthn:extension:credBlob: true, webauthn:extension:largeBlob: true, webauthn:extension:minPinLength: true, webauthn:extension:prf: true, webauthn:virtualAuthenticators: true}
Element: [[ChromeDriver: chrome-headless-shell on windows (8fb4f29f09b8a1868b4dfa8694c6a433)] -&gt; xpath: //div[text()=&apos;SAMSUNG&apos;]/preceding-sibling::div]
Session ID: 8fb4f29f09b8a1868b4dfa8694c6a433
	at org.openqa.selenium.remote.ErrorCodec.decode(ErrorCodec.java:167)
	at org.openqa.selenium.remote.codec.w3c.W3CHttpResponseCodec.decode(W3CHttpResponseCodec.java:138)
	at org.openqa.selenium.remote.codec.w3c.W3CHttpResponseCodec.decode(W3CHttpResponseCodec.java:50)
	at org.openqa.selenium.remote.HttpCommandExecutor.execute(HttpCommandExecutor.java:190)
	at org.openqa.selenium.remote.service.DriverCommandExecutor.invokeExecute(DriverCommandExecutor.java:216)
	at org.openqa.selenium.remote.service.DriverCommandExecutor.execute(DriverCommandExecutor.java:174)
	at org.openqa.selenium.remote.RemoteWebDriver.execute(RemoteWebDriver.java:519)
	at org.openqa.selenium.remote.RemoteWebElement.execute(RemoteWebElement.java:223)
	at org.openqa.selenium.remote.RemoteWebElement.click(RemoteWebElement.java:76)
	at org.openqa.selenium.support.pagefactory.internal.LocatingElementHandler.invoke(LocatingElementHandler.java:51)
	at jdk.proxy2/jdk.proxy2.$Proxy15.click(Unknown Source)
	at pages.FlipkartBrandFilters.brandFilter(FlipkartBrandFilters.java:34)
	at tests.Test_FlipkartSite.applyBrandFilter(Test_FlipkartSite.java:337)
	at tests.Test_FlipkartSite.executeTestCase(Test_FlipkartSite.java:154)
	at java.base/java.util.ArrayList.forEach(ArrayList.java:1511)
	at java.base/java.util.concurrent.FutureTask.run(FutureTask.java:264)
	at java.base/java.util.concurrent.ThreadPoolExecutor.runWorker(ThreadPoolExecutor.java:1136)
	at java.base/java.util.concurrent.ThreadPoolExecutor$Worker.run(ThreadPoolExecutor.java:635)
	at java.base/java.lang.Thread.run(Thread.java:840)
... Removed 24 stack frames</div></td></tr></table><p class="totop"><a href="#summary">back to summary</a></p>
<h3 id="m42">tests.Test_FlipkartSite#executeTestCase</h3><table class="result"><tr class="param"><th>Parameter #1</th><th>Parameter #2</th><th>Parameter #3</th></tr><tr class="param stripe"><td>registerUser</td><td>Yes</td><td>org.testng.TestRunner@1013f878</td></tr><tr><th colspan="3">Exception</th></tr><tr><td colspan="3"><div class="stacktrace">org.openqa.selenium.NoSuchElementException: no such element: Unable to locate element: {&quot;method&quot;:&quot;xpath&quot;,&quot;selector&quot;:&quot;//div[text()=&quot;Sign Up&quot;]&quot;}
  (Session info: chrome-headless-shell=124.0.6367.207)
For documentation on this error, please visit: https://www.selenium.dev/documentation/webdriver/troubleshooting/errors#no-such-element-exception
Build info: version: &apos;4.18.1&apos;, revision: &apos;b1d3319b48&apos;
System info: os.name: &apos;Windows 11&apos;, os.arch: &apos;amd64&apos;, os.version: &apos;10.0&apos;, java.version: &apos;17.0.10&apos;
Driver info: org.openqa.selenium.chrome.ChromeDriver
Command: [8fb4f29f09b8a1868b4dfa8694c6a433, findElement {value=//div[text()=&quot;Sign Up&quot;], using=xpath}]
Capabilities {acceptInsecureCerts: false, browserName: chrome-headless-shell, browserVersion: 124.0.6367.207, chrome: {chromedriverVersion: 124.0.6367.207 (a9001a6e39f..., userDataDir: C:\Users\VARUNB~1\AppData\L...}, fedcm:accounts: true, goog:chromeOptions: {debuggerAddress: localhost:52200}, networkConnectionEnabled: false, pageLoadStrategy: normal, platformName: windows, proxy: Proxy(), se:cdp: ws://localhost:52200/devtoo..., se:cdpVersion: 124.0.6367.207, setWindowRect: true, strictFileInteractability: false, timeouts: {implicit: 0, pageLoad: 300000, script: 30000}, unhandledPromptBehavior: dismiss and notify, webauthn:extension:credBlob: true, webauthn:extension:largeBlob: true, webauthn:extension:minPinLength: true, webauthn:extension:prf: true, webauthn:virtualAuthenticators: true}
Session ID: 8fb4f29f09b8a1868b4dfa8694c6a433
	at org.openqa.selenium.remote.ErrorCodec.decode(ErrorCodec.java:167)
	at org.openqa.selenium.remote.codec.w3c.W3CHttpResponseCodec.decode(W3CHttpResponseCodec.java:138)
	at org.openqa.selenium.remote.codec.w3c.W3CHttpResponseCodec.decode(W3CHttpResponseCodec.java:50)
	at org.openqa.selenium.remote.HttpCommandExecutor.execute(HttpCommandExecutor.java:190)
	at org.openqa.selenium.remote.service.DriverCommandExecutor.invokeExecute(DriverCommandExecutor.java:216)
	at org.openqa.selenium.remote.service.DriverCommandExecutor.execute(DriverCommandExecutor.java:174)
	at org.openqa.selenium.remote.RemoteWebDriver.execute(RemoteWebDriver.java:519)
	at org.openqa.selenium.remote.ElementLocation$ElementFinder$2.findElement(ElementLocation.java:165)
	at org.openqa.selenium.remote.ElementLocation.findElement(ElementLocation.java:59)
	at org.openqa.selenium.remote.RemoteWebDriver.findElement(RemoteWebDriver.java:356)
	at org.openqa.selenium.remote.RemoteWebDriver.findElement(RemoteWebDriver.java:350)
	at org.openqa.selenium.support.pagefactory.DefaultElementLocator.findElement(DefaultElementLocator.java:68)
	at org.openqa.selenium.support.pagefactory.internal.LocatingElementHandler.invoke(LocatingElementHandler.java:38)
	at jdk.proxy2/jdk.proxy2.$Proxy15.click(Unknown Source)
	at pages.FlipkartRegister.handleActionChain(FlipkartRegister.java:39)
	at tests.Test_FlipkartSite.registerUser(Test_FlipkartSite.java:477)
	at tests.Test_FlipkartSite.executeTestCase(Test_FlipkartSite.java:190)
	at java.base/java.util.ArrayList.forEach(ArrayList.java:1511)
	at java.base/java.util.concurrent.FutureTask.run(FutureTask.java:264)
	at java.base/java.util.concurrent.ThreadPoolExecutor.runWorker(ThreadPoolExecutor.java:1136)
	at java.base/java.util.concurrent.ThreadPoolExecutor$Worker.run(ThreadPoolExecutor.java:635)
	at java.base/java.lang.Thread.run(Thread.java:840)
... Removed 21 stack frames</div></td></tr></table><p class="totop"><a href="#summary">back to summary</a></p>
<h3 id="m43">tests.Test_FlipkartSite#executeTestCase</h3><table class="result"><tr class="param"><th>Parameter #1</th><th>Parameter #2</th><th>Parameter #3</th></tr><tr class="param stripe"><td>checkLogin</td><td>Yes</td><td>org.testng.TestRunner@1013f878</td></tr><tr><th colspan="3">Exception</th></tr><tr><td colspan="3"><div class="stacktrace">com.mailosaur.MailosaurException: No matching messages found in time. By default, only messages received in the last hour are checked (use receivedAfter to override this).
	at com.mailosaur.Messages.search(Messages.java:345)
	at com.mailosaur.Messages.get(Messages.java:55)
	at pages.FlipkartLoginPage.generateOTP(FlipkartLoginPage.java:84)
	at tests.Test_FlipkartSite.checkLogin(Test_FlipkartSite.java:505)
	at tests.Test_FlipkartSite.executeTestCase(Test_FlipkartSite.java:194)
	at java.base/java.util.ArrayList.forEach(ArrayList.java:1511)
	at java.base/java.util.concurrent.FutureTask.run(FutureTask.java:264)
	at java.base/java.util.concurrent.ThreadPoolExecutor.runWorker(ThreadPoolExecutor.java:1136)
	at java.base/java.util.concurrent.ThreadPoolExecutor$Worker.run(ThreadPoolExecutor.java:635)
	at java.base/java.lang.Thread.run(Thread.java:840)
... Removed 16 stack frames</div></td></tr></table><p class="totop"><a href="#summary">back to summary</a></p>
<h3 id="m44">tests.Test_FlipkartSite#executeTestCase</h3><table class="result"><tr class="param"><th>Parameter #1</th><th>Parameter #2</th><th>Parameter #3</th></tr><tr class="param stripe"><td>applyBatteryCapacityFilter</td><td>No</td><td>org.testng.TestRunner@1013f878</td></tr></table><p class="totop"><a href="#summary">back to summary</a></p>
<h3 id="m45">tests.Test_FlipkartSite#executeTestCase</h3><table class="result"><tr class="param"><th>Parameter #1</th><th>Parameter #2</th><th>Parameter #3</th></tr><tr class="param stripe"><td>checkProductImages</td><td>Yes</td><td>org.testng.TestRunner@1013f878</td></tr></table><p class="totop"><a href="#summary">back to summary</a></p>
<h3 id="m46">tests.Test_FlipkartSite#executeTestCase</h3><table class="result"><tr class="param"><th>Parameter #1</th><th>Parameter #2</th><th>Parameter #3</th></tr><tr class="param stripe"><td>addToCart</td><td>Yes</td><td>org.testng.TestRunner@1013f878</td></tr></table><p class="totop"><a href="#summary">back to summary</a></p>
<h3 id="m47">tests.Test_FlipkartSite#executeTestCase</h3><table class="result"><tr class="param"><th>Parameter #1</th><th>Parameter #2</th><th>Parameter #3</th></tr><tr class="param stripe"><td>applyRatingFilter</td><td>Yes</td><td>org.testng.TestRunner@1013f878</td></tr></table><p class="totop"><a href="#summary">back to summary</a></p>
<h3 id="m48">tests.Test_FlipkartSite#executeTestCase</h3><table class="result"><tr class="param"><th>Parameter #1</th><th>Parameter #2</th><th>Parameter #3</th></tr><tr class="param stripe"><td>checkOfferZone</td><td>Yes</td><td>org.testng.TestRunner@1013f878</td></tr></table><p class="totop"><a href="#summary">back to summary</a></p>
<h3 id="m49">tests.Test_FlipkartSite#executeTestCase</h3><table class="result"><tr class="param"><th>Parameter #1</th><th>Parameter #2</th><th>Parameter #3</th></tr><tr class="param stripe"><td>checkGrocerySection</td><td>No</td><td>org.testng.TestRunner@1013f878</td></tr></table><p class="totop"><a href="#summary">back to summary</a></p>
<h3 id="m50">tests.Test_FlipkartSite#executeTestCase</h3><table class="result"><tr class="param"><th>Parameter #1</th><th>Parameter #2</th><th>Parameter #3</th></tr><tr class="param stripe"><td>changingPinCode</td><td>Yes</td><td>org.testng.TestRunner@1013f878</td></tr></table><p class="totop"><a href="#summary">back to summary</a></p>
<h3 id="m51">tests.Test_FlipkartSite#executeTestCase</h3><table class="result"><tr class="param"><th>Parameter #1</th><th>Parameter #2</th><th>Parameter #3</th></tr><tr class="param stripe"><td>applyPriceFilter</td><td>Yes</td><td>org.testng.TestRunner@1013f878</td></tr></table><p class="totop"><a href="#summary">back to summary</a></p>
<h3 id="m52">tests.Test_FlipkartSite#executeTestCase</h3><table class="result"><tr class="param"><th>Parameter #1</th><th>Parameter #2</th><th>Parameter #3</th></tr><tr class="param stripe"><td>checkFlights</td><td>Yes</td><td>org.testng.TestRunner@1013f878</td></tr></table><p class="totop"><a href="#summary">back to summary</a></p>
<h3 id="m53">tests.Test_FlipkartSite#executeTestCase</h3><table class="result"><tr class="param"><th>Parameter #1</th><th>Parameter #2</th><th>Parameter #3</th></tr><tr class="param stripe"><td>checkMenApparel</td><td>Yes</td><td>org.testng.TestRunner@1013f878</td></tr></table><p class="totop"><a href="#summary">back to summary</a></p>
<h3 id="m54">tests.Test_FlipkartSite#executeTestCase</h3><table class="result"><tr class="param"><th>Parameter #1</th><th>Parameter #2</th><th>Parameter #3</th></tr><tr class="param stripe"><td>searchProduct</td><td>Yes</td><td>org.testng.TestRunner@1013f878</td></tr></table><p class="totop"><a href="#summary">back to summary</a></p>
<h3 id="m55">tests.Test_FlipkartSite#executeTestCase</h3><table class="result"><tr class="param"><th>Parameter #1</th><th>Parameter #2</th><th>Parameter #3</th></tr><tr class="param stripe"><td>getFlipkartSite</td><td>Yes</td><td>org.testng.TestRunner@1013f878</td></tr></table><p class="totop"><a href="#summary">back to summary</a></p>
<h3 id="m56">tests.Test_FlipkartSite#executeTestCase</h3><table class="result"><tr class="param"><th>Parameter #1</th><th>Parameter #2</th><th>Parameter #3</th></tr><tr class="param stripe"><td>checkFurniture</td><td>No</td><td>org.testng.TestRunner@1013f878</td></tr></table><p class="totop"><a href="#summary">back to summary</a></p>
<h3 id="m57">tests.Test_FlipkartSite#executeTestCase</h3><table class="result"><tr class="param"><th>Parameter #1</th><th>Parameter #2</th><th>Parameter #3</th></tr><tr class="param stripe"><td>placeOrder</td><td>Yes</td><td>org.testng.TestRunner@1013f878</td></tr></table><p class="totop"><a href="#summary">back to summary</a></p>
<h3 id="m58">tests.Test_FlipkartSite#executeTestCase</h3><table class="result"><tr class="param"><th>Parameter #1</th><th>Parameter #2</th><th>Parameter #3</th></tr><tr class="param stripe"><td>clickOnProduct</td><td>No</td><td>org.testng.TestRunner@1013f878</td></tr></table><p class="totop"><a href="#summary">back to summary</a></p>
<h3 id="m59">tests.Test_FlipkartSite#executeTestCase</h3><table class="result"><tr class="param"><th>Parameter #1</th><th>Parameter #2</th><th>Parameter #3</th></tr><tr class="param stripe"><td>sortProduct</td><td>Yes</td><td>org.testng.TestRunner@1013f878</td></tr></table><p class="totop"><a href="#summary">back to summary</a></p>
<h2>FirefoxTest</h2><h3 id="m60">tests.Test_FlipkartSite#executeTestCase</h3><table class="result"><tr class="param"><th>Parameter #1</th><th>Parameter #2</th><th>Parameter #3</th></tr><tr class="param stripe"><td>checkMyCart</td><td>Yes</td><td>org.testng.TestRunner@dc58a56</td></tr><tr><th colspan="3">Exception</th></tr><tr><td colspan="3"><div class="stacktrace">org.openqa.selenium.NoSuchElementException: Unable to locate element: //a[@href=&quot;/viewcart?exploreMode=true&amp;preference=GROCERY&quot;][1]
For documentation on this error, please visit: https://www.selenium.dev/documentation/webdriver/troubleshooting/errors#no-such-element-exception
Build info: version: &apos;4.18.1&apos;, revision: &apos;b1d3319b48&apos;
System info: os.name: &apos;Windows 11&apos;, os.arch: &apos;amd64&apos;, os.version: &apos;10.0&apos;, java.version: &apos;17.0.10&apos;
Driver info: org.openqa.selenium.firefox.FirefoxDriver
Command: [45235e6e-8534-45d1-8f4e-3fcf5abfb825, findElement {value=//a[@href=&quot;/viewcart?exploreMode=true&amp;preference=GROCERY&quot;][1], using=xpath}]
Capabilities {acceptInsecureCerts: true, browserName: firefox, browserVersion: 125.0.3, moz:accessibilityChecks: false, moz:buildID: 20240425211020, moz:debuggerAddress: 127.0.0.1:39656, moz:geckodriverVersion: 0.34.0, moz:headless: false, moz:platformVersion: 10.0, moz:processID: 40684, moz:profile: C:\Users\VARUNB~1\AppData\L..., moz:shutdownTimeout: 60000, moz:webdriverClick: true, moz:windowless: false, pageLoadStrategy: normal, platformName: windows, proxy: Proxy(), se:cdp: ws://127.0.0.1:39656/devtoo..., se:cdpVersion: 85.0, setWindowRect: true, strictFileInteractability: false, timeouts: {implicit: 0, pageLoad: 300000, script: 30000}, unhandledPromptBehavior: dismiss and notify, userAgent: Mozilla/5.0 (Windows NT 10....}
Session ID: 45235e6e-8534-45d1-8f4e-3fcf5abfb825
	at org.openqa.selenium.remote.ErrorCodec.decode(ErrorCodec.java:167)
	at org.openqa.selenium.remote.codec.w3c.W3CHttpResponseCodec.decode(W3CHttpResponseCodec.java:138)
	at org.openqa.selenium.remote.codec.w3c.W3CHttpResponseCodec.decode(W3CHttpResponseCodec.java:50)
	at org.openqa.selenium.remote.HttpCommandExecutor.execute(HttpCommandExecutor.java:190)
	at org.openqa.selenium.remote.service.DriverCommandExecutor.invokeExecute(DriverCommandExecutor.java:216)
	at org.openqa.selenium.remote.service.DriverCommandExecutor.execute(DriverCommandExecutor.java:174)
	at org.openqa.selenium.remote.RemoteWebDriver.execute(RemoteWebDriver.java:519)
	at org.openqa.selenium.remote.ElementLocation$ElementFinder$2.findElement(ElementLocation.java:165)
	at org.openqa.selenium.remote.ElementLocation.findElement(ElementLocation.java:59)
	at org.openqa.selenium.remote.RemoteWebDriver.findElement(RemoteWebDriver.java:356)
	at org.openqa.selenium.remote.RemoteWebDriver.findElement(RemoteWebDriver.java:350)
	at org.openqa.selenium.support.pagefactory.DefaultElementLocator.findElement(DefaultElementLocator.java:68)
	at org.openqa.selenium.support.pagefactory.internal.LocatingElementHandler.invoke(LocatingElementHandler.java:38)
	at jdk.proxy2/jdk.proxy2.$Proxy15.click(Unknown Source)
	at pages.FlipkartCheckCart.clickCartButton(FlipkartCheckCart.java:25)
	at tests.Test_FlipkartSite.checkMyCart(Test_FlipkartSite.java:438)
	at tests.Test_FlipkartSite.executeTestCase(Test_FlipkartSite.java:182)
	at java.base/java.util.ArrayList.forEach(ArrayList.java:1511)
	at java.base/java.util.concurrent.FutureTask.run(FutureTask.java:264)
	at java.base/java.util.concurrent.ThreadPoolExecutor.runWorker(ThreadPoolExecutor.java:1136)
	at java.base/java.util.concurrent.ThreadPoolExecutor$Worker.run(ThreadPoolExecutor.java:635)
	at java.base/java.lang.Thread.run(Thread.java:840)
... Removed 21 stack frames</div></td></tr></table><p class="totop"><a href="#summary">back to summary</a></p>
<h3 id="m61">tests.Test_FlipkartSite#executeTestCase</h3><table class="result"><tr class="param"><th>Parameter #1</th><th>Parameter #2</th><th>Parameter #3</th></tr><tr class="param stripe"><td>registerUser</td><td>Yes</td><td>org.testng.TestRunner@dc58a56</td></tr><tr><th colspan="3">Exception</th></tr><tr><td colspan="3"><div class="stacktrace">org.openqa.selenium.NoSuchElementException: Unable to locate element: //span[text()=&quot;Enter OTP&quot;]
For documentation on this error, please visit: https://www.selenium.dev/documentation/webdriver/troubleshooting/errors#no-such-element-exception
Build info: version: &apos;4.18.1&apos;, revision: &apos;b1d3319b48&apos;
System info: os.name: &apos;Windows 11&apos;, os.arch: &apos;amd64&apos;, os.version: &apos;10.0&apos;, java.version: &apos;17.0.10&apos;
Driver info: org.openqa.selenium.firefox.FirefoxDriver
Command: [45235e6e-8534-45d1-8f4e-3fcf5abfb825, findElement {value=//span[text()=&quot;Enter OTP&quot;], using=xpath}]
Capabilities {acceptInsecureCerts: true, browserName: firefox, browserVersion: 125.0.3, moz:accessibilityChecks: false, moz:buildID: 20240425211020, moz:debuggerAddress: 127.0.0.1:39656, moz:geckodriverVersion: 0.34.0, moz:headless: false, moz:platformVersion: 10.0, moz:processID: 40684, moz:profile: C:\Users\VARUNB~1\AppData\L..., moz:shutdownTimeout: 60000, moz:webdriverClick: true, moz:windowless: false, pageLoadStrategy: normal, platformName: windows, proxy: Proxy(), se:cdp: ws://127.0.0.1:39656/devtoo..., se:cdpVersion: 85.0, setWindowRect: true, strictFileInteractability: false, timeouts: {implicit: 0, pageLoad: 300000, script: 30000}, unhandledPromptBehavior: dismiss and notify, userAgent: Mozilla/5.0 (Windows NT 10....}
Session ID: 45235e6e-8534-45d1-8f4e-3fcf5abfb825
	at org.openqa.selenium.remote.ErrorCodec.decode(ErrorCodec.java:167)
	at org.openqa.selenium.remote.codec.w3c.W3CHttpResponseCodec.decode(W3CHttpResponseCodec.java:138)
	at org.openqa.selenium.remote.codec.w3c.W3CHttpResponseCodec.decode(W3CHttpResponseCodec.java:50)
	at org.openqa.selenium.remote.HttpCommandExecutor.execute(HttpCommandExecutor.java:190)
	at org.openqa.selenium.remote.service.DriverCommandExecutor.invokeExecute(DriverCommandExecutor.java:216)
	at org.openqa.selenium.remote.service.DriverCommandExecutor.execute(DriverCommandExecutor.java:174)
	at org.openqa.selenium.remote.RemoteWebDriver.execute(RemoteWebDriver.java:519)
	at org.openqa.selenium.remote.ElementLocation$ElementFinder$2.findElement(ElementLocation.java:165)
	at org.openqa.selenium.remote.ElementLocation.findElement(ElementLocation.java:59)
	at org.openqa.selenium.remote.RemoteWebDriver.findElement(RemoteWebDriver.java:356)
	at org.openqa.selenium.remote.RemoteWebDriver.findElement(RemoteWebDriver.java:350)
	at org.openqa.selenium.support.pagefactory.DefaultElementLocator.findElement(DefaultElementLocator.java:68)
	at org.openqa.selenium.support.pagefactory.internal.LocatingElementHandler.invoke(LocatingElementHandler.java:38)
	at jdk.proxy2/jdk.proxy2.$Proxy15.sendKeys(Unknown Source)
	at pages.FlipkartRegister.enterOTP(FlipkartRegister.java:55)
	at tests.Test_FlipkartSite.registerUser(Test_FlipkartSite.java:481)
	at tests.Test_FlipkartSite.executeTestCase(Test_FlipkartSite.java:190)
	at java.base/java.util.ArrayList.forEach(ArrayList.java:1511)
	at java.base/java.util.concurrent.FutureTask.run(FutureTask.java:264)
	at java.base/java.util.concurrent.ThreadPoolExecutor.runWorker(ThreadPoolExecutor.java:1136)
	at java.base/java.util.concurrent.ThreadPoolExecutor$Worker.run(ThreadPoolExecutor.java:635)
	at java.base/java.lang.Thread.run(Thread.java:840)
... Removed 21 stack frames</div></td></tr></table><p class="totop"><a href="#summary">back to summary</a></p>
<h3 id="m62">tests.Test_FlipkartSite#executeTestCase</h3><table class="result"><tr class="param"><th>Parameter #1</th><th>Parameter #2</th><th>Parameter #3</th></tr><tr class="param stripe"><td>applyBrandFilter</td><td>Yes</td><td>org.testng.TestRunner@dc58a56</td></tr><tr><th colspan="3">Exception</th></tr><tr><td colspan="3"><div class="stacktrace">org.openqa.selenium.ElementClickInterceptedException: Element &lt;div class=&quot;XqNaEv&quot;&gt; is not clickable at point (31,7) because another element &lt;div class=&quot;LOe-Xr&quot;&gt; obscures it
Build info: version: &apos;4.18.1&apos;, revision: &apos;b1d3319b48&apos;
System info: os.name: &apos;Windows 11&apos;, os.arch: &apos;amd64&apos;, os.version: &apos;10.0&apos;, java.version: &apos;17.0.10&apos;
Driver info: org.openqa.selenium.firefox.FirefoxDriver
Command: [45235e6e-8534-45d1-8f4e-3fcf5abfb825, clickElement {id=9dd73eaf-3035-4e2e-bca1-6e8b9b5baf86}]
Capabilities {acceptInsecureCerts: true, browserName: firefox, browserVersion: 125.0.3, moz:accessibilityChecks: false, moz:buildID: 20240425211020, moz:debuggerAddress: 127.0.0.1:39656, moz:geckodriverVersion: 0.34.0, moz:headless: false, moz:platformVersion: 10.0, moz:processID: 40684, moz:profile: C:\Users\VARUNB~1\AppData\L..., moz:shutdownTimeout: 60000, moz:webdriverClick: true, moz:windowless: false, pageLoadStrategy: normal, platformName: windows, proxy: Proxy(), se:cdp: ws://127.0.0.1:39656/devtoo..., se:cdpVersion: 85.0, setWindowRect: true, strictFileInteractability: false, timeouts: {implicit: 0, pageLoad: 300000, script: 30000}, unhandledPromptBehavior: dismiss and notify, userAgent: Mozilla/5.0 (Windows NT 10....}
Element: [[FirefoxDriver: firefox on windows (45235e6e-8534-45d1-8f4e-3fcf5abfb825)] -&gt; xpath: //div[text()=&apos;SAMSUNG&apos;]/preceding-sibling::div]
Session ID: 45235e6e-8534-45d1-8f4e-3fcf5abfb825
	at org.openqa.selenium.remote.ErrorCodec.decode(ErrorCodec.java:167)
	at org.openqa.selenium.remote.codec.w3c.W3CHttpResponseCodec.decode(W3CHttpResponseCodec.java:138)
	at org.openqa.selenium.remote.codec.w3c.W3CHttpResponseCodec.decode(W3CHttpResponseCodec.java:50)
	at org.openqa.selenium.remote.HttpCommandExecutor.execute(HttpCommandExecutor.java:190)
	at org.openqa.selenium.remote.service.DriverCommandExecutor.invokeExecute(DriverCommandExecutor.java:216)
	at org.openqa.selenium.remote.service.DriverCommandExecutor.execute(DriverCommandExecutor.java:174)
	at org.openqa.selenium.remote.RemoteWebDriver.execute(RemoteWebDriver.java:519)
	at org.openqa.selenium.remote.RemoteWebElement.execute(RemoteWebElement.java:223)
	at org.openqa.selenium.remote.RemoteWebElement.click(RemoteWebElement.java:76)
	at org.openqa.selenium.support.pagefactory.internal.LocatingElementHandler.invoke(LocatingElementHandler.java:51)
	at jdk.proxy2/jdk.proxy2.$Proxy15.click(Unknown Source)
	at pages.FlipkartBrandFilters.brandFilter(FlipkartBrandFilters.java:34)
	at tests.Test_FlipkartSite.applyBrandFilter(Test_FlipkartSite.java:337)
	at tests.Test_FlipkartSite.executeTestCase(Test_FlipkartSite.java:154)
	at java.base/java.util.ArrayList.forEach(ArrayList.java:1511)
	at java.base/java.util.concurrent.FutureTask.run(FutureTask.java:264)
	at java.base/java.util.concurrent.ThreadPoolExecutor.runWorker(ThreadPoolExecutor.java:1136)
	at java.base/java.util.concurrent.ThreadPoolExecutor$Worker.run(ThreadPoolExecutor.java:635)
	at java.base/java.lang.Thread.run(Thread.java:840)
... Removed 24 stack frames</div></td></tr></table><p class="totop"><a href="#summary">back to summary</a></p>
<h3 id="m63">tests.Test_FlipkartSite#executeTestCase</h3><table class="result"><tr class="param"><th>Parameter #1</th><th>Parameter #2</th><th>Parameter #3</th></tr><tr class="param stripe"><td>checkFlights</td><td>Yes</td><td>org.testng.TestRunner@dc58a56</td></tr><tr><th colspan="3">Exception</th></tr><tr><td colspan="3"><div class="stacktrace">org.openqa.selenium.StaleElementReferenceException: The element with the reference 3f18dbee-ad97-49b1-b743-0e6489d1c139 is stale; either its node document is not the active document, or it is no longer connected to the DOM
For documentation on this error, please visit: https://www.selenium.dev/documentation/webdriver/troubleshooting/errors#stale-element-reference-exception
Build info: version: &apos;4.18.1&apos;, revision: &apos;b1d3319b48&apos;
System info: os.name: &apos;Windows 11&apos;, os.arch: &apos;amd64&apos;, os.version: &apos;10.0&apos;, java.version: &apos;17.0.10&apos;
Driver info: org.openqa.selenium.firefox.FirefoxDriver
Command: [45235e6e-8534-45d1-8f4e-3fcf5abfb825, getElementText {id=3f18dbee-ad97-49b1-b743-0e6489d1c139}]
Capabilities {acceptInsecureCerts: true, browserName: firefox, browserVersion: 125.0.3, moz:accessibilityChecks: false, moz:buildID: 20240425211020, moz:debuggerAddress: 127.0.0.1:39656, moz:geckodriverVersion: 0.34.0, moz:headless: false, moz:platformVersion: 10.0, moz:processID: 40684, moz:profile: C:\Users\VARUNB~1\AppData\L..., moz:shutdownTimeout: 60000, moz:webdriverClick: true, moz:windowless: false, pageLoadStrategy: normal, platformName: windows, proxy: Proxy(), se:cdp: ws://127.0.0.1:39656/devtoo..., se:cdpVersion: 85.0, setWindowRect: true, strictFileInteractability: false, timeouts: {implicit: 0, pageLoad: 300000, script: 30000}, unhandledPromptBehavior: dismiss and notify, userAgent: Mozilla/5.0 (Windows NT 10....}
Element: [[FirefoxDriver: firefox on windows (45235e6e-8534-45d1-8f4e-3fcf5abfb825)] -&gt; css selector: div._98hP1j span]
Session ID: 45235e6e-8534-45d1-8f4e-3fcf5abfb825
	at org.openqa.selenium.remote.ErrorCodec.decode(ErrorCodec.java:167)
	at org.openqa.selenium.remote.codec.w3c.W3CHttpResponseCodec.decode(W3CHttpResponseCodec.java:138)
	at org.openqa.selenium.remote.codec.w3c.W3CHttpResponseCodec.decode(W3CHttpResponseCodec.java:50)
	at org.openqa.selenium.remote.HttpCommandExecutor.execute(HttpCommandExecutor.java:190)
	at org.openqa.selenium.remote.service.DriverCommandExecutor.invokeExecute(DriverCommandExecutor.java:216)
	at org.openqa.selenium.remote.service.DriverCommandExecutor.execute(DriverCommandExecutor.java:174)
	at org.openqa.selenium.remote.RemoteWebDriver.execute(RemoteWebDriver.java:519)
	at org.openqa.selenium.remote.RemoteWebElement.execute(RemoteWebElement.java:223)
	at org.openqa.selenium.remote.RemoteWebElement.getText(RemoteWebElement.java:191)
	at pages.FlipkartFlightPage.selectCity(FlipkartFlightPage.java:42)
	at tests.Test_FlipkartSite.checkFlights(Test_FlipkartSite.java:461)
	at tests.Test_FlipkartSite.executeTestCase(Test_FlipkartSite.java:186)
	at java.base/java.util.ArrayList.forEach(ArrayList.java:1511)
	at java.base/java.util.concurrent.FutureTask.run(FutureTask.java:264)
	at java.base/java.util.concurrent.ThreadPoolExecutor.runWorker(ThreadPoolExecutor.java:1136)
	at java.base/java.util.concurrent.ThreadPoolExecutor$Worker.run(ThreadPoolExecutor.java:635)
	at java.base/java.lang.Thread.run(Thread.java:840)
... Removed 21 stack frames</div></td></tr></table><p class="totop"><a href="#summary">back to summary</a></p>
<h3 id="m64">tests.Test_FlipkartSite#executeTestCase</h3><table class="result"><tr class="param"><th>Parameter #1</th><th>Parameter #2</th><th>Parameter #3</th></tr><tr class="param stripe"><td>checkMenApparel</td><td>Yes</td><td>org.testng.TestRunner@dc58a56</td></tr><tr><th colspan="3">Exception</th></tr><tr><td colspan="3"><div class="stacktrace">org.openqa.selenium.interactions.MoveTargetOutOfBoundsException: Move target (373, -219) is out of bounds of viewport dimensions (1280, 587)
Build info: version: &apos;4.18.1&apos;, revision: &apos;b1d3319b48&apos;
System info: os.name: &apos;Windows 11&apos;, os.arch: &apos;amd64&apos;, os.version: &apos;10.0&apos;, java.version: &apos;17.0.10&apos;
Driver info: org.openqa.selenium.firefox.FirefoxDriver
Command: [45235e6e-8534-45d1-8f4e-3fcf5abfb825, actions {actions=[org.openqa.selenium.interactions.Sequence@65867872]}]
Capabilities {acceptInsecureCerts: true, browserName: firefox, browserVersion: 125.0.3, moz:accessibilityChecks: false, moz:buildID: 20240425211020, moz:debuggerAddress: 127.0.0.1:39656, moz:geckodriverVersion: 0.34.0, moz:headless: false, moz:platformVersion: 10.0, moz:processID: 40684, moz:profile: C:\Users\VARUNB~1\AppData\L..., moz:shutdownTimeout: 60000, moz:webdriverClick: true, moz:windowless: false, pageLoadStrategy: normal, platformName: windows, proxy: Proxy(), se:cdp: ws://127.0.0.1:39656/devtoo..., se:cdpVersion: 85.0, setWindowRect: true, strictFileInteractability: false, timeouts: {implicit: 0, pageLoad: 300000, script: 30000}, unhandledPromptBehavior: dismiss and notify, userAgent: Mozilla/5.0 (Windows NT 10....}
Session ID: 45235e6e-8534-45d1-8f4e-3fcf5abfb825
	at org.openqa.selenium.remote.ErrorCodec.decode(ErrorCodec.java:167)
	at org.openqa.selenium.remote.codec.w3c.W3CHttpResponseCodec.decode(W3CHttpResponseCodec.java:138)
	at org.openqa.selenium.remote.codec.w3c.W3CHttpResponseCodec.decode(W3CHttpResponseCodec.java:50)
	at org.openqa.selenium.remote.HttpCommandExecutor.execute(HttpCommandExecutor.java:190)
	at org.openqa.selenium.remote.service.DriverCommandExecutor.invokeExecute(DriverCommandExecutor.java:216)
	at org.openqa.selenium.remote.service.DriverCommandExecutor.execute(DriverCommandExecutor.java:174)
	at org.openqa.selenium.remote.RemoteWebDriver.execute(RemoteWebDriver.java:519)
	at org.openqa.selenium.remote.RemoteWebDriver.perform(RemoteWebDriver.java:605)
	at org.openqa.selenium.interactions.Actions$BuiltAction.perform(Actions.java:603)
	at org.openqa.selenium.interactions.Actions.perform(Actions.java:568)
	at pages.FlipkartMenApparel.handleMenApparelAction(FlipkartMenApparel.java:30)
	at tests.Test_FlipkartSite.checkMenApparel(Test_FlipkartSite.java:370)
	at tests.Test_FlipkartSite.executeTestCase(Test_FlipkartSite.java:166)
	at java.base/java.util.ArrayList.forEach(ArrayList.java:1511)
	at java.base/java.util.concurrent.FutureTask.run(FutureTask.java:264)
	at java.base/java.util.concurrent.ThreadPoolExecutor.runWorker(ThreadPoolExecutor.java:1136)
	at java.base/java.util.concurrent.ThreadPoolExecutor$Worker.run(ThreadPoolExecutor.java:635)
	at java.base/java.lang.Thread.run(Thread.java:840)
... Removed 21 stack frames</div></td></tr></table><p class="totop"><a href="#summary">back to summary</a></p>
<h3 id="m65">tests.Test_FlipkartSite#executeTestCase</h3><table class="result"><tr class="param"><th>Parameter #1</th><th>Parameter #2</th><th>Parameter #3</th></tr><tr class="param stripe"><td>checkLogin</td><td>Yes</td><td>org.testng.TestRunner@dc58a56</td></tr><tr><th colspan="3">Exception</th></tr><tr><td colspan="3"><div class="stacktrace">com.mailosaur.MailosaurException: No matching messages found in time. By default, only messages received in the last hour are checked (use receivedAfter to override this).
	at com.mailosaur.Messages.search(Messages.java:345)
	at com.mailosaur.Messages.get(Messages.java:55)
	at pages.FlipkartLoginPage.generateOTP(FlipkartLoginPage.java:84)
	at tests.Test_FlipkartSite.checkLogin(Test_FlipkartSite.java:505)
	at tests.Test_FlipkartSite.executeTestCase(Test_FlipkartSite.java:194)
	at java.base/java.util.ArrayList.forEach(ArrayList.java:1511)
	at java.base/java.util.concurrent.FutureTask.run(FutureTask.java:264)
	at java.base/java.util.concurrent.ThreadPoolExecutor.runWorker(ThreadPoolExecutor.java:1136)
	at java.base/java.util.concurrent.ThreadPoolExecutor$Worker.run(ThreadPoolExecutor.java:635)
	at java.base/java.lang.Thread.run(Thread.java:840)
... Removed 16 stack frames</div></td></tr></table><p class="totop"><a href="#summary">back to summary</a></p>
<h3 id="m66">tests.Test_FlipkartSite#executeTestCase</h3><table class="result"><tr class="param"><th>Parameter #1</th><th>Parameter #2</th><th>Parameter #3</th></tr><tr class="param stripe"><td>changingPinCode</td><td>Yes</td><td>org.testng.TestRunner@dc58a56</td></tr></table><p class="totop"><a href="#summary">back to summary</a></p>
<h3 id="m67">tests.Test_FlipkartSite#executeTestCase</h3><table class="result"><tr class="param"><th>Parameter #1</th><th>Parameter #2</th><th>Parameter #3</th></tr><tr class="param stripe"><td>clickOnProduct</td><td>No</td><td>org.testng.TestRunner@dc58a56</td></tr></table><p class="totop"><a href="#summary">back to summary</a></p>
<h3 id="m68">tests.Test_FlipkartSite#executeTestCase</h3><table class="result"><tr class="param"><th>Parameter #1</th><th>Parameter #2</th><th>Parameter #3</th></tr><tr class="param stripe"><td>applyPriceFilter</td><td>Yes</td><td>org.testng.TestRunner@dc58a56</td></tr></table><p class="totop"><a href="#summary">back to summary</a></p>
<h3 id="m69">tests.Test_FlipkartSite#executeTestCase</h3><table class="result"><tr class="param"><th>Parameter #1</th><th>Parameter #2</th><th>Parameter #3</th></tr><tr class="param stripe"><td>sortProduct</td><td>Yes</td><td>org.testng.TestRunner@dc58a56</td></tr></table><p class="totop"><a href="#summary">back to summary</a></p>
<h3 id="m70">tests.Test_FlipkartSite#executeTestCase</h3><table class="result"><tr class="param"><th>Parameter #1</th><th>Parameter #2</th><th>Parameter #3</th></tr><tr class="param stripe"><td>checkOfferZone</td><td>Yes</td><td>org.testng.TestRunner@dc58a56</td></tr></table><p class="totop"><a href="#summary">back to summary</a></p>
<h3 id="m71">tests.Test_FlipkartSite#executeTestCase</h3><table class="result"><tr class="param"><th>Parameter #1</th><th>Parameter #2</th><th>Parameter #3</th></tr><tr class="param stripe"><td>checkFurniture</td><td>No</td><td>org.testng.TestRunner@dc58a56</td></tr></table><p class="totop"><a href="#summary">back to summary</a></p>
<h3 id="m72">tests.Test_FlipkartSite#executeTestCase</h3><table class="result"><tr class="param"><th>Parameter #1</th><th>Parameter #2</th><th>Parameter #3</th></tr><tr class="param stripe"><td>getFlipkartSite</td><td>Yes</td><td>org.testng.TestRunner@dc58a56</td></tr></table><p class="totop"><a href="#summary">back to summary</a></p>
<h3 id="m73">tests.Test_FlipkartSite#executeTestCase</h3><table class="result"><tr class="param"><th>Parameter #1</th><th>Parameter #2</th><th>Parameter #3</th></tr><tr class="param stripe"><td>addToCart</td><td>Yes</td><td>org.testng.TestRunner@dc58a56</td></tr></table><p class="totop"><a href="#summary">back to summary</a></p>
<h3 id="m74">tests.Test_FlipkartSite#executeTestCase</h3><table class="result"><tr class="param"><th>Parameter #1</th><th>Parameter #2</th><th>Parameter #3</th></tr><tr class="param stripe"><td>applyBatteryCapacityFilter</td><td>No</td><td>org.testng.TestRunner@dc58a56</td></tr></table><p class="totop"><a href="#summary">back to summary</a></p>
<h3 id="m75">tests.Test_FlipkartSite#executeTestCase</h3><table class="result"><tr class="param"><th>Parameter #1</th><th>Parameter #2</th><th>Parameter #3</th></tr><tr class="param stripe"><td>placeOrder</td><td>Yes</td><td>org.testng.TestRunner@dc58a56</td></tr></table><p class="totop"><a href="#summary">back to summary</a></p>
<h3 id="m76">tests.Test_FlipkartSite#executeTestCase</h3><table class="result"><tr class="param"><th>Parameter #1</th><th>Parameter #2</th><th>Parameter #3</th></tr><tr class="param stripe"><td>searchProduct</td><td>Yes</td><td>org.testng.TestRunner@dc58a56</td></tr></table><p class="totop"><a href="#summary">back to summary</a></p>
<h3 id="m77">tests.Test_FlipkartSite#executeTestCase</h3><table class="result"><tr class="param"><th>Parameter #1</th><th>Parameter #2</th><th>Parameter #3</th></tr><tr class="param stripe"><td>applyRatingFilter</td><td>Yes</td><td>org.testng.TestRunner@dc58a56</td></tr></table><p class="totop"><a href="#summary">back to summary</a></p>
<h3 id="m78">tests.Test_FlipkartSite#executeTestCase</h3><table class="result"><tr class="param"><th>Parameter #1</th><th>Parameter #2</th><th>Parameter #3</th></tr><tr class="param stripe"><td>checkGrocerySection</td><td>No</td><td>org.testng.TestRunner@dc58a56</td></tr></table><p class="totop"><a href="#summary">back to summary</a></p>
<h3 id="m79">tests.Test_FlipkartSite#executeTestCase</h3><table class="result"><tr class="param"><th>Parameter #1</th><th>Parameter #2</th><th>Parameter #3</th></tr><tr class="param stripe"><td>checkProductImages</td><td>Yes</td><td>org.testng.TestRunner@dc58a56</td></tr></table><p class="totop"><a href="#summary">back to summary</a></p>
</body>
</html>
