<!DOCTYPE html>

<html>
  <head>
  <meta charset='utf-8'>
  <title>TestNG reports</title>

    <link type="text/css" href="testng-reports1.css" rel="stylesheet" id="ultra" />
    <link type="text/css" href="testng-reports.css" rel="stylesheet" id="retro" disabled="false"/>
    <script type="text/javascript" src="jquery-3.6.0.min.js"></script>
    <script type="text/javascript" src="testng-reports.js"></script>
    <script type="text/javascript" src="https://www.google.com/jsapi"></script>
    <script type='text/javascript'>
      google.load('visualization', '1', {packages:['table']});
      google.setOnLoadCallback(drawTable);
      var suiteTableInitFunctions = new Array();
      var suiteTableData = new Array();
    </script>
    <!--
      <script type="text/javascript" src="jquery-ui/js/jquery-ui-1.8.16.custom.min.js"></script>
     -->
  </head>

  <body>    <div class="top-banner-root">
      <span class="top-banner-title-font">Test results</span>
      <button id="button" class="button">Switch Retro Theme</button> <!-- button -->
      <br/>
      <span class="top-banner-font-1">1 suite, 19 failed tests</span>
    </div> <!-- top-banner-root -->
    <div class="navigator-root">
      <div class="navigator-suite-header">
        <span>All suites</span>
        <a href="#" title="Collapse/expand all the suites" class="collapse-all-link">
          <img src="collapseall.gif" class="collapse-all-icon">
          </img> <!-- collapse-all-icon -->
        </a> <!-- collapse-all-link -->
      </div> <!-- navigator-suite-header -->
      <div class="suite">
        <div class="rounded-window">
          <div class="suite-header light-rounded-window-top">
            <a href="#" panel-name="suite-Suite" class="navigator-link">
              <span class="suite-name border-failed">Suite</span>
            </a> <!-- navigator-link -->
          </div> <!-- suite-header light-rounded-window-top -->
          <div class="navigator-suite-content">
            <div class="suite-section-title">
              <span>Info</span>
            </div> <!-- suite-section-title -->
            <div class="suite-section-content">
              <ul>
                <li>
                  <a href="#" panel-name="test-xml-Suite" class="navigator-link ">
                    <span>C:\Users\varunbajpai\eclipse-workspace\FlipkartTesting\testng.xml</span>
                  </a> <!-- navigator-link  -->
                </li>
                <li>
                  <a href="#" panel-name="testlist-Suite" class="navigator-link ">
                    <span class="test-stats">4 tests</span>
                  </a> <!-- navigator-link  -->
                </li>
                <li>
                  <a href="#" panel-name="group-Suite" class="navigator-link ">
                    <span>0 groups</span>
                  </a> <!-- navigator-link  -->
                </li>
                <li>
                  <a href="#" panel-name="times-Suite" class="navigator-link ">
                    <span>Times</span>
                  </a> <!-- navigator-link  -->
                </li>
                <li>
                  <a href="#" panel-name="reporter-Suite" class="navigator-link ">
                    <span>Reporter output</span>
                  </a> <!-- navigator-link  -->
                </li>
                <li>
                  <a href="#" panel-name="ignored-methods-Suite" class="navigator-link ">
                    <span>Ignored methods</span>
                  </a> <!-- navigator-link  -->
                </li>
                <li>
                  <a href="#" panel-name="chronological-Suite" class="navigator-link ">
                    <span>Chronological view</span>
                  </a> <!-- navigator-link  -->
                </li>
              </ul>
            </div> <!-- suite-section-content -->
            <div class="result-section">
              <div class="suite-section-title">
                <span>Results</span>
              </div> <!-- suite-section-title -->
              <div class="suite-section-content">
                <ul>
                  <li>
                    <span class="method-stats">80 methods, 19 failed,   61 passed</span>
                  </li>
                  <li>
                    <span class="method-list-title failed">Failed methods</span>
                    <span class="show-or-hide-methods failed">
                      <a href="#" panel-name="suite-Suite" class="hide-methods failed suite-Suite"> (hide)</a> <!-- hide-methods failed suite-Suite -->
                      <a href="#" panel-name="suite-Suite" class="show-methods failed suite-Suite"> (show)</a> <!-- show-methods failed suite-Suite -->
                    </span>
                    <div class="method-list-content failed suite-Suite">
                      <span>
                        <img src="failed.png" width="3%"/>
                        <a href="#" panel-name="suite-Suite" title="tests.Test_FlipkartSite" class="method navigator-link" hash-for-method="executeTestCase(changingPinCode, Yes, org.testng.TestRunner@42f0f416)">executeTestCase(changingPinCode, Yes, org.testng.TestRunner@42f0f416)</a> <!-- method navigator-link -->
                      </span>
                      <br/>
                      <span>
                        <img src="failed.png" width="3%"/>
                        <a href="#" panel-name="suite-Suite" title="tests.Test_FlipkartSite" class="method navigator-link" hash-for-method="executeTestCase(registerUser, Yes, org.testng.TestRunner@42f0f416)">executeTestCase(registerUser, Yes, org.testng.TestRunner@42f0f416)</a> <!-- method navigator-link -->
                      </span>
                      <br/>
                      <span>
                        <img src="failed.png" width="3%"/>
                        <a href="#" panel-name="suite-Suite" title="tests.Test_FlipkartSite" class="method navigator-link" hash-for-method="executeTestCase(checkLogin, Yes, org.testng.TestRunner@42f0f416)">executeTestCase(checkLogin, Yes, org.testng.TestRunner@42f0f416)</a> <!-- method navigator-link -->
                      </span>
                      <br/>
                      <span>
                        <img src="failed.png" width="3%"/>
                        <a href="#" panel-name="suite-Suite" title="tests.Test_FlipkartSite" class="method navigator-link" hash-for-method="executeTestCase(checkMyCart, Yes, org.testng.TestRunner@42f0f416)">executeTestCase(checkMyCart, Yes, org.testng.TestRunner@42f0f416)</a> <!-- method navigator-link -->
                      </span>
                      <br/>
                      <span>
                        <img src="failed.png" width="3%"/>
                        <a href="#" panel-name="suite-Suite" title="tests.Test_FlipkartSite" class="method navigator-link" hash-for-method="executeTestCase(applyBrandFilter, Yes, org.testng.TestRunner@42f0f416)">executeTestCase(applyBrandFilter, Yes, org.testng.TestRunner@42f0f416)</a> <!-- method navigator-link -->
                      </span>
                      <br/>
                      <span>
                        <img src="failed.png" width="3%"/>
                        <a href="#" panel-name="suite-Suite" title="tests.Test_FlipkartSite" class="method navigator-link" hash-for-method="executeTestCase(registerUser, Yes, org.testng.TestRunner@591b8c05)">executeTestCase(registerUser, Yes, org.testng.TestRunner@591b8c05)</a> <!-- method navigator-link -->
                      </span>
                      <br/>
                      <span>
                        <img src="failed.png" width="3%"/>
                        <a href="#" panel-name="suite-Suite" title="tests.Test_FlipkartSite" class="method navigator-link" hash-for-method="executeTestCase(applyBrandFilter, Yes, org.testng.TestRunner@591b8c05)">executeTestCase(applyBrandFilter, Yes, org.testng.TestRunner@591b8c05)</a> <!-- method navigator-link -->
                      </span>
                      <br/>
                      <span>
                        <img src="failed.png" width="3%"/>
                        <a href="#" panel-name="suite-Suite" title="tests.Test_FlipkartSite" class="method navigator-link" hash-for-method="executeTestCase(checkMyCart, Yes, org.testng.TestRunner@591b8c05)">executeTestCase(checkMyCart, Yes, org.testng.TestRunner@591b8c05)</a> <!-- method navigator-link -->
                      </span>
                      <br/>
                      <span>
                        <img src="failed.png" width="3%"/>
                        <a href="#" panel-name="suite-Suite" title="tests.Test_FlipkartSite" class="method navigator-link" hash-for-method="executeTestCase(checkLogin, Yes, org.testng.TestRunner@591b8c05)">executeTestCase(checkLogin, Yes, org.testng.TestRunner@591b8c05)</a> <!-- method navigator-link -->
                      </span>
                      <br/>
                      <span>
                        <img src="failed.png" width="3%"/>
                        <a href="#" panel-name="suite-Suite" title="tests.Test_FlipkartSite" class="method navigator-link" hash-for-method="executeTestCase(checkMyCart, Yes, org.testng.TestRunner@1013f878)">executeTestCase(checkMyCart, Yes, org.testng.TestRunner@1013f878)</a> <!-- method navigator-link -->
                      </span>
                      <br/>
                      <span>
                        <img src="failed.png" width="3%"/>
                        <a href="#" panel-name="suite-Suite" title="tests.Test_FlipkartSite" class="method navigator-link" hash-for-method="executeTestCase(applyBrandFilter, Yes, org.testng.TestRunner@1013f878)">executeTestCase(applyBrandFilter, Yes, org.testng.TestRunner@1013f878)</a> <!-- method navigator-link -->
                      </span>
                      <br/>
                      <span>
                        <img src="failed.png" width="3%"/>
                        <a href="#" panel-name="suite-Suite" title="tests.Test_FlipkartSite" class="method navigator-link" hash-for-method="executeTestCase(registerUser, Yes, org.testng.TestRunner@1013f878)">executeTestCase(registerUser, Yes, org.testng.TestRunner@1013f878)</a> <!-- method navigator-link -->
                      </span>
                      <br/>
                      <span>
                        <img src="failed.png" width="3%"/>
                        <a href="#" panel-name="suite-Suite" title="tests.Test_FlipkartSite" class="method navigator-link" hash-for-method="executeTestCase(checkLogin, Yes, org.testng.TestRunner@1013f878)">executeTestCase(checkLogin, Yes, org.testng.TestRunner@1013f878)</a> <!-- method navigator-link -->
                      </span>
                      <br/>
                      <span>
                        <img src="failed.png" width="3%"/>
                        <a href="#" panel-name="suite-Suite" title="tests.Test_FlipkartSite" class="method navigator-link" hash-for-method="executeTestCase(checkMyCart, Yes, org.testng.TestRunner@dc58a56)">executeTestCase(checkMyCart, Yes, org.testng.TestRunner@dc58a56)</a> <!-- method navigator-link -->
                      </span>
                      <br/>
                      <span>
                        <img src="failed.png" width="3%"/>
                        <a href="#" panel-name="suite-Suite" title="tests.Test_FlipkartSite" class="method navigator-link" hash-for-method="executeTestCase(registerUser, Yes, org.testng.TestRunner@dc58a56)">executeTestCase(registerUser, Yes, org.testng.TestRunner@dc58a56)</a> <!-- method navigator-link -->
                      </span>
                      <br/>
                      <span>
                        <img src="failed.png" width="3%"/>
                        <a href="#" panel-name="suite-Suite" title="tests.Test_FlipkartSite" class="method navigator-link" hash-for-method="executeTestCase(applyBrandFilter, Yes, org.testng.TestRunner@dc58a56)">executeTestCase(applyBrandFilter, Yes, org.testng.TestRunner@dc58a56)</a> <!-- method navigator-link -->
                      </span>
                      <br/>
                      <span>
                        <img src="failed.png" width="3%"/>
                        <a href="#" panel-name="suite-Suite" title="tests.Test_FlipkartSite" class="method navigator-link" hash-for-method="executeTestCase(checkFlights, Yes, org.testng.TestRunner@dc58a56)">executeTestCase(checkFlights, Yes, org.testng.TestRunner@dc58a56)</a> <!-- method navigator-link -->
                      </span>
                      <br/>
                      <span>
                        <img src="failed.png" width="3%"/>
                        <a href="#" panel-name="suite-Suite" title="tests.Test_FlipkartSite" class="method navigator-link" hash-for-method="executeTestCase(checkMenApparel, Yes, org.testng.TestRunner@dc58a56)">executeTestCase(checkMenApparel, Yes, org.testng.TestRunner@dc58a56)</a> <!-- method navigator-link -->
                      </span>
                      <br/>
                      <span>
                        <img src="failed.png" width="3%"/>
                        <a href="#" panel-name="suite-Suite" title="tests.Test_FlipkartSite" class="method navigator-link" hash-for-method="executeTestCase(checkLogin, Yes, org.testng.TestRunner@dc58a56)">executeTestCase(checkLogin, Yes, org.testng.TestRunner@dc58a56)</a> <!-- method navigator-link -->
                      </span>
                      <br/>
                    </div> <!-- method-list-content failed suite-Suite -->
                  </li>
                  <li>
                    <span class="method-list-title passed">Passed methods</span>
                    <span class="show-or-hide-methods passed">
                      <a href="#" panel-name="suite-Suite" class="hide-methods passed suite-Suite"> (hide)</a> <!-- hide-methods passed suite-Suite -->
                      <a href="#" panel-name="suite-Suite" class="show-methods passed suite-Suite"> (show)</a> <!-- show-methods passed suite-Suite -->
                    </span>
                    <div class="method-list-content passed suite-Suite">
                      <span>
                        <img src="passed.png" width="3%"/>
                        <a href="#" panel-name="suite-Suite" title="tests.Test_FlipkartSite" class="method navigator-link" hash-for-method="executeTestCase(clickOnProduct, No, org.testng.TestRunner@42f0f416)">executeTestCase(clickOnProduct, No, org.testng.TestRunner@42f0f416)</a> <!-- method navigator-link -->
                      </span>
                      <br/>
                      <span>
                        <img src="passed.png" width="3%"/>
                        <a href="#" panel-name="suite-Suite" title="tests.Test_FlipkartSite" class="method navigator-link" hash-for-method="executeTestCase(placeOrder, Yes, org.testng.TestRunner@42f0f416)">executeTestCase(placeOrder, Yes, org.testng.TestRunner@42f0f416)</a> <!-- method navigator-link -->
                      </span>
                      <br/>
                      <span>
                        <img src="passed.png" width="3%"/>
                        <a href="#" panel-name="suite-Suite" title="tests.Test_FlipkartSite" class="method navigator-link" hash-for-method="executeTestCase(applyBatteryCapacityFilter, No, org.testng.TestRunner@42f0f416)">executeTestCase(applyBatteryCapacityFilter, No, org.testng.TestRunner@42f0f416)</a> <!-- method navigator-link -->
                      </span>
                      <br/>
                      <span>
                        <img src="passed.png" width="3%"/>
                        <a href="#" panel-name="suite-Suite" title="tests.Test_FlipkartSite" class="method navigator-link" hash-for-method="executeTestCase(searchProduct, Yes, org.testng.TestRunner@42f0f416)">executeTestCase(searchProduct, Yes, org.testng.TestRunner@42f0f416)</a> <!-- method navigator-link -->
                      </span>
                      <br/>
                      <span>
                        <img src="passed.png" width="3%"/>
                        <a href="#" panel-name="suite-Suite" title="tests.Test_FlipkartSite" class="method navigator-link" hash-for-method="executeTestCase(checkFlights, Yes, org.testng.TestRunner@42f0f416)">executeTestCase(checkFlights, Yes, org.testng.TestRunner@42f0f416)</a> <!-- method navigator-link -->
                      </span>
                      <br/>
                      <span>
                        <img src="passed.png" width="3%"/>
                        <a href="#" panel-name="suite-Suite" title="tests.Test_FlipkartSite" class="method navigator-link" hash-for-method="executeTestCase(checkMenApparel, Yes, org.testng.TestRunner@42f0f416)">executeTestCase(checkMenApparel, Yes, org.testng.TestRunner@42f0f416)</a> <!-- method navigator-link -->
                      </span>
                      <br/>
                      <span>
                        <img src="passed.png" width="3%"/>
                        <a href="#" panel-name="suite-Suite" title="tests.Test_FlipkartSite" class="method navigator-link" hash-for-method="executeTestCase(addToCart, Yes, org.testng.TestRunner@42f0f416)">executeTestCase(addToCart, Yes, org.testng.TestRunner@42f0f416)</a> <!-- method navigator-link -->
                      </span>
                      <br/>
                      <span>
                        <img src="passed.png" width="3%"/>
                        <a href="#" panel-name="suite-Suite" title="tests.Test_FlipkartSite" class="method navigator-link" hash-for-method="executeTestCase(applyRatingFilter, Yes, org.testng.TestRunner@42f0f416)">executeTestCase(applyRatingFilter, Yes, org.testng.TestRunner@42f0f416)</a> <!-- method navigator-link -->
                      </span>
                      <br/>
                      <span>
                        <img src="passed.png" width="3%"/>
                        <a href="#" panel-name="suite-Suite" title="tests.Test_FlipkartSite" class="method navigator-link" hash-for-method="executeTestCase(checkFurniture, No, org.testng.TestRunner@42f0f416)">executeTestCase(checkFurniture, No, org.testng.TestRunner@42f0f416)</a> <!-- method navigator-link -->
                      </span>
                      <br/>
                      <span>
                        <img src="passed.png" width="3%"/>
                        <a href="#" panel-name="suite-Suite" title="tests.Test_FlipkartSite" class="method navigator-link" hash-for-method="executeTestCase(checkGrocerySection, No, org.testng.TestRunner@42f0f416)">executeTestCase(checkGrocerySection, No, org.testng.TestRunner@42f0f416)</a> <!-- method navigator-link -->
                      </span>
                      <br/>
                      <span>
                        <img src="passed.png" width="3%"/>
                        <a href="#" panel-name="suite-Suite" title="tests.Test_FlipkartSite" class="method navigator-link" hash-for-method="executeTestCase(checkProductImages, Yes, org.testng.TestRunner@42f0f416)">executeTestCase(checkProductImages, Yes, org.testng.TestRunner@42f0f416)</a> <!-- method navigator-link -->
                      </span>
                      <br/>
                      <span>
                        <img src="passed.png" width="3%"/>
                        <a href="#" panel-name="suite-Suite" title="tests.Test_FlipkartSite" class="method navigator-link" hash-for-method="executeTestCase(sortProduct, Yes, org.testng.TestRunner@42f0f416)">executeTestCase(sortProduct, Yes, org.testng.TestRunner@42f0f416)</a> <!-- method navigator-link -->
                      </span>
                      <br/>
                      <span>
                        <img src="passed.png" width="3%"/>
                        <a href="#" panel-name="suite-Suite" title="tests.Test_FlipkartSite" class="method navigator-link" hash-for-method="executeTestCase(applyPriceFilter, Yes, org.testng.TestRunner@42f0f416)">executeTestCase(applyPriceFilter, Yes, org.testng.TestRunner@42f0f416)</a> <!-- method navigator-link -->
                      </span>
                      <br/>
                      <span>
                        <img src="passed.png" width="3%"/>
                        <a href="#" panel-name="suite-Suite" title="tests.Test_FlipkartSite" class="method navigator-link" hash-for-method="executeTestCase(checkOfferZone, Yes, org.testng.TestRunner@42f0f416)">executeTestCase(checkOfferZone, Yes, org.testng.TestRunner@42f0f416)</a> <!-- method navigator-link -->
                      </span>
                      <br/>
                      <span>
                        <img src="passed.png" width="3%"/>
                        <a href="#" panel-name="suite-Suite" title="tests.Test_FlipkartSite" class="method navigator-link" hash-for-method="executeTestCase(getFlipkartSite, Yes, org.testng.TestRunner@42f0f416)">executeTestCase(getFlipkartSite, Yes, org.testng.TestRunner@42f0f416)</a> <!-- method navigator-link -->
                      </span>
                      <br/>
                      <span>
                        <img src="passed.png" width="3%"/>
                        <a href="#" panel-name="suite-Suite" title="tests.Test_FlipkartSite" class="method navigator-link" hash-for-method="executeTestCase(addToCart, Yes, org.testng.TestRunner@591b8c05)">executeTestCase(addToCart, Yes, org.testng.TestRunner@591b8c05)</a> <!-- method navigator-link -->
                      </span>
                      <br/>
                      <span>
                        <img src="passed.png" width="3%"/>
                        <a href="#" panel-name="suite-Suite" title="tests.Test_FlipkartSite" class="method navigator-link" hash-for-method="executeTestCase(applyBatteryCapacityFilter, No, org.testng.TestRunner@591b8c05)">executeTestCase(applyBatteryCapacityFilter, No, org.testng.TestRunner@591b8c05)</a> <!-- method navigator-link -->
                      </span>
                      <br/>
                      <span>
                        <img src="passed.png" width="3%"/>
                        <a href="#" panel-name="suite-Suite" title="tests.Test_FlipkartSite" class="method navigator-link" hash-for-method="executeTestCase(checkGrocerySection, No, org.testng.TestRunner@591b8c05)">executeTestCase(checkGrocerySection, No, org.testng.TestRunner@591b8c05)</a> <!-- method navigator-link -->
                      </span>
                      <br/>
                      <span>
                        <img src="passed.png" width="3%"/>
                        <a href="#" panel-name="suite-Suite" title="tests.Test_FlipkartSite" class="method navigator-link" hash-for-method="executeTestCase(clickOnProduct, No, org.testng.TestRunner@591b8c05)">executeTestCase(clickOnProduct, No, org.testng.TestRunner@591b8c05)</a> <!-- method navigator-link -->
                      </span>
                      <br/>
                      <span>
                        <img src="passed.png" width="3%"/>
                        <a href="#" panel-name="suite-Suite" title="tests.Test_FlipkartSite" class="method navigator-link" hash-for-method="executeTestCase(searchProduct, Yes, org.testng.TestRunner@591b8c05)">executeTestCase(searchProduct, Yes, org.testng.TestRunner@591b8c05)</a> <!-- method navigator-link -->
                      </span>
                      <br/>
                      <span>
                        <img src="passed.png" width="3%"/>
                        <a href="#" panel-name="suite-Suite" title="tests.Test_FlipkartSite" class="method navigator-link" hash-for-method="executeTestCase(changingPinCode, Yes, org.testng.TestRunner@591b8c05)">executeTestCase(changingPinCode, Yes, org.testng.TestRunner@591b8c05)</a> <!-- method navigator-link -->
                      </span>
                      <br/>
                      <span>
                        <img src="passed.png" width="3%"/>
                        <a href="#" panel-name="suite-Suite" title="tests.Test_FlipkartSite" class="method navigator-link" hash-for-method="executeTestCase(checkOfferZone, Yes, org.testng.TestRunner@591b8c05)">executeTestCase(checkOfferZone, Yes, org.testng.TestRunner@591b8c05)</a> <!-- method navigator-link -->
                      </span>
                      <br/>
                      <span>
                        <img src="passed.png" width="3%"/>
                        <a href="#" panel-name="suite-Suite" title="tests.Test_FlipkartSite" class="method navigator-link" hash-for-method="executeTestCase(placeOrder, Yes, org.testng.TestRunner@591b8c05)">executeTestCase(placeOrder, Yes, org.testng.TestRunner@591b8c05)</a> <!-- method navigator-link -->
                      </span>
                      <br/>
                      <span>
                        <img src="passed.png" width="3%"/>
                        <a href="#" panel-name="suite-Suite" title="tests.Test_FlipkartSite" class="method navigator-link" hash-for-method="executeTestCase(checkProductImages, Yes, org.testng.TestRunner@591b8c05)">executeTestCase(checkProductImages, Yes, org.testng.TestRunner@591b8c05)</a> <!-- method navigator-link -->
                      </span>
                      <br/>
                      <span>
                        <img src="passed.png" width="3%"/>
                        <a href="#" panel-name="suite-Suite" title="tests.Test_FlipkartSite" class="method navigator-link" hash-for-method="executeTestCase(sortProduct, Yes, org.testng.TestRunner@591b8c05)">executeTestCase(sortProduct, Yes, org.testng.TestRunner@591b8c05)</a> <!-- method navigator-link -->
                      </span>
                      <br/>
                      <span>
                        <img src="passed.png" width="3%"/>
                        <a href="#" panel-name="suite-Suite" title="tests.Test_FlipkartSite" class="method navigator-link" hash-for-method="executeTestCase(checkFlights, Yes, org.testng.TestRunner@591b8c05)">executeTestCase(checkFlights, Yes, org.testng.TestRunner@591b8c05)</a> <!-- method navigator-link -->
                      </span>
                      <br/>
                      <span>
                        <img src="passed.png" width="3%"/>
                        <a href="#" panel-name="suite-Suite" title="tests.Test_FlipkartSite" class="method navigator-link" hash-for-method="executeTestCase(getFlipkartSite, Yes, org.testng.TestRunner@591b8c05)">executeTestCase(getFlipkartSite, Yes, org.testng.TestRunner@591b8c05)</a> <!-- method navigator-link -->
                      </span>
                      <br/>
                      <span>
                        <img src="passed.png" width="3%"/>
                        <a href="#" panel-name="suite-Suite" title="tests.Test_FlipkartSite" class="method navigator-link" hash-for-method="executeTestCase(applyPriceFilter, Yes, org.testng.TestRunner@591b8c05)">executeTestCase(applyPriceFilter, Yes, org.testng.TestRunner@591b8c05)</a> <!-- method navigator-link -->
                      </span>
                      <br/>
                      <span>
                        <img src="passed.png" width="3%"/>
                        <a href="#" panel-name="suite-Suite" title="tests.Test_FlipkartSite" class="method navigator-link" hash-for-method="executeTestCase(checkFurniture, No, org.testng.TestRunner@591b8c05)">executeTestCase(checkFurniture, No, org.testng.TestRunner@591b8c05)</a> <!-- method navigator-link -->
                      </span>
                      <br/>
                      <span>
                        <img src="passed.png" width="3%"/>
                        <a href="#" panel-name="suite-Suite" title="tests.Test_FlipkartSite" class="method navigator-link" hash-for-method="executeTestCase(checkMenApparel, Yes, org.testng.TestRunner@591b8c05)">executeTestCase(checkMenApparel, Yes, org.testng.TestRunner@591b8c05)</a> <!-- method navigator-link -->
                      </span>
                      <br/>
                      <span>
                        <img src="passed.png" width="3%"/>
                        <a href="#" panel-name="suite-Suite" title="tests.Test_FlipkartSite" class="method navigator-link" hash-for-method="executeTestCase(applyRatingFilter, Yes, org.testng.TestRunner@591b8c05)">executeTestCase(applyRatingFilter, Yes, org.testng.TestRunner@591b8c05)</a> <!-- method navigator-link -->
                      </span>
                      <br/>
                      <span>
                        <img src="passed.png" width="3%"/>
                        <a href="#" panel-name="suite-Suite" title="tests.Test_FlipkartSite" class="method navigator-link" hash-for-method="executeTestCase(applyBatteryCapacityFilter, No, org.testng.TestRunner@1013f878)">executeTestCase(applyBatteryCapacityFilter, No, org.testng.TestRunner@1013f878)</a> <!-- method navigator-link -->
                      </span>
                      <br/>
                      <span>
                        <img src="passed.png" width="3%"/>
                        <a href="#" panel-name="suite-Suite" title="tests.Test_FlipkartSite" class="method navigator-link" hash-for-method="executeTestCase(checkProductImages, Yes, org.testng.TestRunner@1013f878)">executeTestCase(checkProductImages, Yes, org.testng.TestRunner@1013f878)</a> <!-- method navigator-link -->
                      </span>
                      <br/>
                      <span>
                        <img src="passed.png" width="3%"/>
                        <a href="#" panel-name="suite-Suite" title="tests.Test_FlipkartSite" class="method navigator-link" hash-for-method="executeTestCase(addToCart, Yes, org.testng.TestRunner@1013f878)">executeTestCase(addToCart, Yes, org.testng.TestRunner@1013f878)</a> <!-- method navigator-link -->
                      </span>
                      <br/>
                      <span>
                        <img src="passed.png" width="3%"/>
                        <a href="#" panel-name="suite-Suite" title="tests.Test_FlipkartSite" class="method navigator-link" hash-for-method="executeTestCase(applyRatingFilter, Yes, org.testng.TestRunner@1013f878)">executeTestCase(applyRatingFilter, Yes, org.testng.TestRunner@1013f878)</a> <!-- method navigator-link -->
                      </span>
                      <br/>
                      <span>
                        <img src="passed.png" width="3%"/>
                        <a href="#" panel-name="suite-Suite" title="tests.Test_FlipkartSite" class="method navigator-link" hash-for-method="executeTestCase(checkOfferZone, Yes, org.testng.TestRunner@1013f878)">executeTestCase(checkOfferZone, Yes, org.testng.TestRunner@1013f878)</a> <!-- method navigator-link -->
                      </span>
                      <br/>
                      <span>
                        <img src="passed.png" width="3%"/>
                        <a href="#" panel-name="suite-Suite" title="tests.Test_FlipkartSite" class="method navigator-link" hash-for-method="executeTestCase(checkGrocerySection, No, org.testng.TestRunner@1013f878)">executeTestCase(checkGrocerySection, No, org.testng.TestRunner@1013f878)</a> <!-- method navigator-link -->
                      </span>
                      <br/>
                      <span>
                        <img src="passed.png" width="3%"/>
                        <a href="#" panel-name="suite-Suite" title="tests.Test_FlipkartSite" class="method navigator-link" hash-for-method="executeTestCase(changingPinCode, Yes, org.testng.TestRunner@1013f878)">executeTestCase(changingPinCode, Yes, org.testng.TestRunner@1013f878)</a> <!-- method navigator-link -->
                      </span>
                      <br/>
                      <span>
                        <img src="passed.png" width="3%"/>
                        <a href="#" panel-name="suite-Suite" title="tests.Test_FlipkartSite" class="method navigator-link" hash-for-method="executeTestCase(applyPriceFilter, Yes, org.testng.TestRunner@1013f878)">executeTestCase(applyPriceFilter, Yes, org.testng.TestRunner@1013f878)</a> <!-- method navigator-link -->
                      </span>
                      <br/>
                      <span>
                        <img src="passed.png" width="3%"/>
                        <a href="#" panel-name="suite-Suite" title="tests.Test_FlipkartSite" class="method navigator-link" hash-for-method="executeTestCase(checkFlights, Yes, org.testng.TestRunner@1013f878)">executeTestCase(checkFlights, Yes, org.testng.TestRunner@1013f878)</a> <!-- method navigator-link -->
                      </span>
                      <br/>
                      <span>
                        <img src="passed.png" width="3%"/>
                        <a href="#" panel-name="suite-Suite" title="tests.Test_FlipkartSite" class="method navigator-link" hash-for-method="executeTestCase(checkMenApparel, Yes, org.testng.TestRunner@1013f878)">executeTestCase(checkMenApparel, Yes, org.testng.TestRunner@1013f878)</a> <!-- method navigator-link -->
                      </span>
                      <br/>
                      <span>
                        <img src="passed.png" width="3%"/>
                        <a href="#" panel-name="suite-Suite" title="tests.Test_FlipkartSite" class="method navigator-link" hash-for-method="executeTestCase(searchProduct, Yes, org.testng.TestRunner@1013f878)">executeTestCase(searchProduct, Yes, org.testng.TestRunner@1013f878)</a> <!-- method navigator-link -->
                      </span>
                      <br/>
                      <span>
                        <img src="passed.png" width="3%"/>
                        <a href="#" panel-name="suite-Suite" title="tests.Test_FlipkartSite" class="method navigator-link" hash-for-method="executeTestCase(getFlipkartSite, Yes, org.testng.TestRunner@1013f878)">executeTestCase(getFlipkartSite, Yes, org.testng.TestRunner@1013f878)</a> <!-- method navigator-link -->
                      </span>
                      <br/>
                      <span>
                        <img src="passed.png" width="3%"/>
                        <a href="#" panel-name="suite-Suite" title="tests.Test_FlipkartSite" class="method navigator-link" hash-for-method="executeTestCase(checkFurniture, No, org.testng.TestRunner@1013f878)">executeTestCase(checkFurniture, No, org.testng.TestRunner@1013f878)</a> <!-- method navigator-link -->
                      </span>
                      <br/>
                      <span>
                        <img src="passed.png" width="3%"/>
                        <a href="#" panel-name="suite-Suite" title="tests.Test_FlipkartSite" class="method navigator-link" hash-for-method="executeTestCase(placeOrder, Yes, org.testng.TestRunner@1013f878)">executeTestCase(placeOrder, Yes, org.testng.TestRunner@1013f878)</a> <!-- method navigator-link -->
                      </span>
                      <br/>
                      <span>
                        <img src="passed.png" width="3%"/>
                        <a href="#" panel-name="suite-Suite" title="tests.Test_FlipkartSite" class="method navigator-link" hash-for-method="executeTestCase(clickOnProduct, No, org.testng.TestRunner@1013f878)">executeTestCase(clickOnProduct, No, org.testng.TestRunner@1013f878)</a> <!-- method navigator-link -->
                      </span>
                      <br/>
                      <span>
                        <img src="passed.png" width="3%"/>
                        <a href="#" panel-name="suite-Suite" title="tests.Test_FlipkartSite" class="method navigator-link" hash-for-method="executeTestCase(sortProduct, Yes, org.testng.TestRunner@1013f878)">executeTestCase(sortProduct, Yes, org.testng.TestRunner@1013f878)</a> <!-- method navigator-link -->
                      </span>
                      <br/>
                      <span>
                        <img src="passed.png" width="3%"/>
                        <a href="#" panel-name="suite-Suite" title="tests.Test_FlipkartSite" class="method navigator-link" hash-for-method="executeTestCase(changingPinCode, Yes, org.testng.TestRunner@dc58a56)">executeTestCase(changingPinCode, Yes, org.testng.TestRunner@dc58a56)</a> <!-- method navigator-link -->
                      </span>
                      <br/>
                      <span>
                        <img src="passed.png" width="3%"/>
                        <a href="#" panel-name="suite-Suite" title="tests.Test_FlipkartSite" class="method navigator-link" hash-for-method="executeTestCase(clickOnProduct, No, org.testng.TestRunner@dc58a56)">executeTestCase(clickOnProduct, No, org.testng.TestRunner@dc58a56)</a> <!-- method navigator-link -->
                      </span>
                      <br/>
                      <span>
                        <img src="passed.png" width="3%"/>
                        <a href="#" panel-name="suite-Suite" title="tests.Test_FlipkartSite" class="method navigator-link" hash-for-method="executeTestCase(applyPriceFilter, Yes, org.testng.TestRunner@dc58a56)">executeTestCase(applyPriceFilter, Yes, org.testng.TestRunner@dc58a56)</a> <!-- method navigator-link -->
                      </span>
                      <br/>
                      <span>
                        <img src="passed.png" width="3%"/>
                        <a href="#" panel-name="suite-Suite" title="tests.Test_FlipkartSite" class="method navigator-link" hash-for-method="executeTestCase(sortProduct, Yes, org.testng.TestRunner@dc58a56)">executeTestCase(sortProduct, Yes, org.testng.TestRunner@dc58a56)</a> <!-- method navigator-link -->
                      </span>
                      <br/>
                      <span>
                        <img src="passed.png" width="3%"/>
                        <a href="#" panel-name="suite-Suite" title="tests.Test_FlipkartSite" class="method navigator-link" hash-for-method="executeTestCase(checkOfferZone, Yes, org.testng.TestRunner@dc58a56)">executeTestCase(checkOfferZone, Yes, org.testng.TestRunner@dc58a56)</a> <!-- method navigator-link -->
                      </span>
                      <br/>
                      <span>
                        <img src="passed.png" width="3%"/>
                        <a href="#" panel-name="suite-Suite" title="tests.Test_FlipkartSite" class="method navigator-link" hash-for-method="executeTestCase(checkFurniture, No, org.testng.TestRunner@dc58a56)">executeTestCase(checkFurniture, No, org.testng.TestRunner@dc58a56)</a> <!-- method navigator-link -->
                      </span>
                      <br/>
                      <span>
                        <img src="passed.png" width="3%"/>
                        <a href="#" panel-name="suite-Suite" title="tests.Test_FlipkartSite" class="method navigator-link" hash-for-method="executeTestCase(getFlipkartSite, Yes, org.testng.TestRunner@dc58a56)">executeTestCase(getFlipkartSite, Yes, org.testng.TestRunner@dc58a56)</a> <!-- method navigator-link -->
                      </span>
                      <br/>
                      <span>
                        <img src="passed.png" width="3%"/>
                        <a href="#" panel-name="suite-Suite" title="tests.Test_FlipkartSite" class="method navigator-link" hash-for-method="executeTestCase(addToCart, Yes, org.testng.TestRunner@dc58a56)">executeTestCase(addToCart, Yes, org.testng.TestRunner@dc58a56)</a> <!-- method navigator-link -->
                      </span>
                      <br/>
                      <span>
                        <img src="passed.png" width="3%"/>
                        <a href="#" panel-name="suite-Suite" title="tests.Test_FlipkartSite" class="method navigator-link" hash-for-method="executeTestCase(applyBatteryCapacityFilter, No, org.testng.TestRunner@dc58a56)">executeTestCase(applyBatteryCapacityFilter, No, org.testng.TestRunner@dc58a56)</a> <!-- method navigator-link -->
                      </span>
                      <br/>
                      <span>
                        <img src="passed.png" width="3%"/>
                        <a href="#" panel-name="suite-Suite" title="tests.Test_FlipkartSite" class="method navigator-link" hash-for-method="executeTestCase(placeOrder, Yes, org.testng.TestRunner@dc58a56)">executeTestCase(placeOrder, Yes, org.testng.TestRunner@dc58a56)</a> <!-- method navigator-link -->
                      </span>
                      <br/>
                      <span>
                        <img src="passed.png" width="3%"/>
                        <a href="#" panel-name="suite-Suite" title="tests.Test_FlipkartSite" class="method navigator-link" hash-for-method="executeTestCase(searchProduct, Yes, org.testng.TestRunner@dc58a56)">executeTestCase(searchProduct, Yes, org.testng.TestRunner@dc58a56)</a> <!-- method navigator-link -->
                      </span>
                      <br/>
                      <span>
                        <img src="passed.png" width="3%"/>
                        <a href="#" panel-name="suite-Suite" title="tests.Test_FlipkartSite" class="method navigator-link" hash-for-method="executeTestCase(applyRatingFilter, Yes, org.testng.TestRunner@dc58a56)">executeTestCase(applyRatingFilter, Yes, org.testng.TestRunner@dc58a56)</a> <!-- method navigator-link -->
                      </span>
                      <br/>
                      <span>
                        <img src="passed.png" width="3%"/>
                        <a href="#" panel-name="suite-Suite" title="tests.Test_FlipkartSite" class="method navigator-link" hash-for-method="executeTestCase(checkGrocerySection, No, org.testng.TestRunner@dc58a56)">executeTestCase(checkGrocerySection, No, org.testng.TestRunner@dc58a56)</a> <!-- method navigator-link -->
                      </span>
                      <br/>
                      <span>
                        <img src="passed.png" width="3%"/>
                        <a href="#" panel-name="suite-Suite" title="tests.Test_FlipkartSite" class="method navigator-link" hash-for-method="executeTestCase(checkProductImages, Yes, org.testng.TestRunner@dc58a56)">executeTestCase(checkProductImages, Yes, org.testng.TestRunner@dc58a56)</a> <!-- method navigator-link -->
                      </span>
                      <br/>
                    </div> <!-- method-list-content passed suite-Suite -->
                  </li>
                </ul>
              </div> <!-- suite-section-content -->
            </div> <!-- result-section -->
          </div> <!-- navigator-suite-content -->
        </div> <!-- rounded-window -->
      </div> <!-- suite -->
    </div> <!-- navigator-root -->
    <div class="wrapper">
      <div class="main-panel-root">
        <div panel-name="suite-Suite" class="panel Suite">
          <div class="suite-Suite-class-failed">
            <div class="main-panel-header rounded-window-top">
              <img src="failed.png"/>
              <span class="class-name">tests.Test_FlipkartSite</span>
            </div> <!-- main-panel-header rounded-window-top -->
            <div class="main-panel-content rounded-window-bottom">
              <div class="method">
                <div class="method-content">
                  <a name="executeTestCase(changingPinCode, Yes, org.testng.TestRunner@42f0f416)">
                  </a> <!-- executeTestCase(changingPinCode, Yes, org.testng.TestRunner@42f0f416) -->
                  <span class="method-name">executeTestCase</span>
                  <span class="parameters">(changingPinCode,Yes,org.testng.TestRunner@42f0f416)</span>
                  <div class="stack-trace">org.openqa.selenium.StaleElementReferenceException: stale element reference: stale element not found in the current frame
  (Session info: chrome=124.0.6367.207)
For documentation on this error, please visit: https://www.selenium.dev/documentation/webdriver/troubleshooting/errors#stale-element-reference-exception
Build info: version: &apos;4.18.1&apos;, revision: &apos;b1d3319b48&apos;
System info: os.name: &apos;Windows 11&apos;, os.arch: &apos;amd64&apos;, os.version: &apos;10.0&apos;, java.version: &apos;17.0.10&apos;
Driver info: org.openqa.selenium.chrome.ChromeDriver
Command: [d4ae1f6f2c624d43bb1735a0847efa14, getElementText {id=f.D4A5B64665C7DB1ABD7D23B8C4C391D4.d.7835EC4A0D8D6FF7B687E4FC3A239B65.e.85}]
Capabilities {acceptInsecureCerts: false, browserName: chrome, browserVersion: 124.0.6367.207, chrome: {chromedriverVersion: 124.0.6367.207 (a9001a6e39f..., userDataDir: C:\Users\VARUNB~1\AppData\L...}, fedcm:accounts: true, goog:chromeOptions: {debuggerAddress: localhost:52165}, networkConnectionEnabled: false, pageLoadStrategy: normal, platformName: windows, proxy: Proxy(), se:cdp: ws://localhost:52165/devtoo..., se:cdpVersion: 124.0.6367.207, setWindowRect: true, strictFileInteractability: false, timeouts: {implicit: 0, pageLoad: 300000, script: 30000}, unhandledPromptBehavior: dismiss and notify, webauthn:extension:credBlob: true, webauthn:extension:largeBlob: true, webauthn:extension:minPinLength: true, webauthn:extension:prf: true, webauthn:virtualAuthenticators: true}
Element: [[ChromeDriver: chrome on windows (d4ae1f6f2c624d43bb1735a0847efa14)] -&gt; xpath: //div[@class=&apos;hVvnXm&apos;]]
Session ID: d4ae1f6f2c624d43bb1735a0847efa14
	at org.openqa.selenium.remote.ErrorCodec.decode(ErrorCodec.java:167)
	at org.openqa.selenium.remote.codec.w3c.W3CHttpResponseCodec.decode(W3CHttpResponseCodec.java:138)
	at org.openqa.selenium.remote.codec.w3c.W3CHttpResponseCodec.decode(W3CHttpResponseCodec.java:50)
	at org.openqa.selenium.remote.HttpCommandExecutor.execute(HttpCommandExecutor.java:190)
	at org.openqa.selenium.remote.service.DriverCommandExecutor.invokeExecute(DriverCommandExecutor.java:216)
	at org.openqa.selenium.remote.service.DriverCommandExecutor.execute(DriverCommandExecutor.java:174)
	at org.openqa.selenium.remote.RemoteWebDriver.execute(RemoteWebDriver.java:519)
	at org.openqa.selenium.remote.RemoteWebElement.execute(RemoteWebElement.java:223)
	at org.openqa.selenium.remote.RemoteWebElement.getText(RemoteWebElement.java:191)
	at org.openqa.selenium.support.pagefactory.internal.LocatingElementHandler.invoke(LocatingElementHandler.java:51)
	at jdk.proxy2/jdk.proxy2.$Proxy15.getText(Unknown Source)
	at pages.FlipkartChangePincode.getExpectedText(FlipkartChangePincode.java:46)
	at tests.Test_FlipkartSite.changingPinCode(Test_FlipkartSite.java:260)
	at tests.Test_FlipkartSite.executeTestCase(Test_FlipkartSite.java:130)
	at java.base/java.util.ArrayList.forEach(ArrayList.java:1511)
	at java.base/java.util.concurrent.FutureTask.run(FutureTask.java:264)
	at java.base/java.util.concurrent.ThreadPoolExecutor.runWorker(ThreadPoolExecutor.java:1136)
	at java.base/java.util.concurrent.ThreadPoolExecutor$Worker.run(ThreadPoolExecutor.java:635)
	at java.base/java.lang.Thread.run(Thread.java:840)
... Removed 26 stack frames
</div> <!-- stack-trace -->
                </div> <!-- method-content -->
              </div> <!-- method -->
              <div class="method">
                <div class="method-content">
                  <a name="executeTestCase(registerUser, Yes, org.testng.TestRunner@42f0f416)">
                  </a> <!-- executeTestCase(registerUser, Yes, org.testng.TestRunner@42f0f416) -->
                  <span class="method-name">executeTestCase</span>
                  <span class="parameters">(registerUser,Yes,org.testng.TestRunner@42f0f416)</span>
                  <div class="stack-trace">org.openqa.selenium.StaleElementReferenceException: stale element reference: stale element not found in the current frame
  (Session info: chrome=124.0.6367.207)
For documentation on this error, please visit: https://www.selenium.dev/documentation/webdriver/troubleshooting/errors#stale-element-reference-exception
Build info: version: &apos;4.18.1&apos;, revision: &apos;b1d3319b48&apos;
System info: os.name: &apos;Windows 11&apos;, os.arch: &apos;amd64&apos;, os.version: &apos;10.0&apos;, java.version: &apos;17.0.10&apos;
Driver info: org.openqa.selenium.chrome.ChromeDriver
Command: [d4ae1f6f2c624d43bb1735a0847efa14, clickElement {id=f.D4A5B64665C7DB1ABD7D23B8C4C391D4.d.D99C5F106098E14B055DBA047AB4817C.e.860}]
Capabilities {acceptInsecureCerts: false, browserName: chrome, browserVersion: 124.0.6367.207, chrome: {chromedriverVersion: 124.0.6367.207 (a9001a6e39f..., userDataDir: C:\Users\VARUNB~1\AppData\L...}, fedcm:accounts: true, goog:chromeOptions: {debuggerAddress: localhost:52165}, networkConnectionEnabled: false, pageLoadStrategy: normal, platformName: windows, proxy: Proxy(), se:cdp: ws://localhost:52165/devtoo..., se:cdpVersion: 124.0.6367.207, setWindowRect: true, strictFileInteractability: false, timeouts: {implicit: 0, pageLoad: 300000, script: 30000}, unhandledPromptBehavior: dismiss and notify, webauthn:extension:credBlob: true, webauthn:extension:largeBlob: true, webauthn:extension:minPinLength: true, webauthn:extension:prf: true, webauthn:virtualAuthenticators: true}
Element: [[ChromeDriver: chrome on windows (d4ae1f6f2c624d43bb1735a0847efa14)] -&gt; xpath: //div[text()=&quot;Sign Up&quot;]]
Session ID: d4ae1f6f2c624d43bb1735a0847efa14
	at org.openqa.selenium.remote.ErrorCodec.decode(ErrorCodec.java:167)
	at org.openqa.selenium.remote.codec.w3c.W3CHttpResponseCodec.decode(W3CHttpResponseCodec.java:138)
	at org.openqa.selenium.remote.codec.w3c.W3CHttpResponseCodec.decode(W3CHttpResponseCodec.java:50)
	at org.openqa.selenium.remote.HttpCommandExecutor.execute(HttpCommandExecutor.java:190)
	at org.openqa.selenium.remote.service.DriverCommandExecutor.invokeExecute(DriverCommandExecutor.java:216)
	at org.openqa.selenium.remote.service.DriverCommandExecutor.execute(DriverCommandExecutor.java:174)
	at org.openqa.selenium.remote.RemoteWebDriver.execute(RemoteWebDriver.java:519)
	at org.openqa.selenium.remote.RemoteWebElement.execute(RemoteWebElement.java:223)
	at org.openqa.selenium.remote.RemoteWebElement.click(RemoteWebElement.java:76)
	at org.openqa.selenium.support.pagefactory.internal.LocatingElementHandler.invoke(LocatingElementHandler.java:51)
	at jdk.proxy2/jdk.proxy2.$Proxy15.click(Unknown Source)
	at pages.FlipkartRegister.handleActionChain(FlipkartRegister.java:39)
	at tests.Test_FlipkartSite.registerUser(Test_FlipkartSite.java:477)
	at tests.Test_FlipkartSite.executeTestCase(Test_FlipkartSite.java:190)
	at java.base/java.util.ArrayList.forEach(ArrayList.java:1511)
	at java.base/java.util.concurrent.FutureTask.run(FutureTask.java:264)
	at java.base/java.util.concurrent.ThreadPoolExecutor.runWorker(ThreadPoolExecutor.java:1136)
	at java.base/java.util.concurrent.ThreadPoolExecutor$Worker.run(ThreadPoolExecutor.java:635)
	at java.base/java.lang.Thread.run(Thread.java:840)
... Removed 24 stack frames
</div> <!-- stack-trace -->
                </div> <!-- method-content -->
              </div> <!-- method -->
              <div class="method">
                <div class="method-content">
                  <a name="executeTestCase(checkLogin, Yes, org.testng.TestRunner@42f0f416)">
                  </a> <!-- executeTestCase(checkLogin, Yes, org.testng.TestRunner@42f0f416) -->
                  <span class="method-name">executeTestCase</span>
                  <span class="parameters">(checkLogin,Yes,org.testng.TestRunner@42f0f416)</span>
                  <div class="stack-trace">com.mailosaur.MailosaurException: No matching messages found in time. By default, only messages received in the last hour are checked (use receivedAfter to override this).
	at com.mailosaur.Messages.search(Messages.java:345)
	at com.mailosaur.Messages.get(Messages.java:55)
	at pages.FlipkartLoginPage.generateOTP(FlipkartLoginPage.java:84)
	at tests.Test_FlipkartSite.checkLogin(Test_FlipkartSite.java:505)
	at tests.Test_FlipkartSite.executeTestCase(Test_FlipkartSite.java:194)
	at java.base/java.util.ArrayList.forEach(ArrayList.java:1511)
	at java.base/java.util.concurrent.FutureTask.run(FutureTask.java:264)
	at java.base/java.util.concurrent.ThreadPoolExecutor.runWorker(ThreadPoolExecutor.java:1136)
	at java.base/java.util.concurrent.ThreadPoolExecutor$Worker.run(ThreadPoolExecutor.java:635)
	at java.base/java.lang.Thread.run(Thread.java:840)
... Removed 16 stack frames
</div> <!-- stack-trace -->
                </div> <!-- method-content -->
              </div> <!-- method -->
              <div class="method">
                <div class="method-content">
                  <a name="executeTestCase(checkMyCart, Yes, org.testng.TestRunner@42f0f416)">
                  </a> <!-- executeTestCase(checkMyCart, Yes, org.testng.TestRunner@42f0f416) -->
                  <span class="method-name">executeTestCase</span>
                  <span class="parameters">(checkMyCart,Yes,org.testng.TestRunner@42f0f416)</span>
                  <div class="stack-trace">org.openqa.selenium.NoSuchElementException: no such element: Unable to locate element: {&quot;method&quot;:&quot;xpath&quot;,&quot;selector&quot;:&quot;//a[@href=&quot;/viewcart?exploreMode=true&amp;preference=GROCERY&quot;][1]&quot;}
  (Session info: chrome=124.0.6367.207)
For documentation on this error, please visit: https://www.selenium.dev/documentation/webdriver/troubleshooting/errors#no-such-element-exception
Build info: version: &apos;4.18.1&apos;, revision: &apos;b1d3319b48&apos;
System info: os.name: &apos;Windows 11&apos;, os.arch: &apos;amd64&apos;, os.version: &apos;10.0&apos;, java.version: &apos;17.0.10&apos;
Driver info: org.openqa.selenium.chrome.ChromeDriver
Command: [d4ae1f6f2c624d43bb1735a0847efa14, findElement {value=//a[@href=&quot;/viewcart?exploreMode=true&amp;preference=GROCERY&quot;][1], using=xpath}]
Capabilities {acceptInsecureCerts: false, browserName: chrome, browserVersion: 124.0.6367.207, chrome: {chromedriverVersion: 124.0.6367.207 (a9001a6e39f..., userDataDir: C:\Users\VARUNB~1\AppData\L...}, fedcm:accounts: true, goog:chromeOptions: {debuggerAddress: localhost:52165}, networkConnectionEnabled: false, pageLoadStrategy: normal, platformName: windows, proxy: Proxy(), se:cdp: ws://localhost:52165/devtoo..., se:cdpVersion: 124.0.6367.207, setWindowRect: true, strictFileInteractability: false, timeouts: {implicit: 0, pageLoad: 300000, script: 30000}, unhandledPromptBehavior: dismiss and notify, webauthn:extension:credBlob: true, webauthn:extension:largeBlob: true, webauthn:extension:minPinLength: true, webauthn:extension:prf: true, webauthn:virtualAuthenticators: true}
Session ID: d4ae1f6f2c624d43bb1735a0847efa14
	at org.openqa.selenium.remote.ErrorCodec.decode(ErrorCodec.java:167)
	at org.openqa.selenium.remote.codec.w3c.W3CHttpResponseCodec.decode(W3CHttpResponseCodec.java:138)
	at org.openqa.selenium.remote.codec.w3c.W3CHttpResponseCodec.decode(W3CHttpResponseCodec.java:50)
	at org.openqa.selenium.remote.HttpCommandExecutor.execute(HttpCommandExecutor.java:190)
	at org.openqa.selenium.remote.service.DriverCommandExecutor.invokeExecute(DriverCommandExecutor.java:216)
	at org.openqa.selenium.remote.service.DriverCommandExecutor.execute(DriverCommandExecutor.java:174)
	at org.openqa.selenium.remote.RemoteWebDriver.execute(RemoteWebDriver.java:519)
	at org.openqa.selenium.remote.ElementLocation$ElementFinder$2.findElement(ElementLocation.java:165)
	at org.openqa.selenium.remote.ElementLocation.findElement(ElementLocation.java:59)
	at org.openqa.selenium.remote.RemoteWebDriver.findElement(RemoteWebDriver.java:356)
	at org.openqa.selenium.remote.RemoteWebDriver.findElement(RemoteWebDriver.java:350)
	at org.openqa.selenium.support.pagefactory.DefaultElementLocator.findElement(DefaultElementLocator.java:68)
	at org.openqa.selenium.support.pagefactory.internal.LocatingElementHandler.invoke(LocatingElementHandler.java:38)
	at jdk.proxy2/jdk.proxy2.$Proxy15.click(Unknown Source)
	at pages.FlipkartCheckCart.clickCartButton(FlipkartCheckCart.java:25)
	at tests.Test_FlipkartSite.checkMyCart(Test_FlipkartSite.java:438)
	at tests.Test_FlipkartSite.executeTestCase(Test_FlipkartSite.java:182)
	at java.base/java.util.ArrayList.forEach(ArrayList.java:1511)
	at java.base/java.util.concurrent.FutureTask.run(FutureTask.java:264)
	at java.base/java.util.concurrent.ThreadPoolExecutor.runWorker(ThreadPoolExecutor.java:1136)
	at java.base/java.util.concurrent.ThreadPoolExecutor$Worker.run(ThreadPoolExecutor.java:635)
	at java.base/java.lang.Thread.run(Thread.java:840)
... Removed 21 stack frames
</div> <!-- stack-trace -->
                </div> <!-- method-content -->
              </div> <!-- method -->
              <div class="method">
                <div class="method-content">
                  <a name="executeTestCase(applyBrandFilter, Yes, org.testng.TestRunner@42f0f416)">
                  </a> <!-- executeTestCase(applyBrandFilter, Yes, org.testng.TestRunner@42f0f416) -->
                  <span class="method-name">executeTestCase</span>
                  <span class="parameters">(applyBrandFilter,Yes,org.testng.TestRunner@42f0f416)</span>
                  <div class="stack-trace">org.openqa.selenium.ElementClickInterceptedException: element click intercepted: Element &lt;div class=&quot;XqNaEv&quot;&gt;&lt;/div&gt; is not clickable at point (31, 7). Other element would receive the click: &lt;div class=&quot;LOe-Xr&quot;&gt;&lt;/div&gt;
  (Session info: chrome=124.0.6367.207)
Build info: version: &apos;4.18.1&apos;, revision: &apos;b1d3319b48&apos;
System info: os.name: &apos;Windows 11&apos;, os.arch: &apos;amd64&apos;, os.version: &apos;10.0&apos;, java.version: &apos;17.0.10&apos;
Driver info: org.openqa.selenium.chrome.ChromeDriver
Command: [d4ae1f6f2c624d43bb1735a0847efa14, clickElement {id=f.D4A5B64665C7DB1ABD7D23B8C4C391D4.d.4CD14FC001D01B7450D395E4500B01CE.e.590}]
Capabilities {acceptInsecureCerts: false, browserName: chrome, browserVersion: 124.0.6367.207, chrome: {chromedriverVersion: 124.0.6367.207 (a9001a6e39f..., userDataDir: C:\Users\VARUNB~1\AppData\L...}, fedcm:accounts: true, goog:chromeOptions: {debuggerAddress: localhost:52165}, networkConnectionEnabled: false, pageLoadStrategy: normal, platformName: windows, proxy: Proxy(), se:cdp: ws://localhost:52165/devtoo..., se:cdpVersion: 124.0.6367.207, setWindowRect: true, strictFileInteractability: false, timeouts: {implicit: 0, pageLoad: 300000, script: 30000}, unhandledPromptBehavior: dismiss and notify, webauthn:extension:credBlob: true, webauthn:extension:largeBlob: true, webauthn:extension:minPinLength: true, webauthn:extension:prf: true, webauthn:virtualAuthenticators: true}
Element: [[ChromeDriver: chrome on windows (d4ae1f6f2c624d43bb1735a0847efa14)] -&gt; xpath: //div[text()=&apos;SAMSUNG&apos;]/preceding-sibling::div]
Session ID: d4ae1f6f2c624d43bb1735a0847efa14
	at org.openqa.selenium.remote.ErrorCodec.decode(ErrorCodec.java:167)
	at org.openqa.selenium.remote.codec.w3c.W3CHttpResponseCodec.decode(W3CHttpResponseCodec.java:138)
	at org.openqa.selenium.remote.codec.w3c.W3CHttpResponseCodec.decode(W3CHttpResponseCodec.java:50)
	at org.openqa.selenium.remote.HttpCommandExecutor.execute(HttpCommandExecutor.java:190)
	at org.openqa.selenium.remote.service.DriverCommandExecutor.invokeExecute(DriverCommandExecutor.java:216)
	at org.openqa.selenium.remote.service.DriverCommandExecutor.execute(DriverCommandExecutor.java:174)
	at org.openqa.selenium.remote.RemoteWebDriver.execute(RemoteWebDriver.java:519)
	at org.openqa.selenium.remote.RemoteWebElement.execute(RemoteWebElement.java:223)
	at org.openqa.selenium.remote.RemoteWebElement.click(RemoteWebElement.java:76)
	at org.openqa.selenium.support.pagefactory.internal.LocatingElementHandler.invoke(LocatingElementHandler.java:51)
	at jdk.proxy2/jdk.proxy2.$Proxy15.click(Unknown Source)
	at pages.FlipkartBrandFilters.brandFilter(FlipkartBrandFilters.java:34)
	at tests.Test_FlipkartSite.applyBrandFilter(Test_FlipkartSite.java:337)
	at tests.Test_FlipkartSite.executeTestCase(Test_FlipkartSite.java:154)
	at java.base/java.util.ArrayList.forEach(ArrayList.java:1511)
	at java.base/java.util.concurrent.FutureTask.run(FutureTask.java:264)
	at java.base/java.util.concurrent.ThreadPoolExecutor.runWorker(ThreadPoolExecutor.java:1136)
	at java.base/java.util.concurrent.ThreadPoolExecutor$Worker.run(ThreadPoolExecutor.java:635)
	at java.base/java.lang.Thread.run(Thread.java:840)
... Removed 24 stack frames
</div> <!-- stack-trace -->
                </div> <!-- method-content -->
              </div> <!-- method -->
              <div class="method">
                <div class="method-content">
                  <a name="executeTestCase(registerUser, Yes, org.testng.TestRunner@591b8c05)">
                  </a> <!-- executeTestCase(registerUser, Yes, org.testng.TestRunner@591b8c05) -->
                  <span class="method-name">executeTestCase</span>
                  <span class="parameters">(registerUser,Yes,org.testng.TestRunner@591b8c05)</span>
                  <div class="stack-trace">org.openqa.selenium.StaleElementReferenceException: stale element reference: stale element not found in the current frame
  (Session info: MicrosoftEdge=124.0.2478.105)
For documentation on this error, please visit: https://www.selenium.dev/documentation/webdriver/troubleshooting/errors#stale-element-reference-exception
Build info: version: &apos;4.18.1&apos;, revision: &apos;b1d3319b48&apos;
System info: os.name: &apos;Windows 11&apos;, os.arch: &apos;amd64&apos;, os.version: &apos;10.0&apos;, java.version: &apos;17.0.10&apos;
Driver info: org.openqa.selenium.edge.EdgeDriver
Command: [4fe9c269aefb130d48c7b125e3a74804, clickElement {id=f.F44F11FEFB08192E9EAAFD79CD9770BA.d.2CDBDD7EAD2D5B957DED2AF96643FC2A.e.1075}]
Capabilities {acceptInsecureCerts: false, browserName: MicrosoftEdge, browserVersion: 124.0.2478.105, fedcm:accounts: true, ms:edgeOptions: {debuggerAddress: localhost:52164}, msedge: {msedgedriverVersion: 124.0.2478.105 (a4f60a4465d..., userDataDir: C:\Users\VARUNB~1\AppData\L...}, networkConnectionEnabled: false, pageLoadStrategy: normal, platformName: windows, proxy: Proxy(), se:cdp: ws://localhost:52164/devtoo..., se:cdpVersion: 124.0.2478.105, setWindowRect: true, strictFileInteractability: false, timeouts: {implicit: 0, pageLoad: 300000, script: 30000}, unhandledPromptBehavior: dismiss and notify, webauthn:extension:credBlob: true, webauthn:extension:largeBlob: true, webauthn:extension:minPinLength: true, webauthn:extension:prf: true, webauthn:virtualAuthenticators: true}
Element: [[EdgeDriver: MicrosoftEdge on windows (4fe9c269aefb130d48c7b125e3a74804)] -&gt; xpath: //div[text()=&quot;Sign Up&quot;]]
Session ID: 4fe9c269aefb130d48c7b125e3a74804
	at org.openqa.selenium.remote.ErrorCodec.decode(ErrorCodec.java:167)
	at org.openqa.selenium.remote.codec.w3c.W3CHttpResponseCodec.decode(W3CHttpResponseCodec.java:138)
	at org.openqa.selenium.remote.codec.w3c.W3CHttpResponseCodec.decode(W3CHttpResponseCodec.java:50)
	at org.openqa.selenium.remote.HttpCommandExecutor.execute(HttpCommandExecutor.java:190)
	at org.openqa.selenium.remote.service.DriverCommandExecutor.invokeExecute(DriverCommandExecutor.java:216)
	at org.openqa.selenium.remote.service.DriverCommandExecutor.execute(DriverCommandExecutor.java:174)
	at org.openqa.selenium.remote.RemoteWebDriver.execute(RemoteWebDriver.java:519)
	at org.openqa.selenium.remote.RemoteWebElement.execute(RemoteWebElement.java:223)
	at org.openqa.selenium.remote.RemoteWebElement.click(RemoteWebElement.java:76)
	at org.openqa.selenium.support.pagefactory.internal.LocatingElementHandler.invoke(LocatingElementHandler.java:51)
	at jdk.proxy2/jdk.proxy2.$Proxy15.click(Unknown Source)
	at pages.FlipkartRegister.handleActionChain(FlipkartRegister.java:39)
	at tests.Test_FlipkartSite.registerUser(Test_FlipkartSite.java:477)
	at tests.Test_FlipkartSite.executeTestCase(Test_FlipkartSite.java:190)
	at java.base/java.util.ArrayList.forEach(ArrayList.java:1511)
	at java.base/java.util.concurrent.FutureTask.run(FutureTask.java:264)
	at java.base/java.util.concurrent.ThreadPoolExecutor.runWorker(ThreadPoolExecutor.java:1136)
	at java.base/java.util.concurrent.ThreadPoolExecutor$Worker.run(ThreadPoolExecutor.java:635)
	at java.base/java.lang.Thread.run(Thread.java:840)
... Removed 24 stack frames
</div> <!-- stack-trace -->
                </div> <!-- method-content -->
              </div> <!-- method -->
              <div class="method">
                <div class="method-content">
                  <a name="executeTestCase(applyBrandFilter, Yes, org.testng.TestRunner@591b8c05)">
                  </a> <!-- executeTestCase(applyBrandFilter, Yes, org.testng.TestRunner@591b8c05) -->
                  <span class="method-name">executeTestCase</span>
                  <span class="parameters">(applyBrandFilter,Yes,org.testng.TestRunner@591b8c05)</span>
                  <div class="stack-trace">org.openqa.selenium.ElementClickInterceptedException: element click intercepted: Element &lt;div class=&quot;XqNaEv&quot;&gt;&lt;/div&gt; is not clickable at point (31, 7). Other element would receive the click: &lt;div class=&quot;LOe-Xr&quot;&gt;&lt;/div&gt;
  (Session info: MicrosoftEdge=124.0.2478.105)
Build info: version: &apos;4.18.1&apos;, revision: &apos;b1d3319b48&apos;
System info: os.name: &apos;Windows 11&apos;, os.arch: &apos;amd64&apos;, os.version: &apos;10.0&apos;, java.version: &apos;17.0.10&apos;
Driver info: org.openqa.selenium.edge.EdgeDriver
Command: [4fe9c269aefb130d48c7b125e3a74804, clickElement {id=f.F44F11FEFB08192E9EAAFD79CD9770BA.d.F7978BE4F29985415F4C5D4A604C33D4.e.807}]
Capabilities {acceptInsecureCerts: false, browserName: MicrosoftEdge, browserVersion: 124.0.2478.105, fedcm:accounts: true, ms:edgeOptions: {debuggerAddress: localhost:52164}, msedge: {msedgedriverVersion: 124.0.2478.105 (a4f60a4465d..., userDataDir: C:\Users\VARUNB~1\AppData\L...}, networkConnectionEnabled: false, pageLoadStrategy: normal, platformName: windows, proxy: Proxy(), se:cdp: ws://localhost:52164/devtoo..., se:cdpVersion: 124.0.2478.105, setWindowRect: true, strictFileInteractability: false, timeouts: {implicit: 0, pageLoad: 300000, script: 30000}, unhandledPromptBehavior: dismiss and notify, webauthn:extension:credBlob: true, webauthn:extension:largeBlob: true, webauthn:extension:minPinLength: true, webauthn:extension:prf: true, webauthn:virtualAuthenticators: true}
Element: [[EdgeDriver: MicrosoftEdge on windows (4fe9c269aefb130d48c7b125e3a74804)] -&gt; xpath: //div[text()=&apos;SAMSUNG&apos;]/preceding-sibling::div]
Session ID: 4fe9c269aefb130d48c7b125e3a74804
	at org.openqa.selenium.remote.ErrorCodec.decode(ErrorCodec.java:167)
	at org.openqa.selenium.remote.codec.w3c.W3CHttpResponseCodec.decode(W3CHttpResponseCodec.java:138)
	at org.openqa.selenium.remote.codec.w3c.W3CHttpResponseCodec.decode(W3CHttpResponseCodec.java:50)
	at org.openqa.selenium.remote.HttpCommandExecutor.execute(HttpCommandExecutor.java:190)
	at org.openqa.selenium.remote.service.DriverCommandExecutor.invokeExecute(DriverCommandExecutor.java:216)
	at org.openqa.selenium.remote.service.DriverCommandExecutor.execute(DriverCommandExecutor.java:174)
	at org.openqa.selenium.remote.RemoteWebDriver.execute(RemoteWebDriver.java:519)
	at org.openqa.selenium.remote.RemoteWebElement.execute(RemoteWebElement.java:223)
	at org.openqa.selenium.remote.RemoteWebElement.click(RemoteWebElement.java:76)
	at org.openqa.selenium.support.pagefactory.internal.LocatingElementHandler.invoke(LocatingElementHandler.java:51)
	at jdk.proxy2/jdk.proxy2.$Proxy15.click(Unknown Source)
	at pages.FlipkartBrandFilters.brandFilter(FlipkartBrandFilters.java:34)
	at tests.Test_FlipkartSite.applyBrandFilter(Test_FlipkartSite.java:337)
	at tests.Test_FlipkartSite.executeTestCase(Test_FlipkartSite.java:154)
	at java.base/java.util.ArrayList.forEach(ArrayList.java:1511)
	at java.base/java.util.concurrent.FutureTask.run(FutureTask.java:264)
	at java.base/java.util.concurrent.ThreadPoolExecutor.runWorker(ThreadPoolExecutor.java:1136)
	at java.base/java.util.concurrent.ThreadPoolExecutor$Worker.run(ThreadPoolExecutor.java:635)
	at java.base/java.lang.Thread.run(Thread.java:840)
... Removed 24 stack frames
</div> <!-- stack-trace -->
                </div> <!-- method-content -->
              </div> <!-- method -->
              <div class="method">
                <div class="method-content">
                  <a name="executeTestCase(checkMyCart, Yes, org.testng.TestRunner@591b8c05)">
                  </a> <!-- executeTestCase(checkMyCart, Yes, org.testng.TestRunner@591b8c05) -->
                  <span class="method-name">executeTestCase</span>
                  <span class="parameters">(checkMyCart,Yes,org.testng.TestRunner@591b8c05)</span>
                  <div class="stack-trace">org.openqa.selenium.NoSuchElementException: no such element: Unable to locate element: {&quot;method&quot;:&quot;xpath&quot;,&quot;selector&quot;:&quot;//a[@href=&quot;/viewcart?exploreMode=true&amp;preference=GROCERY&quot;][1]&quot;}
  (Session info: MicrosoftEdge=124.0.2478.105)
For documentation on this error, please visit: https://www.selenium.dev/documentation/webdriver/troubleshooting/errors#no-such-element-exception
Build info: version: &apos;4.18.1&apos;, revision: &apos;b1d3319b48&apos;
System info: os.name: &apos;Windows 11&apos;, os.arch: &apos;amd64&apos;, os.version: &apos;10.0&apos;, java.version: &apos;17.0.10&apos;
Driver info: org.openqa.selenium.edge.EdgeDriver
Command: [4fe9c269aefb130d48c7b125e3a74804, findElement {value=//a[@href=&quot;/viewcart?exploreMode=true&amp;preference=GROCERY&quot;][1], using=xpath}]
Capabilities {acceptInsecureCerts: false, browserName: MicrosoftEdge, browserVersion: 124.0.2478.105, fedcm:accounts: true, ms:edgeOptions: {debuggerAddress: localhost:52164}, msedge: {msedgedriverVersion: 124.0.2478.105 (a4f60a4465d..., userDataDir: C:\Users\VARUNB~1\AppData\L...}, networkConnectionEnabled: false, pageLoadStrategy: normal, platformName: windows, proxy: Proxy(), se:cdp: ws://localhost:52164/devtoo..., se:cdpVersion: 124.0.2478.105, setWindowRect: true, strictFileInteractability: false, timeouts: {implicit: 0, pageLoad: 300000, script: 30000}, unhandledPromptBehavior: dismiss and notify, webauthn:extension:credBlob: true, webauthn:extension:largeBlob: true, webauthn:extension:minPinLength: true, webauthn:extension:prf: true, webauthn:virtualAuthenticators: true}
Session ID: 4fe9c269aefb130d48c7b125e3a74804
	at org.openqa.selenium.remote.ErrorCodec.decode(ErrorCodec.java:167)
	at org.openqa.selenium.remote.codec.w3c.W3CHttpResponseCodec.decode(W3CHttpResponseCodec.java:138)
	at org.openqa.selenium.remote.codec.w3c.W3CHttpResponseCodec.decode(W3CHttpResponseCodec.java:50)
	at org.openqa.selenium.remote.HttpCommandExecutor.execute(HttpCommandExecutor.java:190)
	at org.openqa.selenium.remote.service.DriverCommandExecutor.invokeExecute(DriverCommandExecutor.java:216)
	at org.openqa.selenium.remote.service.DriverCommandExecutor.execute(DriverCommandExecutor.java:174)
	at org.openqa.selenium.remote.RemoteWebDriver.execute(RemoteWebDriver.java:519)
	at org.openqa.selenium.remote.ElementLocation$ElementFinder$2.findElement(ElementLocation.java:165)
	at org.openqa.selenium.remote.ElementLocation.findElement(ElementLocation.java:59)
	at org.openqa.selenium.remote.RemoteWebDriver.findElement(RemoteWebDriver.java:356)
	at org.openqa.selenium.remote.RemoteWebDriver.findElement(RemoteWebDriver.java:350)
	at org.openqa.selenium.support.pagefactory.DefaultElementLocator.findElement(DefaultElementLocator.java:68)
	at org.openqa.selenium.support.pagefactory.internal.LocatingElementHandler.invoke(LocatingElementHandler.java:38)
	at jdk.proxy2/jdk.proxy2.$Proxy15.click(Unknown Source)
	at pages.FlipkartCheckCart.clickCartButton(FlipkartCheckCart.java:25)
	at tests.Test_FlipkartSite.checkMyCart(Test_FlipkartSite.java:438)
	at tests.Test_FlipkartSite.executeTestCase(Test_FlipkartSite.java:182)
	at java.base/java.util.ArrayList.forEach(ArrayList.java:1511)
	at java.base/java.util.concurrent.FutureTask.run(FutureTask.java:264)
	at java.base/java.util.concurrent.ThreadPoolExecutor.runWorker(ThreadPoolExecutor.java:1136)
	at java.base/java.util.concurrent.ThreadPoolExecutor$Worker.run(ThreadPoolExecutor.java:635)
	at java.base/java.lang.Thread.run(Thread.java:840)
... Removed 21 stack frames
</div> <!-- stack-trace -->
                </div> <!-- method-content -->
              </div> <!-- method -->
              <div class="method">
                <div class="method-content">
                  <a name="executeTestCase(checkLogin, Yes, org.testng.TestRunner@591b8c05)">
                  </a> <!-- executeTestCase(checkLogin, Yes, org.testng.TestRunner@591b8c05) -->
                  <span class="method-name">executeTestCase</span>
                  <span class="parameters">(checkLogin,Yes,org.testng.TestRunner@591b8c05)</span>
                  <div class="stack-trace">com.mailosaur.MailosaurException: No matching messages found in time. By default, only messages received in the last hour are checked (use receivedAfter to override this).
	at com.mailosaur.Messages.search(Messages.java:345)
	at com.mailosaur.Messages.get(Messages.java:55)
	at pages.FlipkartLoginPage.generateOTP(FlipkartLoginPage.java:84)
	at tests.Test_FlipkartSite.checkLogin(Test_FlipkartSite.java:505)
	at tests.Test_FlipkartSite.executeTestCase(Test_FlipkartSite.java:194)
	at java.base/java.util.ArrayList.forEach(ArrayList.java:1511)
	at java.base/java.util.concurrent.FutureTask.run(FutureTask.java:264)
	at java.base/java.util.concurrent.ThreadPoolExecutor.runWorker(ThreadPoolExecutor.java:1136)
	at java.base/java.util.concurrent.ThreadPoolExecutor$Worker.run(ThreadPoolExecutor.java:635)
	at java.base/java.lang.Thread.run(Thread.java:840)
... Removed 16 stack frames
</div> <!-- stack-trace -->
                </div> <!-- method-content -->
              </div> <!-- method -->
              <div class="method">
                <div class="method-content">
                  <a name="executeTestCase(checkMyCart, Yes, org.testng.TestRunner@1013f878)">
                  </a> <!-- executeTestCase(checkMyCart, Yes, org.testng.TestRunner@1013f878) -->
                  <span class="method-name">executeTestCase</span>
                  <span class="parameters">(checkMyCart,Yes,org.testng.TestRunner@1013f878)</span>
                  <div class="stack-trace">org.openqa.selenium.NoSuchElementException: no such element: Unable to locate element: {&quot;method&quot;:&quot;xpath&quot;,&quot;selector&quot;:&quot;//a[@href=&quot;/viewcart?exploreMode=true&amp;preference=GROCERY&quot;][1]&quot;}
  (Session info: chrome-headless-shell=124.0.6367.207)
For documentation on this error, please visit: https://www.selenium.dev/documentation/webdriver/troubleshooting/errors#no-such-element-exception
Build info: version: &apos;4.18.1&apos;, revision: &apos;b1d3319b48&apos;
System info: os.name: &apos;Windows 11&apos;, os.arch: &apos;amd64&apos;, os.version: &apos;10.0&apos;, java.version: &apos;17.0.10&apos;
Driver info: org.openqa.selenium.chrome.ChromeDriver
Command: [8fb4f29f09b8a1868b4dfa8694c6a433, findElement {value=//a[@href=&quot;/viewcart?exploreMode=true&amp;preference=GROCERY&quot;][1], using=xpath}]
Capabilities {acceptInsecureCerts: false, browserName: chrome-headless-shell, browserVersion: 124.0.6367.207, chrome: {chromedriverVersion: 124.0.6367.207 (a9001a6e39f..., userDataDir: C:\Users\VARUNB~1\AppData\L...}, fedcm:accounts: true, goog:chromeOptions: {debuggerAddress: localhost:52200}, networkConnectionEnabled: false, pageLoadStrategy: normal, platformName: windows, proxy: Proxy(), se:cdp: ws://localhost:52200/devtoo..., se:cdpVersion: 124.0.6367.207, setWindowRect: true, strictFileInteractability: false, timeouts: {implicit: 0, pageLoad: 300000, script: 30000}, unhandledPromptBehavior: dismiss and notify, webauthn:extension:credBlob: true, webauthn:extension:largeBlob: true, webauthn:extension:minPinLength: true, webauthn:extension:prf: true, webauthn:virtualAuthenticators: true}
Session ID: 8fb4f29f09b8a1868b4dfa8694c6a433
	at org.openqa.selenium.remote.ErrorCodec.decode(ErrorCodec.java:167)
	at org.openqa.selenium.remote.codec.w3c.W3CHttpResponseCodec.decode(W3CHttpResponseCodec.java:138)
	at org.openqa.selenium.remote.codec.w3c.W3CHttpResponseCodec.decode(W3CHttpResponseCodec.java:50)
	at org.openqa.selenium.remote.HttpCommandExecutor.execute(HttpCommandExecutor.java:190)
	at org.openqa.selenium.remote.service.DriverCommandExecutor.invokeExecute(DriverCommandExecutor.java:216)
	at org.openqa.selenium.remote.service.DriverCommandExecutor.execute(DriverCommandExecutor.java:174)
	at org.openqa.selenium.remote.RemoteWebDriver.execute(RemoteWebDriver.java:519)
	at org.openqa.selenium.remote.ElementLocation$ElementFinder$2.findElement(ElementLocation.java:165)
	at org.openqa.selenium.remote.ElementLocation.findElement(ElementLocation.java:59)
	at org.openqa.selenium.remote.RemoteWebDriver.findElement(RemoteWebDriver.java:356)
	at org.openqa.selenium.remote.RemoteWebDriver.findElement(RemoteWebDriver.java:350)
	at org.openqa.selenium.support.pagefactory.DefaultElementLocator.findElement(DefaultElementLocator.java:68)
	at org.openqa.selenium.support.pagefactory.internal.LocatingElementHandler.invoke(LocatingElementHandler.java:38)
	at jdk.proxy2/jdk.proxy2.$Proxy15.click(Unknown Source)
	at pages.FlipkartCheckCart.clickCartButton(FlipkartCheckCart.java:25)
	at tests.Test_FlipkartSite.checkMyCart(Test_FlipkartSite.java:438)
	at tests.Test_FlipkartSite.executeTestCase(Test_FlipkartSite.java:182)
	at java.base/java.util.ArrayList.forEach(ArrayList.java:1511)
	at java.base/java.util.concurrent.FutureTask.run(FutureTask.java:264)
	at java.base/java.util.concurrent.ThreadPoolExecutor.runWorker(ThreadPoolExecutor.java:1136)
	at java.base/java.util.concurrent.ThreadPoolExecutor$Worker.run(ThreadPoolExecutor.java:635)
	at java.base/java.lang.Thread.run(Thread.java:840)
... Removed 21 stack frames
</div> <!-- stack-trace -->
                </div> <!-- method-content -->
              </div> <!-- method -->
              <div class="method">
                <div class="method-content">
                  <a name="executeTestCase(applyBrandFilter, Yes, org.testng.TestRunner@1013f878)">
                  </a> <!-- executeTestCase(applyBrandFilter, Yes, org.testng.TestRunner@1013f878) -->
                  <span class="method-name">executeTestCase</span>
                  <span class="parameters">(applyBrandFilter,Yes,org.testng.TestRunner@1013f878)</span>
                  <div class="stack-trace">org.openqa.selenium.ElementClickInterceptedException: element click intercepted: Element &lt;div class=&quot;XqNaEv&quot;&gt;&lt;/div&gt; is not clickable at point (31, 7). Other element would receive the click: &lt;div class=&quot;LOe-Xr&quot;&gt;&lt;/div&gt;
  (Session info: chrome-headless-shell=124.0.6367.207)
Build info: version: &apos;4.18.1&apos;, revision: &apos;b1d3319b48&apos;
System info: os.name: &apos;Windows 11&apos;, os.arch: &apos;amd64&apos;, os.version: &apos;10.0&apos;, java.version: &apos;17.0.10&apos;
Driver info: org.openqa.selenium.chrome.ChromeDriver
Command: [8fb4f29f09b8a1868b4dfa8694c6a433, clickElement {id=f.DE43EC8D7B9A86C2B310D848C71A60A7.d.5B07C4AEB3DB74352DA26DFF1EFEDC4B.e.312}]
Capabilities {acceptInsecureCerts: false, browserName: chrome-headless-shell, browserVersion: 124.0.6367.207, chrome: {chromedriverVersion: 124.0.6367.207 (a9001a6e39f..., userDataDir: C:\Users\VARUNB~1\AppData\L...}, fedcm:accounts: true, goog:chromeOptions: {debuggerAddress: localhost:52200}, networkConnectionEnabled: false, pageLoadStrategy: normal, platformName: windows, proxy: Proxy(), se:cdp: ws://localhost:52200/devtoo..., se:cdpVersion: 124.0.6367.207, setWindowRect: true, strictFileInteractability: false, timeouts: {implicit: 0, pageLoad: 300000, script: 30000}, unhandledPromptBehavior: dismiss and notify, webauthn:extension:credBlob: true, webauthn:extension:largeBlob: true, webauthn:extension:minPinLength: true, webauthn:extension:prf: true, webauthn:virtualAuthenticators: true}
Element: [[ChromeDriver: chrome-headless-shell on windows (8fb4f29f09b8a1868b4dfa8694c6a433)] -&gt; xpath: //div[text()=&apos;SAMSUNG&apos;]/preceding-sibling::div]
Session ID: 8fb4f29f09b8a1868b4dfa8694c6a433
	at org.openqa.selenium.remote.ErrorCodec.decode(ErrorCodec.java:167)
	at org.openqa.selenium.remote.codec.w3c.W3CHttpResponseCodec.decode(W3CHttpResponseCodec.java:138)
	at org.openqa.selenium.remote.codec.w3c.W3CHttpResponseCodec.decode(W3CHttpResponseCodec.java:50)
	at org.openqa.selenium.remote.HttpCommandExecutor.execute(HttpCommandExecutor.java:190)
	at org.openqa.selenium.remote.service.DriverCommandExecutor.invokeExecute(DriverCommandExecutor.java:216)
	at org.openqa.selenium.remote.service.DriverCommandExecutor.execute(DriverCommandExecutor.java:174)
	at org.openqa.selenium.remote.RemoteWebDriver.execute(RemoteWebDriver.java:519)
	at org.openqa.selenium.remote.RemoteWebElement.execute(RemoteWebElement.java:223)
	at org.openqa.selenium.remote.RemoteWebElement.click(RemoteWebElement.java:76)
	at org.openqa.selenium.support.pagefactory.internal.LocatingElementHandler.invoke(LocatingElementHandler.java:51)
	at jdk.proxy2/jdk.proxy2.$Proxy15.click(Unknown Source)
	at pages.FlipkartBrandFilters.brandFilter(FlipkartBrandFilters.java:34)
	at tests.Test_FlipkartSite.applyBrandFilter(Test_FlipkartSite.java:337)
	at tests.Test_FlipkartSite.executeTestCase(Test_FlipkartSite.java:154)
	at java.base/java.util.ArrayList.forEach(ArrayList.java:1511)
	at java.base/java.util.concurrent.FutureTask.run(FutureTask.java:264)
	at java.base/java.util.concurrent.ThreadPoolExecutor.runWorker(ThreadPoolExecutor.java:1136)
	at java.base/java.util.concurrent.ThreadPoolExecutor$Worker.run(ThreadPoolExecutor.java:635)
	at java.base/java.lang.Thread.run(Thread.java:840)
... Removed 24 stack frames
</div> <!-- stack-trace -->
                </div> <!-- method-content -->
              </div> <!-- method -->
              <div class="method">
                <div class="method-content">
                  <a name="executeTestCase(registerUser, Yes, org.testng.TestRunner@1013f878)">
                  </a> <!-- executeTestCase(registerUser, Yes, org.testng.TestRunner@1013f878) -->
                  <span class="method-name">executeTestCase</span>
                  <span class="parameters">(registerUser,Yes,org.testng.TestRunner@1013f878)</span>
                  <div class="stack-trace">org.openqa.selenium.NoSuchElementException: no such element: Unable to locate element: {&quot;method&quot;:&quot;xpath&quot;,&quot;selector&quot;:&quot;//div[text()=&quot;Sign Up&quot;]&quot;}
  (Session info: chrome-headless-shell=124.0.6367.207)
For documentation on this error, please visit: https://www.selenium.dev/documentation/webdriver/troubleshooting/errors#no-such-element-exception
Build info: version: &apos;4.18.1&apos;, revision: &apos;b1d3319b48&apos;
System info: os.name: &apos;Windows 11&apos;, os.arch: &apos;amd64&apos;, os.version: &apos;10.0&apos;, java.version: &apos;17.0.10&apos;
Driver info: org.openqa.selenium.chrome.ChromeDriver
Command: [8fb4f29f09b8a1868b4dfa8694c6a433, findElement {value=//div[text()=&quot;Sign Up&quot;], using=xpath}]
Capabilities {acceptInsecureCerts: false, browserName: chrome-headless-shell, browserVersion: 124.0.6367.207, chrome: {chromedriverVersion: 124.0.6367.207 (a9001a6e39f..., userDataDir: C:\Users\VARUNB~1\AppData\L...}, fedcm:accounts: true, goog:chromeOptions: {debuggerAddress: localhost:52200}, networkConnectionEnabled: false, pageLoadStrategy: normal, platformName: windows, proxy: Proxy(), se:cdp: ws://localhost:52200/devtoo..., se:cdpVersion: 124.0.6367.207, setWindowRect: true, strictFileInteractability: false, timeouts: {implicit: 0, pageLoad: 300000, script: 30000}, unhandledPromptBehavior: dismiss and notify, webauthn:extension:credBlob: true, webauthn:extension:largeBlob: true, webauthn:extension:minPinLength: true, webauthn:extension:prf: true, webauthn:virtualAuthenticators: true}
Session ID: 8fb4f29f09b8a1868b4dfa8694c6a433
	at org.openqa.selenium.remote.ErrorCodec.decode(ErrorCodec.java:167)
	at org.openqa.selenium.remote.codec.w3c.W3CHttpResponseCodec.decode(W3CHttpResponseCodec.java:138)
	at org.openqa.selenium.remote.codec.w3c.W3CHttpResponseCodec.decode(W3CHttpResponseCodec.java:50)
	at org.openqa.selenium.remote.HttpCommandExecutor.execute(HttpCommandExecutor.java:190)
	at org.openqa.selenium.remote.service.DriverCommandExecutor.invokeExecute(DriverCommandExecutor.java:216)
	at org.openqa.selenium.remote.service.DriverCommandExecutor.execute(DriverCommandExecutor.java:174)
	at org.openqa.selenium.remote.RemoteWebDriver.execute(RemoteWebDriver.java:519)
	at org.openqa.selenium.remote.ElementLocation$ElementFinder$2.findElement(ElementLocation.java:165)
	at org.openqa.selenium.remote.ElementLocation.findElement(ElementLocation.java:59)
	at org.openqa.selenium.remote.RemoteWebDriver.findElement(RemoteWebDriver.java:356)
	at org.openqa.selenium.remote.RemoteWebDriver.findElement(RemoteWebDriver.java:350)
	at org.openqa.selenium.support.pagefactory.DefaultElementLocator.findElement(DefaultElementLocator.java:68)
	at org.openqa.selenium.support.pagefactory.internal.LocatingElementHandler.invoke(LocatingElementHandler.java:38)
	at jdk.proxy2/jdk.proxy2.$Proxy15.click(Unknown Source)
	at pages.FlipkartRegister.handleActionChain(FlipkartRegister.java:39)
	at tests.Test_FlipkartSite.registerUser(Test_FlipkartSite.java:477)
	at tests.Test_FlipkartSite.executeTestCase(Test_FlipkartSite.java:190)
	at java.base/java.util.ArrayList.forEach(ArrayList.java:1511)
	at java.base/java.util.concurrent.FutureTask.run(FutureTask.java:264)
	at java.base/java.util.concurrent.ThreadPoolExecutor.runWorker(ThreadPoolExecutor.java:1136)
	at java.base/java.util.concurrent.ThreadPoolExecutor$Worker.run(ThreadPoolExecutor.java:635)
	at java.base/java.lang.Thread.run(Thread.java:840)
... Removed 21 stack frames
</div> <!-- stack-trace -->
                </div> <!-- method-content -->
              </div> <!-- method -->
              <div class="method">
                <div class="method-content">
                  <a name="executeTestCase(checkLogin, Yes, org.testng.TestRunner@1013f878)">
                  </a> <!-- executeTestCase(checkLogin, Yes, org.testng.TestRunner@1013f878) -->
                  <span class="method-name">executeTestCase</span>
                  <span class="parameters">(checkLogin,Yes,org.testng.TestRunner@1013f878)</span>
                  <div class="stack-trace">com.mailosaur.MailosaurException: No matching messages found in time. By default, only messages received in the last hour are checked (use receivedAfter to override this).
	at com.mailosaur.Messages.search(Messages.java:345)
	at com.mailosaur.Messages.get(Messages.java:55)
	at pages.FlipkartLoginPage.generateOTP(FlipkartLoginPage.java:84)
	at tests.Test_FlipkartSite.checkLogin(Test_FlipkartSite.java:505)
	at tests.Test_FlipkartSite.executeTestCase(Test_FlipkartSite.java:194)
	at java.base/java.util.ArrayList.forEach(ArrayList.java:1511)
	at java.base/java.util.concurrent.FutureTask.run(FutureTask.java:264)
	at java.base/java.util.concurrent.ThreadPoolExecutor.runWorker(ThreadPoolExecutor.java:1136)
	at java.base/java.util.concurrent.ThreadPoolExecutor$Worker.run(ThreadPoolExecutor.java:635)
	at java.base/java.lang.Thread.run(Thread.java:840)
... Removed 16 stack frames
</div> <!-- stack-trace -->
                </div> <!-- method-content -->
              </div> <!-- method -->
              <div class="method">
                <div class="method-content">
                  <a name="executeTestCase(checkMyCart, Yes, org.testng.TestRunner@dc58a56)">
                  </a> <!-- executeTestCase(checkMyCart, Yes, org.testng.TestRunner@dc58a56) -->
                  <span class="method-name">executeTestCase</span>
                  <span class="parameters">(checkMyCart,Yes,org.testng.TestRunner@dc58a56)</span>
                  <div class="stack-trace">org.openqa.selenium.NoSuchElementException: Unable to locate element: //a[@href=&quot;/viewcart?exploreMode=true&amp;preference=GROCERY&quot;][1]
For documentation on this error, please visit: https://www.selenium.dev/documentation/webdriver/troubleshooting/errors#no-such-element-exception
Build info: version: &apos;4.18.1&apos;, revision: &apos;b1d3319b48&apos;
System info: os.name: &apos;Windows 11&apos;, os.arch: &apos;amd64&apos;, os.version: &apos;10.0&apos;, java.version: &apos;17.0.10&apos;
Driver info: org.openqa.selenium.firefox.FirefoxDriver
Command: [45235e6e-8534-45d1-8f4e-3fcf5abfb825, findElement {value=//a[@href=&quot;/viewcart?exploreMode=true&amp;preference=GROCERY&quot;][1], using=xpath}]
Capabilities {acceptInsecureCerts: true, browserName: firefox, browserVersion: 125.0.3, moz:accessibilityChecks: false, moz:buildID: 20240425211020, moz:debuggerAddress: 127.0.0.1:39656, moz:geckodriverVersion: 0.34.0, moz:headless: false, moz:platformVersion: 10.0, moz:processID: 40684, moz:profile: C:\Users\VARUNB~1\AppData\L..., moz:shutdownTimeout: 60000, moz:webdriverClick: true, moz:windowless: false, pageLoadStrategy: normal, platformName: windows, proxy: Proxy(), se:cdp: ws://127.0.0.1:39656/devtoo..., se:cdpVersion: 85.0, setWindowRect: true, strictFileInteractability: false, timeouts: {implicit: 0, pageLoad: 300000, script: 30000}, unhandledPromptBehavior: dismiss and notify, userAgent: Mozilla/5.0 (Windows NT 10....}
Session ID: 45235e6e-8534-45d1-8f4e-3fcf5abfb825
	at org.openqa.selenium.remote.ErrorCodec.decode(ErrorCodec.java:167)
	at org.openqa.selenium.remote.codec.w3c.W3CHttpResponseCodec.decode(W3CHttpResponseCodec.java:138)
	at org.openqa.selenium.remote.codec.w3c.W3CHttpResponseCodec.decode(W3CHttpResponseCodec.java:50)
	at org.openqa.selenium.remote.HttpCommandExecutor.execute(HttpCommandExecutor.java:190)
	at org.openqa.selenium.remote.service.DriverCommandExecutor.invokeExecute(DriverCommandExecutor.java:216)
	at org.openqa.selenium.remote.service.DriverCommandExecutor.execute(DriverCommandExecutor.java:174)
	at org.openqa.selenium.remote.RemoteWebDriver.execute(RemoteWebDriver.java:519)
	at org.openqa.selenium.remote.ElementLocation$ElementFinder$2.findElement(ElementLocation.java:165)
	at org.openqa.selenium.remote.ElementLocation.findElement(ElementLocation.java:59)
	at org.openqa.selenium.remote.RemoteWebDriver.findElement(RemoteWebDriver.java:356)
	at org.openqa.selenium.remote.RemoteWebDriver.findElement(RemoteWebDriver.java:350)
	at org.openqa.selenium.support.pagefactory.DefaultElementLocator.findElement(DefaultElementLocator.java:68)
	at org.openqa.selenium.support.pagefactory.internal.LocatingElementHandler.invoke(LocatingElementHandler.java:38)
	at jdk.proxy2/jdk.proxy2.$Proxy15.click(Unknown Source)
	at pages.FlipkartCheckCart.clickCartButton(FlipkartCheckCart.java:25)
	at tests.Test_FlipkartSite.checkMyCart(Test_FlipkartSite.java:438)
	at tests.Test_FlipkartSite.executeTestCase(Test_FlipkartSite.java:182)
	at java.base/java.util.ArrayList.forEach(ArrayList.java:1511)
	at java.base/java.util.concurrent.FutureTask.run(FutureTask.java:264)
	at java.base/java.util.concurrent.ThreadPoolExecutor.runWorker(ThreadPoolExecutor.java:1136)
	at java.base/java.util.concurrent.ThreadPoolExecutor$Worker.run(ThreadPoolExecutor.java:635)
	at java.base/java.lang.Thread.run(Thread.java:840)
... Removed 21 stack frames
</div> <!-- stack-trace -->
                </div> <!-- method-content -->
              </div> <!-- method -->
              <div class="method">
                <div class="method-content">
                  <a name="executeTestCase(registerUser, Yes, org.testng.TestRunner@dc58a56)">
                  </a> <!-- executeTestCase(registerUser, Yes, org.testng.TestRunner@dc58a56) -->
                  <span class="method-name">executeTestCase</span>
                  <span class="parameters">(registerUser,Yes,org.testng.TestRunner@dc58a56)</span>
                  <div class="stack-trace">org.openqa.selenium.NoSuchElementException: Unable to locate element: //span[text()=&quot;Enter OTP&quot;]
For documentation on this error, please visit: https://www.selenium.dev/documentation/webdriver/troubleshooting/errors#no-such-element-exception
Build info: version: &apos;4.18.1&apos;, revision: &apos;b1d3319b48&apos;
System info: os.name: &apos;Windows 11&apos;, os.arch: &apos;amd64&apos;, os.version: &apos;10.0&apos;, java.version: &apos;17.0.10&apos;
Driver info: org.openqa.selenium.firefox.FirefoxDriver
Command: [45235e6e-8534-45d1-8f4e-3fcf5abfb825, findElement {value=//span[text()=&quot;Enter OTP&quot;], using=xpath}]
Capabilities {acceptInsecureCerts: true, browserName: firefox, browserVersion: 125.0.3, moz:accessibilityChecks: false, moz:buildID: 20240425211020, moz:debuggerAddress: 127.0.0.1:39656, moz:geckodriverVersion: 0.34.0, moz:headless: false, moz:platformVersion: 10.0, moz:processID: 40684, moz:profile: C:\Users\VARUNB~1\AppData\L..., moz:shutdownTimeout: 60000, moz:webdriverClick: true, moz:windowless: false, pageLoadStrategy: normal, platformName: windows, proxy: Proxy(), se:cdp: ws://127.0.0.1:39656/devtoo..., se:cdpVersion: 85.0, setWindowRect: true, strictFileInteractability: false, timeouts: {implicit: 0, pageLoad: 300000, script: 30000}, unhandledPromptBehavior: dismiss and notify, userAgent: Mozilla/5.0 (Windows NT 10....}
Session ID: 45235e6e-8534-45d1-8f4e-3fcf5abfb825
	at org.openqa.selenium.remote.ErrorCodec.decode(ErrorCodec.java:167)
	at org.openqa.selenium.remote.codec.w3c.W3CHttpResponseCodec.decode(W3CHttpResponseCodec.java:138)
	at org.openqa.selenium.remote.codec.w3c.W3CHttpResponseCodec.decode(W3CHttpResponseCodec.java:50)
	at org.openqa.selenium.remote.HttpCommandExecutor.execute(HttpCommandExecutor.java:190)
	at org.openqa.selenium.remote.service.DriverCommandExecutor.invokeExecute(DriverCommandExecutor.java:216)
	at org.openqa.selenium.remote.service.DriverCommandExecutor.execute(DriverCommandExecutor.java:174)
	at org.openqa.selenium.remote.RemoteWebDriver.execute(RemoteWebDriver.java:519)
	at org.openqa.selenium.remote.ElementLocation$ElementFinder$2.findElement(ElementLocation.java:165)
	at org.openqa.selenium.remote.ElementLocation.findElement(ElementLocation.java:59)
	at org.openqa.selenium.remote.RemoteWebDriver.findElement(RemoteWebDriver.java:356)
	at org.openqa.selenium.remote.RemoteWebDriver.findElement(RemoteWebDriver.java:350)
	at org.openqa.selenium.support.pagefactory.DefaultElementLocator.findElement(DefaultElementLocator.java:68)
	at org.openqa.selenium.support.pagefactory.internal.LocatingElementHandler.invoke(LocatingElementHandler.java:38)
	at jdk.proxy2/jdk.proxy2.$Proxy15.sendKeys(Unknown Source)
	at pages.FlipkartRegister.enterOTP(FlipkartRegister.java:55)
	at tests.Test_FlipkartSite.registerUser(Test_FlipkartSite.java:481)
	at tests.Test_FlipkartSite.executeTestCase(Test_FlipkartSite.java:190)
	at java.base/java.util.ArrayList.forEach(ArrayList.java:1511)
	at java.base/java.util.concurrent.FutureTask.run(FutureTask.java:264)
	at java.base/java.util.concurrent.ThreadPoolExecutor.runWorker(ThreadPoolExecutor.java:1136)
	at java.base/java.util.concurrent.ThreadPoolExecutor$Worker.run(ThreadPoolExecutor.java:635)
	at java.base/java.lang.Thread.run(Thread.java:840)
... Removed 21 stack frames
</div> <!-- stack-trace -->
                </div> <!-- method-content -->
              </div> <!-- method -->
              <div class="method">
                <div class="method-content">
                  <a name="executeTestCase(applyBrandFilter, Yes, org.testng.TestRunner@dc58a56)">
                  </a> <!-- executeTestCase(applyBrandFilter, Yes, org.testng.TestRunner@dc58a56) -->
                  <span class="method-name">executeTestCase</span>
                  <span class="parameters">(applyBrandFilter,Yes,org.testng.TestRunner@dc58a56)</span>
                  <div class="stack-trace">org.openqa.selenium.ElementClickInterceptedException: Element &lt;div class=&quot;XqNaEv&quot;&gt; is not clickable at point (31,7) because another element &lt;div class=&quot;LOe-Xr&quot;&gt; obscures it
Build info: version: &apos;4.18.1&apos;, revision: &apos;b1d3319b48&apos;
System info: os.name: &apos;Windows 11&apos;, os.arch: &apos;amd64&apos;, os.version: &apos;10.0&apos;, java.version: &apos;17.0.10&apos;
Driver info: org.openqa.selenium.firefox.FirefoxDriver
Command: [45235e6e-8534-45d1-8f4e-3fcf5abfb825, clickElement {id=9dd73eaf-3035-4e2e-bca1-6e8b9b5baf86}]
Capabilities {acceptInsecureCerts: true, browserName: firefox, browserVersion: 125.0.3, moz:accessibilityChecks: false, moz:buildID: 20240425211020, moz:debuggerAddress: 127.0.0.1:39656, moz:geckodriverVersion: 0.34.0, moz:headless: false, moz:platformVersion: 10.0, moz:processID: 40684, moz:profile: C:\Users\VARUNB~1\AppData\L..., moz:shutdownTimeout: 60000, moz:webdriverClick: true, moz:windowless: false, pageLoadStrategy: normal, platformName: windows, proxy: Proxy(), se:cdp: ws://127.0.0.1:39656/devtoo..., se:cdpVersion: 85.0, setWindowRect: true, strictFileInteractability: false, timeouts: {implicit: 0, pageLoad: 300000, script: 30000}, unhandledPromptBehavior: dismiss and notify, userAgent: Mozilla/5.0 (Windows NT 10....}
Element: [[FirefoxDriver: firefox on windows (45235e6e-8534-45d1-8f4e-3fcf5abfb825)] -&gt; xpath: //div[text()=&apos;SAMSUNG&apos;]/preceding-sibling::div]
Session ID: 45235e6e-8534-45d1-8f4e-3fcf5abfb825
	at org.openqa.selenium.remote.ErrorCodec.decode(ErrorCodec.java:167)
	at org.openqa.selenium.remote.codec.w3c.W3CHttpResponseCodec.decode(W3CHttpResponseCodec.java:138)
	at org.openqa.selenium.remote.codec.w3c.W3CHttpResponseCodec.decode(W3CHttpResponseCodec.java:50)
	at org.openqa.selenium.remote.HttpCommandExecutor.execute(HttpCommandExecutor.java:190)
	at org.openqa.selenium.remote.service.DriverCommandExecutor.invokeExecute(DriverCommandExecutor.java:216)
	at org.openqa.selenium.remote.service.DriverCommandExecutor.execute(DriverCommandExecutor.java:174)
	at org.openqa.selenium.remote.RemoteWebDriver.execute(RemoteWebDriver.java:519)
	at org.openqa.selenium.remote.RemoteWebElement.execute(RemoteWebElement.java:223)
	at org.openqa.selenium.remote.RemoteWebElement.click(RemoteWebElement.java:76)
	at org.openqa.selenium.support.pagefactory.internal.LocatingElementHandler.invoke(LocatingElementHandler.java:51)
	at jdk.proxy2/jdk.proxy2.$Proxy15.click(Unknown Source)
	at pages.FlipkartBrandFilters.brandFilter(FlipkartBrandFilters.java:34)
	at tests.Test_FlipkartSite.applyBrandFilter(Test_FlipkartSite.java:337)
	at tests.Test_FlipkartSite.executeTestCase(Test_FlipkartSite.java:154)
	at java.base/java.util.ArrayList.forEach(ArrayList.java:1511)
	at java.base/java.util.concurrent.FutureTask.run(FutureTask.java:264)
	at java.base/java.util.concurrent.ThreadPoolExecutor.runWorker(ThreadPoolExecutor.java:1136)
	at java.base/java.util.concurrent.ThreadPoolExecutor$Worker.run(ThreadPoolExecutor.java:635)
	at java.base/java.lang.Thread.run(Thread.java:840)
... Removed 24 stack frames
</div> <!-- stack-trace -->
                </div> <!-- method-content -->
              </div> <!-- method -->
              <div class="method">
                <div class="method-content">
                  <a name="executeTestCase(checkFlights, Yes, org.testng.TestRunner@dc58a56)">
                  </a> <!-- executeTestCase(checkFlights, Yes, org.testng.TestRunner@dc58a56) -->
                  <span class="method-name">executeTestCase</span>
                  <span class="parameters">(checkFlights,Yes,org.testng.TestRunner@dc58a56)</span>
                  <div class="stack-trace">org.openqa.selenium.StaleElementReferenceException: The element with the reference 3f18dbee-ad97-49b1-b743-0e6489d1c139 is stale; either its node document is not the active document, or it is no longer connected to the DOM
For documentation on this error, please visit: https://www.selenium.dev/documentation/webdriver/troubleshooting/errors#stale-element-reference-exception
Build info: version: &apos;4.18.1&apos;, revision: &apos;b1d3319b48&apos;
System info: os.name: &apos;Windows 11&apos;, os.arch: &apos;amd64&apos;, os.version: &apos;10.0&apos;, java.version: &apos;17.0.10&apos;
Driver info: org.openqa.selenium.firefox.FirefoxDriver
Command: [45235e6e-8534-45d1-8f4e-3fcf5abfb825, getElementText {id=3f18dbee-ad97-49b1-b743-0e6489d1c139}]
Capabilities {acceptInsecureCerts: true, browserName: firefox, browserVersion: 125.0.3, moz:accessibilityChecks: false, moz:buildID: 20240425211020, moz:debuggerAddress: 127.0.0.1:39656, moz:geckodriverVersion: 0.34.0, moz:headless: false, moz:platformVersion: 10.0, moz:processID: 40684, moz:profile: C:\Users\VARUNB~1\AppData\L..., moz:shutdownTimeout: 60000, moz:webdriverClick: true, moz:windowless: false, pageLoadStrategy: normal, platformName: windows, proxy: Proxy(), se:cdp: ws://127.0.0.1:39656/devtoo..., se:cdpVersion: 85.0, setWindowRect: true, strictFileInteractability: false, timeouts: {implicit: 0, pageLoad: 300000, script: 30000}, unhandledPromptBehavior: dismiss and notify, userAgent: Mozilla/5.0 (Windows NT 10....}
Element: [[FirefoxDriver: firefox on windows (45235e6e-8534-45d1-8f4e-3fcf5abfb825)] -&gt; css selector: div._98hP1j span]
Session ID: 45235e6e-8534-45d1-8f4e-3fcf5abfb825
	at org.openqa.selenium.remote.ErrorCodec.decode(ErrorCodec.java:167)
	at org.openqa.selenium.remote.codec.w3c.W3CHttpResponseCodec.decode(W3CHttpResponseCodec.java:138)
	at org.openqa.selenium.remote.codec.w3c.W3CHttpResponseCodec.decode(W3CHttpResponseCodec.java:50)
	at org.openqa.selenium.remote.HttpCommandExecutor.execute(HttpCommandExecutor.java:190)
	at org.openqa.selenium.remote.service.DriverCommandExecutor.invokeExecute(DriverCommandExecutor.java:216)
	at org.openqa.selenium.remote.service.DriverCommandExecutor.execute(DriverCommandExecutor.java:174)
	at org.openqa.selenium.remote.RemoteWebDriver.execute(RemoteWebDriver.java:519)
	at org.openqa.selenium.remote.RemoteWebElement.execute(RemoteWebElement.java:223)
	at org.openqa.selenium.remote.RemoteWebElement.getText(RemoteWebElement.java:191)
	at pages.FlipkartFlightPage.selectCity(FlipkartFlightPage.java:42)
	at tests.Test_FlipkartSite.checkFlights(Test_FlipkartSite.java:461)
	at tests.Test_FlipkartSite.executeTestCase(Test_FlipkartSite.java:186)
	at java.base/java.util.ArrayList.forEach(ArrayList.java:1511)
	at java.base/java.util.concurrent.FutureTask.run(FutureTask.java:264)
	at java.base/java.util.concurrent.ThreadPoolExecutor.runWorker(ThreadPoolExecutor.java:1136)
	at java.base/java.util.concurrent.ThreadPoolExecutor$Worker.run(ThreadPoolExecutor.java:635)
	at java.base/java.lang.Thread.run(Thread.java:840)
... Removed 21 stack frames
</div> <!-- stack-trace -->
                </div> <!-- method-content -->
              </div> <!-- method -->
              <div class="method">
                <div class="method-content">
                  <a name="executeTestCase(checkMenApparel, Yes, org.testng.TestRunner@dc58a56)">
                  </a> <!-- executeTestCase(checkMenApparel, Yes, org.testng.TestRunner@dc58a56) -->
                  <span class="method-name">executeTestCase</span>
                  <span class="parameters">(checkMenApparel,Yes,org.testng.TestRunner@dc58a56)</span>
                  <div class="stack-trace">org.openqa.selenium.interactions.MoveTargetOutOfBoundsException: Move target (373, -219) is out of bounds of viewport dimensions (1280, 587)
Build info: version: &apos;4.18.1&apos;, revision: &apos;b1d3319b48&apos;
System info: os.name: &apos;Windows 11&apos;, os.arch: &apos;amd64&apos;, os.version: &apos;10.0&apos;, java.version: &apos;17.0.10&apos;
Driver info: org.openqa.selenium.firefox.FirefoxDriver
Command: [45235e6e-8534-45d1-8f4e-3fcf5abfb825, actions {actions=[org.openqa.selenium.interactions.Sequence@65867872]}]
Capabilities {acceptInsecureCerts: true, browserName: firefox, browserVersion: 125.0.3, moz:accessibilityChecks: false, moz:buildID: 20240425211020, moz:debuggerAddress: 127.0.0.1:39656, moz:geckodriverVersion: 0.34.0, moz:headless: false, moz:platformVersion: 10.0, moz:processID: 40684, moz:profile: C:\Users\VARUNB~1\AppData\L..., moz:shutdownTimeout: 60000, moz:webdriverClick: true, moz:windowless: false, pageLoadStrategy: normal, platformName: windows, proxy: Proxy(), se:cdp: ws://127.0.0.1:39656/devtoo..., se:cdpVersion: 85.0, setWindowRect: true, strictFileInteractability: false, timeouts: {implicit: 0, pageLoad: 300000, script: 30000}, unhandledPromptBehavior: dismiss and notify, userAgent: Mozilla/5.0 (Windows NT 10....}
Session ID: 45235e6e-8534-45d1-8f4e-3fcf5abfb825
	at org.openqa.selenium.remote.ErrorCodec.decode(ErrorCodec.java:167)
	at org.openqa.selenium.remote.codec.w3c.W3CHttpResponseCodec.decode(W3CHttpResponseCodec.java:138)
	at org.openqa.selenium.remote.codec.w3c.W3CHttpResponseCodec.decode(W3CHttpResponseCodec.java:50)
	at org.openqa.selenium.remote.HttpCommandExecutor.execute(HttpCommandExecutor.java:190)
	at org.openqa.selenium.remote.service.DriverCommandExecutor.invokeExecute(DriverCommandExecutor.java:216)
	at org.openqa.selenium.remote.service.DriverCommandExecutor.execute(DriverCommandExecutor.java:174)
	at org.openqa.selenium.remote.RemoteWebDriver.execute(RemoteWebDriver.java:519)
	at org.openqa.selenium.remote.RemoteWebDriver.perform(RemoteWebDriver.java:605)
	at org.openqa.selenium.interactions.Actions$BuiltAction.perform(Actions.java:603)
	at org.openqa.selenium.interactions.Actions.perform(Actions.java:568)
	at pages.FlipkartMenApparel.handleMenApparelAction(FlipkartMenApparel.java:30)
	at tests.Test_FlipkartSite.checkMenApparel(Test_FlipkartSite.java:370)
	at tests.Test_FlipkartSite.executeTestCase(Test_FlipkartSite.java:166)
	at java.base/java.util.ArrayList.forEach(ArrayList.java:1511)
	at java.base/java.util.concurrent.FutureTask.run(FutureTask.java:264)
	at java.base/java.util.concurrent.ThreadPoolExecutor.runWorker(ThreadPoolExecutor.java:1136)
	at java.base/java.util.concurrent.ThreadPoolExecutor$Worker.run(ThreadPoolExecutor.java:635)
	at java.base/java.lang.Thread.run(Thread.java:840)
... Removed 21 stack frames
</div> <!-- stack-trace -->
                </div> <!-- method-content -->
              </div> <!-- method -->
              <div class="method">
                <div class="method-content">
                  <a name="executeTestCase(checkLogin, Yes, org.testng.TestRunner@dc58a56)">
                  </a> <!-- executeTestCase(checkLogin, Yes, org.testng.TestRunner@dc58a56) -->
                  <span class="method-name">executeTestCase</span>
                  <span class="parameters">(checkLogin,Yes,org.testng.TestRunner@dc58a56)</span>
                  <div class="stack-trace">com.mailosaur.MailosaurException: No matching messages found in time. By default, only messages received in the last hour are checked (use receivedAfter to override this).
	at com.mailosaur.Messages.search(Messages.java:345)
	at com.mailosaur.Messages.get(Messages.java:55)
	at pages.FlipkartLoginPage.generateOTP(FlipkartLoginPage.java:84)
	at tests.Test_FlipkartSite.checkLogin(Test_FlipkartSite.java:505)
	at tests.Test_FlipkartSite.executeTestCase(Test_FlipkartSite.java:194)
	at java.base/java.util.ArrayList.forEach(ArrayList.java:1511)
	at java.base/java.util.concurrent.FutureTask.run(FutureTask.java:264)
	at java.base/java.util.concurrent.ThreadPoolExecutor.runWorker(ThreadPoolExecutor.java:1136)
	at java.base/java.util.concurrent.ThreadPoolExecutor$Worker.run(ThreadPoolExecutor.java:635)
	at java.base/java.lang.Thread.run(Thread.java:840)
... Removed 16 stack frames
</div> <!-- stack-trace -->
                </div> <!-- method-content -->
              </div> <!-- method -->
            </div> <!-- main-panel-content rounded-window-bottom -->
          </div> <!-- suite-Suite-class-failed -->
          <div class="suite-Suite-class-passed">
            <div class="main-panel-header rounded-window-top">
              <img src="passed.png"/>
              <span class="class-name">tests.Test_FlipkartSite</span>
            </div> <!-- main-panel-header rounded-window-top -->
            <div class="main-panel-content rounded-window-bottom">
              <div class="method">
                <div class="method-content">
                  <a name="executeTestCase(clickOnProduct, No, org.testng.TestRunner@42f0f416)">
                  </a> <!-- executeTestCase(clickOnProduct, No, org.testng.TestRunner@42f0f416) -->
                  <span class="method-name">executeTestCase</span>
                  <span class="parameters">(clickOnProduct,No,org.testng.TestRunner@42f0f416)</span>
                </div> <!-- method-content -->
              </div> <!-- method -->
              <div class="method">
                <div class="method-content">
                  <a name="executeTestCase(placeOrder, Yes, org.testng.TestRunner@42f0f416)">
                  </a> <!-- executeTestCase(placeOrder, Yes, org.testng.TestRunner@42f0f416) -->
                  <span class="method-name">executeTestCase</span>
                  <span class="parameters">(placeOrder,Yes,org.testng.TestRunner@42f0f416)</span>
                </div> <!-- method-content -->
              </div> <!-- method -->
              <div class="method">
                <div class="method-content">
                  <a name="executeTestCase(applyBatteryCapacityFilter, No, org.testng.TestRunner@42f0f416)">
                  </a> <!-- executeTestCase(applyBatteryCapacityFilter, No, org.testng.TestRunner@42f0f416) -->
                  <span class="method-name">executeTestCase</span>
                  <span class="parameters">(applyBatteryCapacityFilter,No,org.testng.TestRunner@42f0f416)</span>
                </div> <!-- method-content -->
              </div> <!-- method -->
              <div class="method">
                <div class="method-content">
                  <a name="executeTestCase(searchProduct, Yes, org.testng.TestRunner@42f0f416)">
                  </a> <!-- executeTestCase(searchProduct, Yes, org.testng.TestRunner@42f0f416) -->
                  <span class="method-name">executeTestCase</span>
                  <span class="parameters">(searchProduct,Yes,org.testng.TestRunner@42f0f416)</span>
                </div> <!-- method-content -->
              </div> <!-- method -->
              <div class="method">
                <div class="method-content">
                  <a name="executeTestCase(checkFlights, Yes, org.testng.TestRunner@42f0f416)">
                  </a> <!-- executeTestCase(checkFlights, Yes, org.testng.TestRunner@42f0f416) -->
                  <span class="method-name">executeTestCase</span>
                  <span class="parameters">(checkFlights,Yes,org.testng.TestRunner@42f0f416)</span>
                </div> <!-- method-content -->
              </div> <!-- method -->
              <div class="method">
                <div class="method-content">
                  <a name="executeTestCase(checkMenApparel, Yes, org.testng.TestRunner@42f0f416)">
                  </a> <!-- executeTestCase(checkMenApparel, Yes, org.testng.TestRunner@42f0f416) -->
                  <span class="method-name">executeTestCase</span>
                  <span class="parameters">(checkMenApparel,Yes,org.testng.TestRunner@42f0f416)</span>
                </div> <!-- method-content -->
              </div> <!-- method -->
              <div class="method">
                <div class="method-content">
                  <a name="executeTestCase(addToCart, Yes, org.testng.TestRunner@42f0f416)">
                  </a> <!-- executeTestCase(addToCart, Yes, org.testng.TestRunner@42f0f416) -->
                  <span class="method-name">executeTestCase</span>
                  <span class="parameters">(addToCart,Yes,org.testng.TestRunner@42f0f416)</span>
                </div> <!-- method-content -->
              </div> <!-- method -->
              <div class="method">
                <div class="method-content">
                  <a name="executeTestCase(applyRatingFilter, Yes, org.testng.TestRunner@42f0f416)">
                  </a> <!-- executeTestCase(applyRatingFilter, Yes, org.testng.TestRunner@42f0f416) -->
                  <span class="method-name">executeTestCase</span>
                  <span class="parameters">(applyRatingFilter,Yes,org.testng.TestRunner@42f0f416)</span>
                </div> <!-- method-content -->
              </div> <!-- method -->
              <div class="method">
                <div class="method-content">
                  <a name="executeTestCase(checkFurniture, No, org.testng.TestRunner@42f0f416)">
                  </a> <!-- executeTestCase(checkFurniture, No, org.testng.TestRunner@42f0f416) -->
                  <span class="method-name">executeTestCase</span>
                  <span class="parameters">(checkFurniture,No,org.testng.TestRunner@42f0f416)</span>
                </div> <!-- method-content -->
              </div> <!-- method -->
              <div class="method">
                <div class="method-content">
                  <a name="executeTestCase(checkGrocerySection, No, org.testng.TestRunner@42f0f416)">
                  </a> <!-- executeTestCase(checkGrocerySection, No, org.testng.TestRunner@42f0f416) -->
                  <span class="method-name">executeTestCase</span>
                  <span class="parameters">(checkGrocerySection,No,org.testng.TestRunner@42f0f416)</span>
                </div> <!-- method-content -->
              </div> <!-- method -->
              <div class="method">
                <div class="method-content">
                  <a name="executeTestCase(checkProductImages, Yes, org.testng.TestRunner@42f0f416)">
                  </a> <!-- executeTestCase(checkProductImages, Yes, org.testng.TestRunner@42f0f416) -->
                  <span class="method-name">executeTestCase</span>
                  <span class="parameters">(checkProductImages,Yes,org.testng.TestRunner@42f0f416)</span>
                </div> <!-- method-content -->
              </div> <!-- method -->
              <div class="method">
                <div class="method-content">
                  <a name="executeTestCase(sortProduct, Yes, org.testng.TestRunner@42f0f416)">
                  </a> <!-- executeTestCase(sortProduct, Yes, org.testng.TestRunner@42f0f416) -->
                  <span class="method-name">executeTestCase</span>
                  <span class="parameters">(sortProduct,Yes,org.testng.TestRunner@42f0f416)</span>
                </div> <!-- method-content -->
              </div> <!-- method -->
              <div class="method">
                <div class="method-content">
                  <a name="executeTestCase(applyPriceFilter, Yes, org.testng.TestRunner@42f0f416)">
                  </a> <!-- executeTestCase(applyPriceFilter, Yes, org.testng.TestRunner@42f0f416) -->
                  <span class="method-name">executeTestCase</span>
                  <span class="parameters">(applyPriceFilter,Yes,org.testng.TestRunner@42f0f416)</span>
                </div> <!-- method-content -->
              </div> <!-- method -->
              <div class="method">
                <div class="method-content">
                  <a name="executeTestCase(checkOfferZone, Yes, org.testng.TestRunner@42f0f416)">
                  </a> <!-- executeTestCase(checkOfferZone, Yes, org.testng.TestRunner@42f0f416) -->
                  <span class="method-name">executeTestCase</span>
                  <span class="parameters">(checkOfferZone,Yes,org.testng.TestRunner@42f0f416)</span>
                </div> <!-- method-content -->
              </div> <!-- method -->
              <div class="method">
                <div class="method-content">
                  <a name="executeTestCase(getFlipkartSite, Yes, org.testng.TestRunner@42f0f416)">
                  </a> <!-- executeTestCase(getFlipkartSite, Yes, org.testng.TestRunner@42f0f416) -->
                  <span class="method-name">executeTestCase</span>
                  <span class="parameters">(getFlipkartSite,Yes,org.testng.TestRunner@42f0f416)</span>
                </div> <!-- method-content -->
              </div> <!-- method -->
              <div class="method">
                <div class="method-content">
                  <a name="executeTestCase(addToCart, Yes, org.testng.TestRunner@591b8c05)">
                  </a> <!-- executeTestCase(addToCart, Yes, org.testng.TestRunner@591b8c05) -->
                  <span class="method-name">executeTestCase</span>
                  <span class="parameters">(addToCart,Yes,org.testng.TestRunner@591b8c05)</span>
                </div> <!-- method-content -->
              </div> <!-- method -->
              <div class="method">
                <div class="method-content">
                  <a name="executeTestCase(applyBatteryCapacityFilter, No, org.testng.TestRunner@591b8c05)">
                  </a> <!-- executeTestCase(applyBatteryCapacityFilter, No, org.testng.TestRunner@591b8c05) -->
                  <span class="method-name">executeTestCase</span>
                  <span class="parameters">(applyBatteryCapacityFilter,No,org.testng.TestRunner@591b8c05)</span>
                </div> <!-- method-content -->
              </div> <!-- method -->
              <div class="method">
                <div class="method-content">
                  <a name="executeTestCase(checkGrocerySection, No, org.testng.TestRunner@591b8c05)">
                  </a> <!-- executeTestCase(checkGrocerySection, No, org.testng.TestRunner@591b8c05) -->
                  <span class="method-name">executeTestCase</span>
                  <span class="parameters">(checkGrocerySection,No,org.testng.TestRunner@591b8c05)</span>
                </div> <!-- method-content -->
              </div> <!-- method -->
              <div class="method">
                <div class="method-content">
                  <a name="executeTestCase(clickOnProduct, No, org.testng.TestRunner@591b8c05)">
                  </a> <!-- executeTestCase(clickOnProduct, No, org.testng.TestRunner@591b8c05) -->
                  <span class="method-name">executeTestCase</span>
                  <span class="parameters">(clickOnProduct,No,org.testng.TestRunner@591b8c05)</span>
                </div> <!-- method-content -->
              </div> <!-- method -->
              <div class="method">
                <div class="method-content">
                  <a name="executeTestCase(searchProduct, Yes, org.testng.TestRunner@591b8c05)">
                  </a> <!-- executeTestCase(searchProduct, Yes, org.testng.TestRunner@591b8c05) -->
                  <span class="method-name">executeTestCase</span>
                  <span class="parameters">(searchProduct,Yes,org.testng.TestRunner@591b8c05)</span>
                </div> <!-- method-content -->
              </div> <!-- method -->
              <div class="method">
                <div class="method-content">
                  <a name="executeTestCase(changingPinCode, Yes, org.testng.TestRunner@591b8c05)">
                  </a> <!-- executeTestCase(changingPinCode, Yes, org.testng.TestRunner@591b8c05) -->
                  <span class="method-name">executeTestCase</span>
                  <span class="parameters">(changingPinCode,Yes,org.testng.TestRunner@591b8c05)</span>
                </div> <!-- method-content -->
              </div> <!-- method -->
              <div class="method">
                <div class="method-content">
                  <a name="executeTestCase(checkOfferZone, Yes, org.testng.TestRunner@591b8c05)">
                  </a> <!-- executeTestCase(checkOfferZone, Yes, org.testng.TestRunner@591b8c05) -->
                  <span class="method-name">executeTestCase</span>
                  <span class="parameters">(checkOfferZone,Yes,org.testng.TestRunner@591b8c05)</span>
                </div> <!-- method-content -->
              </div> <!-- method -->
              <div class="method">
                <div class="method-content">
                  <a name="executeTestCase(placeOrder, Yes, org.testng.TestRunner@591b8c05)">
                  </a> <!-- executeTestCase(placeOrder, Yes, org.testng.TestRunner@591b8c05) -->
                  <span class="method-name">executeTestCase</span>
                  <span class="parameters">(placeOrder,Yes,org.testng.TestRunner@591b8c05)</span>
                </div> <!-- method-content -->
              </div> <!-- method -->
              <div class="method">
                <div class="method-content">
                  <a name="executeTestCase(checkProductImages, Yes, org.testng.TestRunner@591b8c05)">
                  </a> <!-- executeTestCase(checkProductImages, Yes, org.testng.TestRunner@591b8c05) -->
                  <span class="method-name">executeTestCase</span>
                  <span class="parameters">(checkProductImages,Yes,org.testng.TestRunner@591b8c05)</span>
                </div> <!-- method-content -->
              </div> <!-- method -->
              <div class="method">
                <div class="method-content">
                  <a name="executeTestCase(sortProduct, Yes, org.testng.TestRunner@591b8c05)">
                  </a> <!-- executeTestCase(sortProduct, Yes, org.testng.TestRunner@591b8c05) -->
                  <span class="method-name">executeTestCase</span>
                  <span class="parameters">(sortProduct,Yes,org.testng.TestRunner@591b8c05)</span>
                </div> <!-- method-content -->
              </div> <!-- method -->
              <div class="method">
                <div class="method-content">
                  <a name="executeTestCase(checkFlights, Yes, org.testng.TestRunner@591b8c05)">
                  </a> <!-- executeTestCase(checkFlights, Yes, org.testng.TestRunner@591b8c05) -->
                  <span class="method-name">executeTestCase</span>
                  <span class="parameters">(checkFlights,Yes,org.testng.TestRunner@591b8c05)</span>
                </div> <!-- method-content -->
              </div> <!-- method -->
              <div class="method">
                <div class="method-content">
                  <a name="executeTestCase(getFlipkartSite, Yes, org.testng.TestRunner@591b8c05)">
                  </a> <!-- executeTestCase(getFlipkartSite, Yes, org.testng.TestRunner@591b8c05) -->
                  <span class="method-name">executeTestCase</span>
                  <span class="parameters">(getFlipkartSite,Yes,org.testng.TestRunner@591b8c05)</span>
                </div> <!-- method-content -->
              </div> <!-- method -->
              <div class="method">
                <div class="method-content">
                  <a name="executeTestCase(applyPriceFilter, Yes, org.testng.TestRunner@591b8c05)">
                  </a> <!-- executeTestCase(applyPriceFilter, Yes, org.testng.TestRunner@591b8c05) -->
                  <span class="method-name">executeTestCase</span>
                  <span class="parameters">(applyPriceFilter,Yes,org.testng.TestRunner@591b8c05)</span>
                </div> <!-- method-content -->
              </div> <!-- method -->
              <div class="method">
                <div class="method-content">
                  <a name="executeTestCase(checkFurniture, No, org.testng.TestRunner@591b8c05)">
                  </a> <!-- executeTestCase(checkFurniture, No, org.testng.TestRunner@591b8c05) -->
                  <span class="method-name">executeTestCase</span>
                  <span class="parameters">(checkFurniture,No,org.testng.TestRunner@591b8c05)</span>
                </div> <!-- method-content -->
              </div> <!-- method -->
              <div class="method">
                <div class="method-content">
                  <a name="executeTestCase(checkMenApparel, Yes, org.testng.TestRunner@591b8c05)">
                  </a> <!-- executeTestCase(checkMenApparel, Yes, org.testng.TestRunner@591b8c05) -->
                  <span class="method-name">executeTestCase</span>
                  <span class="parameters">(checkMenApparel,Yes,org.testng.TestRunner@591b8c05)</span>
                </div> <!-- method-content -->
              </div> <!-- method -->
              <div class="method">
                <div class="method-content">
                  <a name="executeTestCase(applyRatingFilter, Yes, org.testng.TestRunner@591b8c05)">
                  </a> <!-- executeTestCase(applyRatingFilter, Yes, org.testng.TestRunner@591b8c05) -->
                  <span class="method-name">executeTestCase</span>
                  <span class="parameters">(applyRatingFilter,Yes,org.testng.TestRunner@591b8c05)</span>
                </div> <!-- method-content -->
              </div> <!-- method -->
              <div class="method">
                <div class="method-content">
                  <a name="executeTestCase(applyBatteryCapacityFilter, No, org.testng.TestRunner@1013f878)">
                  </a> <!-- executeTestCase(applyBatteryCapacityFilter, No, org.testng.TestRunner@1013f878) -->
                  <span class="method-name">executeTestCase</span>
                  <span class="parameters">(applyBatteryCapacityFilter,No,org.testng.TestRunner@1013f878)</span>
                </div> <!-- method-content -->
              </div> <!-- method -->
              <div class="method">
                <div class="method-content">
                  <a name="executeTestCase(checkProductImages, Yes, org.testng.TestRunner@1013f878)">
                  </a> <!-- executeTestCase(checkProductImages, Yes, org.testng.TestRunner@1013f878) -->
                  <span class="method-name">executeTestCase</span>
                  <span class="parameters">(checkProductImages,Yes,org.testng.TestRunner@1013f878)</span>
                </div> <!-- method-content -->
              </div> <!-- method -->
              <div class="method">
                <div class="method-content">
                  <a name="executeTestCase(addToCart, Yes, org.testng.TestRunner@1013f878)">
                  </a> <!-- executeTestCase(addToCart, Yes, org.testng.TestRunner@1013f878) -->
                  <span class="method-name">executeTestCase</span>
                  <span class="parameters">(addToCart,Yes,org.testng.TestRunner@1013f878)</span>
                </div> <!-- method-content -->
              </div> <!-- method -->
              <div class="method">
                <div class="method-content">
                  <a name="executeTestCase(applyRatingFilter, Yes, org.testng.TestRunner@1013f878)">
                  </a> <!-- executeTestCase(applyRatingFilter, Yes, org.testng.TestRunner@1013f878) -->
                  <span class="method-name">executeTestCase</span>
                  <span class="parameters">(applyRatingFilter,Yes,org.testng.TestRunner@1013f878)</span>
                </div> <!-- method-content -->
              </div> <!-- method -->
              <div class="method">
                <div class="method-content">
                  <a name="executeTestCase(checkOfferZone, Yes, org.testng.TestRunner@1013f878)">
                  </a> <!-- executeTestCase(checkOfferZone, Yes, org.testng.TestRunner@1013f878) -->
                  <span class="method-name">executeTestCase</span>
                  <span class="parameters">(checkOfferZone,Yes,org.testng.TestRunner@1013f878)</span>
                </div> <!-- method-content -->
              </div> <!-- method -->
              <div class="method">
                <div class="method-content">
                  <a name="executeTestCase(checkGrocerySection, No, org.testng.TestRunner@1013f878)">
                  </a> <!-- executeTestCase(checkGrocerySection, No, org.testng.TestRunner@1013f878) -->
                  <span class="method-name">executeTestCase</span>
                  <span class="parameters">(checkGrocerySection,No,org.testng.TestRunner@1013f878)</span>
                </div> <!-- method-content -->
              </div> <!-- method -->
              <div class="method">
                <div class="method-content">
                  <a name="executeTestCase(changingPinCode, Yes, org.testng.TestRunner@1013f878)">
                  </a> <!-- executeTestCase(changingPinCode, Yes, org.testng.TestRunner@1013f878) -->
                  <span class="method-name">executeTestCase</span>
                  <span class="parameters">(changingPinCode,Yes,org.testng.TestRunner@1013f878)</span>
                </div> <!-- method-content -->
              </div> <!-- method -->
              <div class="method">
                <div class="method-content">
                  <a name="executeTestCase(applyPriceFilter, Yes, org.testng.TestRunner@1013f878)">
                  </a> <!-- executeTestCase(applyPriceFilter, Yes, org.testng.TestRunner@1013f878) -->
                  <span class="method-name">executeTestCase</span>
                  <span class="parameters">(applyPriceFilter,Yes,org.testng.TestRunner@1013f878)</span>
                </div> <!-- method-content -->
              </div> <!-- method -->
              <div class="method">
                <div class="method-content">
                  <a name="executeTestCase(checkFlights, Yes, org.testng.TestRunner@1013f878)">
                  </a> <!-- executeTestCase(checkFlights, Yes, org.testng.TestRunner@1013f878) -->
                  <span class="method-name">executeTestCase</span>
                  <span class="parameters">(checkFlights,Yes,org.testng.TestRunner@1013f878)</span>
                </div> <!-- method-content -->
              </div> <!-- method -->
              <div class="method">
                <div class="method-content">
                  <a name="executeTestCase(checkMenApparel, Yes, org.testng.TestRunner@1013f878)">
                  </a> <!-- executeTestCase(checkMenApparel, Yes, org.testng.TestRunner@1013f878) -->
                  <span class="method-name">executeTestCase</span>
                  <span class="parameters">(checkMenApparel,Yes,org.testng.TestRunner@1013f878)</span>
                </div> <!-- method-content -->
              </div> <!-- method -->
              <div class="method">
                <div class="method-content">
                  <a name="executeTestCase(searchProduct, Yes, org.testng.TestRunner@1013f878)">
                  </a> <!-- executeTestCase(searchProduct, Yes, org.testng.TestRunner@1013f878) -->
                  <span class="method-name">executeTestCase</span>
                  <span class="parameters">(searchProduct,Yes,org.testng.TestRunner@1013f878)</span>
                </div> <!-- method-content -->
              </div> <!-- method -->
              <div class="method">
                <div class="method-content">
                  <a name="executeTestCase(getFlipkartSite, Yes, org.testng.TestRunner@1013f878)">
                  </a> <!-- executeTestCase(getFlipkartSite, Yes, org.testng.TestRunner@1013f878) -->
                  <span class="method-name">executeTestCase</span>
                  <span class="parameters">(getFlipkartSite,Yes,org.testng.TestRunner@1013f878)</span>
                </div> <!-- method-content -->
              </div> <!-- method -->
              <div class="method">
                <div class="method-content">
                  <a name="executeTestCase(checkFurniture, No, org.testng.TestRunner@1013f878)">
                  </a> <!-- executeTestCase(checkFurniture, No, org.testng.TestRunner@1013f878) -->
                  <span class="method-name">executeTestCase</span>
                  <span class="parameters">(checkFurniture,No,org.testng.TestRunner@1013f878)</span>
                </div> <!-- method-content -->
              </div> <!-- method -->
              <div class="method">
                <div class="method-content">
                  <a name="executeTestCase(placeOrder, Yes, org.testng.TestRunner@1013f878)">
                  </a> <!-- executeTestCase(placeOrder, Yes, org.testng.TestRunner@1013f878) -->
                  <span class="method-name">executeTestCase</span>
                  <span class="parameters">(placeOrder,Yes,org.testng.TestRunner@1013f878)</span>
                </div> <!-- method-content -->
              </div> <!-- method -->
              <div class="method">
                <div class="method-content">
                  <a name="executeTestCase(clickOnProduct, No, org.testng.TestRunner@1013f878)">
                  </a> <!-- executeTestCase(clickOnProduct, No, org.testng.TestRunner@1013f878) -->
                  <span class="method-name">executeTestCase</span>
                  <span class="parameters">(clickOnProduct,No,org.testng.TestRunner@1013f878)</span>
                </div> <!-- method-content -->
              </div> <!-- method -->
              <div class="method">
                <div class="method-content">
                  <a name="executeTestCase(sortProduct, Yes, org.testng.TestRunner@1013f878)">
                  </a> <!-- executeTestCase(sortProduct, Yes, org.testng.TestRunner@1013f878) -->
                  <span class="method-name">executeTestCase</span>
                  <span class="parameters">(sortProduct,Yes,org.testng.TestRunner@1013f878)</span>
                </div> <!-- method-content -->
              </div> <!-- method -->
              <div class="method">
                <div class="method-content">
                  <a name="executeTestCase(changingPinCode, Yes, org.testng.TestRunner@dc58a56)">
                  </a> <!-- executeTestCase(changingPinCode, Yes, org.testng.TestRunner@dc58a56) -->
                  <span class="method-name">executeTestCase</span>
                  <span class="parameters">(changingPinCode,Yes,org.testng.TestRunner@dc58a56)</span>
                </div> <!-- method-content -->
              </div> <!-- method -->
              <div class="method">
                <div class="method-content">
                  <a name="executeTestCase(clickOnProduct, No, org.testng.TestRunner@dc58a56)">
                  </a> <!-- executeTestCase(clickOnProduct, No, org.testng.TestRunner@dc58a56) -->
                  <span class="method-name">executeTestCase</span>
                  <span class="parameters">(clickOnProduct,No,org.testng.TestRunner@dc58a56)</span>
                </div> <!-- method-content -->
              </div> <!-- method -->
              <div class="method">
                <div class="method-content">
                  <a name="executeTestCase(applyPriceFilter, Yes, org.testng.TestRunner@dc58a56)">
                  </a> <!-- executeTestCase(applyPriceFilter, Yes, org.testng.TestRunner@dc58a56) -->
                  <span class="method-name">executeTestCase</span>
                  <span class="parameters">(applyPriceFilter,Yes,org.testng.TestRunner@dc58a56)</span>
                </div> <!-- method-content -->
              </div> <!-- method -->
              <div class="method">
                <div class="method-content">
                  <a name="executeTestCase(sortProduct, Yes, org.testng.TestRunner@dc58a56)">
                  </a> <!-- executeTestCase(sortProduct, Yes, org.testng.TestRunner@dc58a56) -->
                  <span class="method-name">executeTestCase</span>
                  <span class="parameters">(sortProduct,Yes,org.testng.TestRunner@dc58a56)</span>
                </div> <!-- method-content -->
              </div> <!-- method -->
              <div class="method">
                <div class="method-content">
                  <a name="executeTestCase(checkOfferZone, Yes, org.testng.TestRunner@dc58a56)">
                  </a> <!-- executeTestCase(checkOfferZone, Yes, org.testng.TestRunner@dc58a56) -->
                  <span class="method-name">executeTestCase</span>
                  <span class="parameters">(checkOfferZone,Yes,org.testng.TestRunner@dc58a56)</span>
                </div> <!-- method-content -->
              </div> <!-- method -->
              <div class="method">
                <div class="method-content">
                  <a name="executeTestCase(checkFurniture, No, org.testng.TestRunner@dc58a56)">
                  </a> <!-- executeTestCase(checkFurniture, No, org.testng.TestRunner@dc58a56) -->
                  <span class="method-name">executeTestCase</span>
                  <span class="parameters">(checkFurniture,No,org.testng.TestRunner@dc58a56)</span>
                </div> <!-- method-content -->
              </div> <!-- method -->
              <div class="method">
                <div class="method-content">
                  <a name="executeTestCase(getFlipkartSite, Yes, org.testng.TestRunner@dc58a56)">
                  </a> <!-- executeTestCase(getFlipkartSite, Yes, org.testng.TestRunner@dc58a56) -->
                  <span class="method-name">executeTestCase</span>
                  <span class="parameters">(getFlipkartSite,Yes,org.testng.TestRunner@dc58a56)</span>
                </div> <!-- method-content -->
              </div> <!-- method -->
              <div class="method">
                <div class="method-content">
                  <a name="executeTestCase(addToCart, Yes, org.testng.TestRunner@dc58a56)">
                  </a> <!-- executeTestCase(addToCart, Yes, org.testng.TestRunner@dc58a56) -->
                  <span class="method-name">executeTestCase</span>
                  <span class="parameters">(addToCart,Yes,org.testng.TestRunner@dc58a56)</span>
                </div> <!-- method-content -->
              </div> <!-- method -->
              <div class="method">
                <div class="method-content">
                  <a name="executeTestCase(applyBatteryCapacityFilter, No, org.testng.TestRunner@dc58a56)">
                  </a> <!-- executeTestCase(applyBatteryCapacityFilter, No, org.testng.TestRunner@dc58a56) -->
                  <span class="method-name">executeTestCase</span>
                  <span class="parameters">(applyBatteryCapacityFilter,No,org.testng.TestRunner@dc58a56)</span>
                </div> <!-- method-content -->
              </div> <!-- method -->
              <div class="method">
                <div class="method-content">
                  <a name="executeTestCase(placeOrder, Yes, org.testng.TestRunner@dc58a56)">
                  </a> <!-- executeTestCase(placeOrder, Yes, org.testng.TestRunner@dc58a56) -->
                  <span class="method-name">executeTestCase</span>
                  <span class="parameters">(placeOrder,Yes,org.testng.TestRunner@dc58a56)</span>
                </div> <!-- method-content -->
              </div> <!-- method -->
              <div class="method">
                <div class="method-content">
                  <a name="executeTestCase(searchProduct, Yes, org.testng.TestRunner@dc58a56)">
                  </a> <!-- executeTestCase(searchProduct, Yes, org.testng.TestRunner@dc58a56) -->
                  <span class="method-name">executeTestCase</span>
                  <span class="parameters">(searchProduct,Yes,org.testng.TestRunner@dc58a56)</span>
                </div> <!-- method-content -->
              </div> <!-- method -->
              <div class="method">
                <div class="method-content">
                  <a name="executeTestCase(applyRatingFilter, Yes, org.testng.TestRunner@dc58a56)">
                  </a> <!-- executeTestCase(applyRatingFilter, Yes, org.testng.TestRunner@dc58a56) -->
                  <span class="method-name">executeTestCase</span>
                  <span class="parameters">(applyRatingFilter,Yes,org.testng.TestRunner@dc58a56)</span>
                </div> <!-- method-content -->
              </div> <!-- method -->
              <div class="method">
                <div class="method-content">
                  <a name="executeTestCase(checkGrocerySection, No, org.testng.TestRunner@dc58a56)">
                  </a> <!-- executeTestCase(checkGrocerySection, No, org.testng.TestRunner@dc58a56) -->
                  <span class="method-name">executeTestCase</span>
                  <span class="parameters">(checkGrocerySection,No,org.testng.TestRunner@dc58a56)</span>
                </div> <!-- method-content -->
              </div> <!-- method -->
              <div class="method">
                <div class="method-content">
                  <a name="executeTestCase(checkProductImages, Yes, org.testng.TestRunner@dc58a56)">
                  </a> <!-- executeTestCase(checkProductImages, Yes, org.testng.TestRunner@dc58a56) -->
                  <span class="method-name">executeTestCase</span>
                  <span class="parameters">(checkProductImages,Yes,org.testng.TestRunner@dc58a56)</span>
                </div> <!-- method-content -->
              </div> <!-- method -->
            </div> <!-- main-panel-content rounded-window-bottom -->
          </div> <!-- suite-Suite-class-passed -->
        </div> <!-- panel Suite -->
        <div panel-name="test-xml-Suite" class="panel">
          <div class="main-panel-header rounded-window-top">
            <span class="header-content">C:\Users\varunbajpai\eclipse-workspace\FlipkartTesting\testng.xml</span>
          </div> <!-- main-panel-header rounded-window-top -->
          <div class="main-panel-content rounded-window-bottom">
            <pre>
&lt;?xml version=&quot;1.0&quot; encoding=&quot;UTF-8&quot;?&gt;
&lt;!DOCTYPE suite SYSTEM &quot;https://testng.org/testng-1.0.dtd&quot;&gt;
&lt;suite thread-count=&quot;4&quot; parallel=&quot;tests&quot; name=&quot;Suite&quot; guice-stage=&quot;DEVELOPMENT&quot; verbose=&quot;0&quot;&gt;
  &lt;test thread-count=&quot;4&quot; parallel=&quot;tests&quot; name=&quot;ChromeTest&quot; verbose=&quot;0&quot;&gt;
    &lt;parameter name=&quot;browser&quot; value=&quot;chrome&quot;/&gt;
    &lt;classes&gt;
      &lt;class name=&quot;tests.Test_FlipkartSite&quot;/&gt;
    &lt;/classes&gt;
  &lt;/test&gt; &lt;!-- ChromeTest --&gt;
  &lt;test thread-count=&quot;4&quot; parallel=&quot;tests&quot; name=&quot;FirefoxTest&quot; verbose=&quot;0&quot;&gt;
    &lt;parameter name=&quot;browser&quot; value=&quot;firefox&quot;/&gt;
    &lt;classes&gt;
      &lt;class name=&quot;tests.Test_FlipkartSite&quot;/&gt;
    &lt;/classes&gt;
  &lt;/test&gt; &lt;!-- FirefoxTest --&gt;
  &lt;test thread-count=&quot;4&quot; parallel=&quot;tests&quot; name=&quot;EdgeTest&quot; verbose=&quot;0&quot;&gt;
    &lt;parameter name=&quot;browser&quot; value=&quot;edge&quot;/&gt;
    &lt;classes&gt;
      &lt;class name=&quot;tests.Test_FlipkartSite&quot;/&gt;
    &lt;/classes&gt;
  &lt;/test&gt; &lt;!-- EdgeTest --&gt;
  &lt;test thread-count=&quot;4&quot; parallel=&quot;tests&quot; name=&quot;HeadlessTest&quot; verbose=&quot;0&quot;&gt;
    &lt;parameter name=&quot;browser&quot; value=&quot;headless&quot;/&gt;
    &lt;classes&gt;
      &lt;class name=&quot;tests.Test_FlipkartSite&quot;/&gt;
    &lt;/classes&gt;
  &lt;/test&gt; &lt;!-- HeadlessTest --&gt;
&lt;/suite&gt; &lt;!-- Suite --&gt;
            </pre>
          </div> <!-- main-panel-content rounded-window-bottom -->
        </div> <!-- panel -->
        <div panel-name="testlist-Suite" class="panel">
          <div class="main-panel-header rounded-window-top">
            <span class="header-content">Tests for Suite</span>
          </div> <!-- main-panel-header rounded-window-top -->
          <div class="main-panel-content rounded-window-bottom">
            <ul>
              <li>
                <span class="test-name">ChromeTest (1 class)</span>
              </li>
              <li>
                <span class="test-name">FirefoxTest (1 class)</span>
              </li>
              <li>
                <span class="test-name">EdgeTest (1 class)</span>
              </li>
              <li>
                <span class="test-name">HeadlessTest (1 class)</span>
              </li>
            </ul>
          </div> <!-- main-panel-content rounded-window-bottom -->
        </div> <!-- panel -->
        <div panel-name="group-Suite" class="panel">
          <div class="main-panel-header rounded-window-top">
            <span class="header-content">Groups for Suite</span>
          </div> <!-- main-panel-header rounded-window-top -->
          <div class="main-panel-content rounded-window-bottom">
          </div> <!-- main-panel-content rounded-window-bottom -->
        </div> <!-- panel -->
        <div panel-name="times-Suite" class="panel">
          <div class="main-panel-header rounded-window-top">
            <span class="header-content">Times for Suite</span>
          </div> <!-- main-panel-header rounded-window-top -->
          <div class="main-panel-content rounded-window-bottom">
            <div class="times-div">
              <script type="text/javascript">
suiteTableInitFunctions.push('tableData_Suite');
function tableData_Suite() {
var data = new google.visualization.DataTable();
data.addColumn('number', 'Number');
data.addColumn('string', 'Method');
data.addColumn('string', 'Class');
data.addColumn('number', 'Time (ms)');
data.addRows(80);
data.setCell(0, 0, 0)
data.setCell(0, 1, 'executeTestCase')
data.setCell(0, 2, 'tests.Test_FlipkartSite')
data.setCell(0, 3, 20629);
data.setCell(1, 0, 1)
data.setCell(1, 1, 'executeTestCase')
data.setCell(1, 2, 'tests.Test_FlipkartSite')
data.setCell(1, 3, 16726);
data.setCell(2, 0, 2)
data.setCell(2, 1, 'executeTestCase')
data.setCell(2, 2, 'tests.Test_FlipkartSite')
data.setCell(2, 3, 15622);
data.setCell(3, 0, 3)
data.setCell(3, 1, 'executeTestCase')
data.setCell(3, 2, 'tests.Test_FlipkartSite')
data.setCell(3, 3, 13992);
data.setCell(4, 0, 4)
data.setCell(4, 1, 'executeTestCase')
data.setCell(4, 2, 'tests.Test_FlipkartSite')
data.setCell(4, 3, 13148);
data.setCell(5, 0, 5)
data.setCell(5, 1, 'executeTestCase')
data.setCell(5, 2, 'tests.Test_FlipkartSite')
data.setCell(5, 3, 13112);
data.setCell(6, 0, 6)
data.setCell(6, 1, 'executeTestCase')
data.setCell(6, 2, 'tests.Test_FlipkartSite')
data.setCell(6, 3, 12691);
data.setCell(7, 0, 7)
data.setCell(7, 1, 'executeTestCase')
data.setCell(7, 2, 'tests.Test_FlipkartSite')
data.setCell(7, 3, 12625);
data.setCell(8, 0, 8)
data.setCell(8, 1, 'executeTestCase')
data.setCell(8, 2, 'tests.Test_FlipkartSite')
data.setCell(8, 3, 12164);
data.setCell(9, 0, 9)
data.setCell(9, 1, 'executeTestCase')
data.setCell(9, 2, 'tests.Test_FlipkartSite')
data.setCell(9, 3, 11483);
data.setCell(10, 0, 10)
data.setCell(10, 1, 'executeTestCase')
data.setCell(10, 2, 'tests.Test_FlipkartSite')
data.setCell(10, 3, 11028);
data.setCell(11, 0, 11)
data.setCell(11, 1, 'executeTestCase')
data.setCell(11, 2, 'tests.Test_FlipkartSite')
data.setCell(11, 3, 10953);
data.setCell(12, 0, 12)
data.setCell(12, 1, 'executeTestCase')
data.setCell(12, 2, 'tests.Test_FlipkartSite')
data.setCell(12, 3, 10776);
data.setCell(13, 0, 13)
data.setCell(13, 1, 'executeTestCase')
data.setCell(13, 2, 'tests.Test_FlipkartSite')
data.setCell(13, 3, 10403);
data.setCell(14, 0, 14)
data.setCell(14, 1, 'executeTestCase')
data.setCell(14, 2, 'tests.Test_FlipkartSite')
data.setCell(14, 3, 10310);
data.setCell(15, 0, 15)
data.setCell(15, 1, 'executeTestCase')
data.setCell(15, 2, 'tests.Test_FlipkartSite')
data.setCell(15, 3, 10206);
data.setCell(16, 0, 16)
data.setCell(16, 1, 'executeTestCase')
data.setCell(16, 2, 'tests.Test_FlipkartSite')
data.setCell(16, 3, 10073);
data.setCell(17, 0, 17)
data.setCell(17, 1, 'executeTestCase')
data.setCell(17, 2, 'tests.Test_FlipkartSite')
data.setCell(17, 3, 10066);
data.setCell(18, 0, 18)
data.setCell(18, 1, 'executeTestCase')
data.setCell(18, 2, 'tests.Test_FlipkartSite')
data.setCell(18, 3, 10032);
data.setCell(19, 0, 19)
data.setCell(19, 1, 'executeTestCase')
data.setCell(19, 2, 'tests.Test_FlipkartSite')
data.setCell(19, 3, 10031);
data.setCell(20, 0, 20)
data.setCell(20, 1, 'executeTestCase')
data.setCell(20, 2, 'tests.Test_FlipkartSite')
data.setCell(20, 3, 9844);
data.setCell(21, 0, 21)
data.setCell(21, 1, 'executeTestCase')
data.setCell(21, 2, 'tests.Test_FlipkartSite')
data.setCell(21, 3, 9607);
data.setCell(22, 0, 22)
data.setCell(22, 1, 'executeTestCase')
data.setCell(22, 2, 'tests.Test_FlipkartSite')
data.setCell(22, 3, 9196);
data.setCell(23, 0, 23)
data.setCell(23, 1, 'executeTestCase')
data.setCell(23, 2, 'tests.Test_FlipkartSite')
data.setCell(23, 3, 8293);
data.setCell(24, 0, 24)
data.setCell(24, 1, 'executeTestCase')
data.setCell(24, 2, 'tests.Test_FlipkartSite')
data.setCell(24, 3, 7932);
data.setCell(25, 0, 25)
data.setCell(25, 1, 'executeTestCase')
data.setCell(25, 2, 'tests.Test_FlipkartSite')
data.setCell(25, 3, 7402);
data.setCell(26, 0, 26)
data.setCell(26, 1, 'executeTestCase')
data.setCell(26, 2, 'tests.Test_FlipkartSite')
data.setCell(26, 3, 6518);
data.setCell(27, 0, 27)
data.setCell(27, 1, 'executeTestCase')
data.setCell(27, 2, 'tests.Test_FlipkartSite')
data.setCell(27, 3, 5459);
data.setCell(28, 0, 28)
data.setCell(28, 1, 'executeTestCase')
data.setCell(28, 2, 'tests.Test_FlipkartSite')
data.setCell(28, 3, 5107);
data.setCell(29, 0, 29)
data.setCell(29, 1, 'executeTestCase')
data.setCell(29, 2, 'tests.Test_FlipkartSite')
data.setCell(29, 3, 4777);
data.setCell(30, 0, 30)
data.setCell(30, 1, 'executeTestCase')
data.setCell(30, 2, 'tests.Test_FlipkartSite')
data.setCell(30, 3, 4469);
data.setCell(31, 0, 31)
data.setCell(31, 1, 'executeTestCase')
data.setCell(31, 2, 'tests.Test_FlipkartSite')
data.setCell(31, 3, 4293);
data.setCell(32, 0, 32)
data.setCell(32, 1, 'executeTestCase')
data.setCell(32, 2, 'tests.Test_FlipkartSite')
data.setCell(32, 3, 4151);
data.setCell(33, 0, 33)
data.setCell(33, 1, 'executeTestCase')
data.setCell(33, 2, 'tests.Test_FlipkartSite')
data.setCell(33, 3, 4075);
data.setCell(34, 0, 34)
data.setCell(34, 1, 'executeTestCase')
data.setCell(34, 2, 'tests.Test_FlipkartSite')
data.setCell(34, 3, 3958);
data.setCell(35, 0, 35)
data.setCell(35, 1, 'executeTestCase')
data.setCell(35, 2, 'tests.Test_FlipkartSite')
data.setCell(35, 3, 3884);
data.setCell(36, 0, 36)
data.setCell(36, 1, 'executeTestCase')
data.setCell(36, 2, 'tests.Test_FlipkartSite')
data.setCell(36, 3, 3773);
data.setCell(37, 0, 37)
data.setCell(37, 1, 'executeTestCase')
data.setCell(37, 2, 'tests.Test_FlipkartSite')
data.setCell(37, 3, 3760);
data.setCell(38, 0, 38)
data.setCell(38, 1, 'executeTestCase')
data.setCell(38, 2, 'tests.Test_FlipkartSite')
data.setCell(38, 3, 3757);
data.setCell(39, 0, 39)
data.setCell(39, 1, 'executeTestCase')
data.setCell(39, 2, 'tests.Test_FlipkartSite')
data.setCell(39, 3, 3454);
data.setCell(40, 0, 40)
data.setCell(40, 1, 'executeTestCase')
data.setCell(40, 2, 'tests.Test_FlipkartSite')
data.setCell(40, 3, 3444);
data.setCell(41, 0, 41)
data.setCell(41, 1, 'executeTestCase')
data.setCell(41, 2, 'tests.Test_FlipkartSite')
data.setCell(41, 3, 3376);
data.setCell(42, 0, 42)
data.setCell(42, 1, 'executeTestCase')
data.setCell(42, 2, 'tests.Test_FlipkartSite')
data.setCell(42, 3, 3058);
data.setCell(43, 0, 43)
data.setCell(43, 1, 'executeTestCase')
data.setCell(43, 2, 'tests.Test_FlipkartSite')
data.setCell(43, 3, 3009);
data.setCell(44, 0, 44)
data.setCell(44, 1, 'executeTestCase')
data.setCell(44, 2, 'tests.Test_FlipkartSite')
data.setCell(44, 3, 2936);
data.setCell(45, 0, 45)
data.setCell(45, 1, 'executeTestCase')
data.setCell(45, 2, 'tests.Test_FlipkartSite')
data.setCell(45, 3, 2866);
data.setCell(46, 0, 46)
data.setCell(46, 1, 'executeTestCase')
data.setCell(46, 2, 'tests.Test_FlipkartSite')
data.setCell(46, 3, 2654);
data.setCell(47, 0, 47)
data.setCell(47, 1, 'executeTestCase')
data.setCell(47, 2, 'tests.Test_FlipkartSite')
data.setCell(47, 3, 2591);
data.setCell(48, 0, 48)
data.setCell(48, 1, 'executeTestCase')
data.setCell(48, 2, 'tests.Test_FlipkartSite')
data.setCell(48, 3, 2457);
data.setCell(49, 0, 49)
data.setCell(49, 1, 'executeTestCase')
data.setCell(49, 2, 'tests.Test_FlipkartSite')
data.setCell(49, 3, 2402);
data.setCell(50, 0, 50)
data.setCell(50, 1, 'executeTestCase')
data.setCell(50, 2, 'tests.Test_FlipkartSite')
data.setCell(50, 3, 2285);
data.setCell(51, 0, 51)
data.setCell(51, 1, 'executeTestCase')
data.setCell(51, 2, 'tests.Test_FlipkartSite')
data.setCell(51, 3, 1813);
data.setCell(52, 0, 52)
data.setCell(52, 1, 'executeTestCase')
data.setCell(52, 2, 'tests.Test_FlipkartSite')
data.setCell(52, 3, 1613);
data.setCell(53, 0, 53)
data.setCell(53, 1, 'executeTestCase')
data.setCell(53, 2, 'tests.Test_FlipkartSite')
data.setCell(53, 3, 1408);
data.setCell(54, 0, 54)
data.setCell(54, 1, 'executeTestCase')
data.setCell(54, 2, 'tests.Test_FlipkartSite')
data.setCell(54, 3, 1021);
data.setCell(55, 0, 55)
data.setCell(55, 1, 'executeTestCase')
data.setCell(55, 2, 'tests.Test_FlipkartSite')
data.setCell(55, 3, 1019);
data.setCell(56, 0, 56)
data.setCell(56, 1, 'executeTestCase')
data.setCell(56, 2, 'tests.Test_FlipkartSite')
data.setCell(56, 3, 973);
data.setCell(57, 0, 57)
data.setCell(57, 1, 'executeTestCase')
data.setCell(57, 2, 'tests.Test_FlipkartSite')
data.setCell(57, 3, 922);
data.setCell(58, 0, 58)
data.setCell(58, 1, 'executeTestCase')
data.setCell(58, 2, 'tests.Test_FlipkartSite')
data.setCell(58, 3, 190);
data.setCell(59, 0, 59)
data.setCell(59, 1, 'executeTestCase')
data.setCell(59, 2, 'tests.Test_FlipkartSite')
data.setCell(59, 3, 29);
data.setCell(60, 0, 60)
data.setCell(60, 1, 'executeTestCase')
data.setCell(60, 2, 'tests.Test_FlipkartSite')
data.setCell(60, 3, 3);
data.setCell(61, 0, 61)
data.setCell(61, 1, 'executeTestCase')
data.setCell(61, 2, 'tests.Test_FlipkartSite')
data.setCell(61, 3, 2);
data.setCell(62, 0, 62)
data.setCell(62, 1, 'executeTestCase')
data.setCell(62, 2, 'tests.Test_FlipkartSite')
data.setCell(62, 3, 1);
data.setCell(63, 0, 63)
data.setCell(63, 1, 'executeTestCase')
data.setCell(63, 2, 'tests.Test_FlipkartSite')
data.setCell(63, 3, 1);
data.setCell(64, 0, 64)
data.setCell(64, 1, 'executeTestCase')
data.setCell(64, 2, 'tests.Test_FlipkartSite')
data.setCell(64, 3, 1);
data.setCell(65, 0, 65)
data.setCell(65, 1, 'executeTestCase')
data.setCell(65, 2, 'tests.Test_FlipkartSite')
data.setCell(65, 3, 1);
data.setCell(66, 0, 66)
data.setCell(66, 1, 'executeTestCase')
data.setCell(66, 2, 'tests.Test_FlipkartSite')
data.setCell(66, 3, 1);
data.setCell(67, 0, 67)
data.setCell(67, 1, 'executeTestCase')
data.setCell(67, 2, 'tests.Test_FlipkartSite')
data.setCell(67, 3, 1);
data.setCell(68, 0, 68)
data.setCell(68, 1, 'executeTestCase')
data.setCell(68, 2, 'tests.Test_FlipkartSite')
data.setCell(68, 3, 0);
data.setCell(69, 0, 69)
data.setCell(69, 1, 'executeTestCase')
data.setCell(69, 2, 'tests.Test_FlipkartSite')
data.setCell(69, 3, 0);
data.setCell(70, 0, 70)
data.setCell(70, 1, 'executeTestCase')
data.setCell(70, 2, 'tests.Test_FlipkartSite')
data.setCell(70, 3, 0);
data.setCell(71, 0, 71)
data.setCell(71, 1, 'executeTestCase')
data.setCell(71, 2, 'tests.Test_FlipkartSite')
data.setCell(71, 3, 0);
data.setCell(72, 0, 72)
data.setCell(72, 1, 'executeTestCase')
data.setCell(72, 2, 'tests.Test_FlipkartSite')
data.setCell(72, 3, 0);
data.setCell(73, 0, 73)
data.setCell(73, 1, 'executeTestCase')
data.setCell(73, 2, 'tests.Test_FlipkartSite')
data.setCell(73, 3, 0);
data.setCell(74, 0, 74)
data.setCell(74, 1, 'executeTestCase')
data.setCell(74, 2, 'tests.Test_FlipkartSite')
data.setCell(74, 3, 0);
data.setCell(75, 0, 75)
data.setCell(75, 1, 'executeTestCase')
data.setCell(75, 2, 'tests.Test_FlipkartSite')
data.setCell(75, 3, 0);
data.setCell(76, 0, 76)
data.setCell(76, 1, 'executeTestCase')
data.setCell(76, 2, 'tests.Test_FlipkartSite')
data.setCell(76, 3, 0);
data.setCell(77, 0, 77)
data.setCell(77, 1, 'executeTestCase')
data.setCell(77, 2, 'tests.Test_FlipkartSite')
data.setCell(77, 3, 0);
data.setCell(78, 0, 78)
data.setCell(78, 1, 'executeTestCase')
data.setCell(78, 2, 'tests.Test_FlipkartSite')
data.setCell(78, 3, 0);
data.setCell(79, 0, 79)
data.setCell(79, 1, 'executeTestCase')
data.setCell(79, 2, 'tests.Test_FlipkartSite')
data.setCell(79, 3, 0);
window.suiteTableData['Suite']= { tableData: data, tableDiv: 'times-div-Suite'}
return data;
}
              </script>
              <span class="suite-total-time">Total running time: 2 minutes</span>
              <div id="times-div-Suite">
              </div> <!-- times-div-Suite -->
            </div> <!-- times-div -->
          </div> <!-- main-panel-content rounded-window-bottom -->
        </div> <!-- panel -->
        <div panel-name="reporter-Suite" class="panel">
          <div class="main-panel-header rounded-window-top">
            <span class="header-content">Reporter output for Suite</span>
          </div> <!-- main-panel-header rounded-window-top -->
          <div class="main-panel-content rounded-window-bottom">
          </div> <!-- main-panel-content rounded-window-bottom -->
        </div> <!-- panel -->
        <div panel-name="ignored-methods-Suite" class="panel">
          <div class="main-panel-header rounded-window-top">
            <span class="header-content">0 ignored methods</span>
          </div> <!-- main-panel-header rounded-window-top -->
          <div class="main-panel-content rounded-window-bottom">
          </div> <!-- main-panel-content rounded-window-bottom -->
        </div> <!-- panel -->
        <div panel-name="chronological-Suite" class="panel">
          <div class="main-panel-header rounded-window-top">
            <span class="header-content">Methods in chronological order</span>
          </div> <!-- main-panel-header rounded-window-top -->
          <div class="main-panel-content rounded-window-bottom">
            <div class="chronological-class">
              <div class="chronological-class-name">tests.Test_FlipkartSite</div> <!-- chronological-class-name -->
              <div class="configuration-test before">
                <span class="method-name">initializeDriver(chrome)</span>
                <span class="method-start">0 ms</span>
              </div> <!-- configuration-test before -->
              <div class="configuration-test before">
                <span class="method-name">initializeDriver(firefox)</span>
                <span class="method-start">0 ms</span>
              </div> <!-- configuration-test before -->
              <div class="configuration-test before">
                <span class="method-name">initializeDriver(edge)</span>
                <span class="method-start">1 ms</span>
              </div> <!-- configuration-test before -->
              <div class="configuration-test before">
                <span class="method-name">initializeDriver(headless)</span>
                <span class="method-start">1 ms</span>
              </div> <!-- configuration-test before -->
              <div class="test-method">
                <span class="method-name">executeTestCase(getFlipkartSite, Yes, org.testng.TestRunner@42f0f416)</span>
                <span class="method-start">7886 ms</span>
              </div> <!-- test-method -->
              <div class="test-method">
                <span class="method-name">executeTestCase(getFlipkartSite, Yes, org.testng.TestRunner@591b8c05)</span>
                <span class="method-start">7889 ms</span>
              </div> <!-- test-method -->
              <div class="configuration-method after">
                <span class="method-name">getTestResult([TestResult name=executeTestCase status=SUCCESS method=Test_FlipkartSite.executeTestCase(java.lang.S...)</span>
                <span class="method-start">8921 ms</span>
              </div> <!-- configuration-method after -->
              <div class="test-method">
                <span class="method-name">executeTestCase(clickOnProduct, No, org.testng.TestRunner@42f0f416)</span>
                <span class="method-start">8931 ms</span>
              </div> <!-- test-method -->
              <div class="configuration-method after">
                <span class="method-name">getTestResult([TestResult name=executeTestCase status=SUCCESS method=Test_FlipkartSite.executeTestCase(java.lang.S...)</span>
                <span class="method-start">8932 ms</span>
              </div> <!-- configuration-method after -->
              <div class="test-method">
                <span class="method-name">executeTestCase(searchProduct, Yes, org.testng.TestRunner@42f0f416)</span>
                <span class="method-start">8934 ms</span>
              </div> <!-- test-method -->
              <div class="test-method">
                <span class="method-name">executeTestCase(getFlipkartSite, Yes, org.testng.TestRunner@dc58a56)</span>
                <span class="method-start">11982 ms</span>
              </div> <!-- test-method -->
              <div class="test-method">
                <span class="method-name">executeTestCase(getFlipkartSite, Yes, org.testng.TestRunner@1013f878)</span>
                <span class="method-start">13103 ms</span>
              </div> <!-- test-method -->
              <div class="configuration-method after">
                <span class="method-name">getTestResult([TestResult name=executeTestCase status=SUCCESS method=Test_FlipkartSite.executeTestCase(java.lang.S...)</span>
                <span class="method-start">17089 ms</span>
              </div> <!-- configuration-method after -->
              <div class="test-method">
                <span class="method-name">executeTestCase(clickOnProduct, No, org.testng.TestRunner@591b8c05)</span>
                <span class="method-start">17092 ms</span>
              </div> <!-- test-method -->
              <div class="configuration-method after">
                <span class="method-name">getTestResult([TestResult name=executeTestCase status=SUCCESS method=Test_FlipkartSite.executeTestCase(java.lang.S...)</span>
                <span class="method-start">17099 ms</span>
              </div> <!-- configuration-method after -->
              <div class="test-method">
                <span class="method-name">executeTestCase(searchProduct, Yes, org.testng.TestRunner@591b8c05)</span>
                <span class="method-start">17101 ms</span>
              </div> <!-- test-method -->
              <div class="configuration-method after">
                <span class="method-name">getTestResult([TestResult name=executeTestCase status=SUCCESS method=Test_FlipkartSite.executeTestCase(java.lang.S...)</span>
                <span class="method-start">19622 ms</span>
              </div> <!-- configuration-method after -->
              <div class="test-method">
                <span class="method-name">executeTestCase(clickOnProduct, No, org.testng.TestRunner@1013f878)</span>
                <span class="method-start">19624 ms</span>
              </div> <!-- test-method -->
              <div class="configuration-method after">
                <span class="method-name">getTestResult([TestResult name=executeTestCase status=SUCCESS method=Test_FlipkartSite.executeTestCase(java.lang.S...)</span>
                <span class="method-start">19625 ms</span>
              </div> <!-- configuration-method after -->
              <div class="test-method">
                <span class="method-name">executeTestCase(searchProduct, Yes, org.testng.TestRunner@1013f878)</span>
                <span class="method-start">19628 ms</span>
              </div> <!-- test-method -->
              <div class="configuration-method after">
                <span class="method-name">getTestResult([TestResult name=executeTestCase status=SUCCESS method=Test_FlipkartSite.executeTestCase(java.lang.S...)</span>
                <span class="method-start">25662 ms</span>
              </div> <!-- configuration-method after -->
              <div class="test-method">
                <img src="failed.png">
                </img>
                <span class="method-name">executeTestCase(changingPinCode, Yes, org.testng.TestRunner@42f0f416)</span>
                <span class="method-start">25664 ms</span>
              </div> <!-- test-method -->
              <div class="configuration-method after">
                <span class="method-name">getTestResult([TestResult name=executeTestCase status=SUCCESS method=Test_FlipkartSite.executeTestCase(java.lang.S...)</span>
                <span class="method-start">27506 ms</span>
              </div> <!-- configuration-method after -->
              <div class="test-method">
                <span class="method-name">executeTestCase(changingPinCode, Yes, org.testng.TestRunner@591b8c05)</span>
                <span class="method-start">27507 ms</span>
              </div> <!-- test-method -->
              <div class="configuration-method after">
                <span class="method-name">getTestResult([TestResult name=executeTestCase status=SUCCESS method=Test_FlipkartSite.executeTestCase(java.lang.S...)</span>
                <span class="method-start">29473 ms</span>
              </div> <!-- configuration-method after -->
              <div class="test-method">
                <span class="method-name">executeTestCase(changingPinCode, Yes, org.testng.TestRunner@1013f878)</span>
                <span class="method-start">29480 ms</span>
              </div> <!-- test-method -->
              <div class="configuration-method after">
                <span class="method-name">getTestResult([TestResult name=executeTestCase status=FAILURE method=Test_FlipkartSite.executeTestCase(java.lang.S...)</span>
                <span class="method-start">29751 ms</span>
              </div> <!-- configuration-method after -->
              <div class="test-method">
                <span class="method-name">executeTestCase(checkProductImages, Yes, org.testng.TestRunner@42f0f416)</span>
                <span class="method-start">30103 ms</span>
              </div> <!-- test-method -->
              <div class="configuration-method after">
                <span class="method-name">getTestResult([TestResult name=executeTestCase status=SUCCESS method=Test_FlipkartSite.executeTestCase(java.lang.S...)</span>
                <span class="method-start">32613 ms</span>
              </div> <!-- configuration-method after -->
              <div class="test-method">
                <span class="method-name">executeTestCase(clickOnProduct, No, org.testng.TestRunner@dc58a56)</span>
                <span class="method-start">32617 ms</span>
              </div> <!-- test-method -->
              <div class="configuration-method after">
                <span class="method-name">getTestResult([TestResult name=executeTestCase status=SUCCESS method=Test_FlipkartSite.executeTestCase(java.lang.S...)</span>
                <span class="method-start">32618 ms</span>
              </div> <!-- configuration-method after -->
              <div class="test-method">
                <span class="method-name">executeTestCase(searchProduct, Yes, org.testng.TestRunner@dc58a56)</span>
                <span class="method-start">32619 ms</span>
              </div> <!-- test-method -->
              <div class="configuration-method after">
                <span class="method-name">getTestResult([TestResult name=executeTestCase status=SUCCESS method=Test_FlipkartSite.executeTestCase(java.lang.S...)</span>
                <span class="method-start">36884 ms</span>
              </div> <!-- configuration-method after -->
              <div class="test-method">
                <span class="method-name">executeTestCase(checkProductImages, Yes, org.testng.TestRunner@1013f878)</span>
                <span class="method-start">36885 ms</span>
              </div> <!-- test-method -->
              <div class="configuration-method after">
                <span class="method-name">getTestResult([TestResult name=executeTestCase status=SUCCESS method=Test_FlipkartSite.executeTestCase(java.lang.S...)</span>
                <span class="method-start">38539 ms</span>
              </div> <!-- configuration-method after -->
              <div class="test-method">
                <span class="method-name">executeTestCase(checkProductImages, Yes, org.testng.TestRunner@591b8c05)</span>
                <span class="method-start">38540 ms</span>
              </div> <!-- test-method -->
              <div class="configuration-method after">
                <span class="method-name">getTestResult([TestResult name=executeTestCase status=SUCCESS method=Test_FlipkartSite.executeTestCase(java.lang.S...)</span>
                <span class="method-start">41588 ms</span>
              </div> <!-- configuration-method after -->
              <div class="test-method">
                <span class="method-name">executeTestCase(addToCart, Yes, org.testng.TestRunner@42f0f416)</span>
                <span class="method-start">41597 ms</span>
              </div> <!-- test-method -->
              <div class="configuration-method after">
                <span class="method-name">getTestResult([TestResult name=executeTestCase status=SUCCESS method=Test_FlipkartSite.executeTestCase(java.lang.S...)</span>
                <span class="method-start">44059 ms</span>
              </div> <!-- configuration-method after -->
              <div class="test-method">
                <span class="method-name">executeTestCase(placeOrder, Yes, org.testng.TestRunner@42f0f416)</span>
                <span class="method-start">44066 ms</span>
              </div> <!-- test-method -->
              <div class="configuration-method after">
                <span class="method-name">getTestResult([TestResult name=executeTestCase status=SUCCESS method=Test_FlipkartSite.executeTestCase(java.lang.S...)</span>
                <span class="method-start">47091 ms</span>
              </div> <!-- configuration-method after -->
              <div class="test-method">
                <span class="method-name">executeTestCase(addToCart, Yes, org.testng.TestRunner@1013f878)</span>
                <span class="method-start">47095 ms</span>
              </div> <!-- test-method -->
              <div class="configuration-method after">
                <span class="method-name">getTestResult([TestResult name=executeTestCase status=SUCCESS method=Test_FlipkartSite.executeTestCase(java.lang.S...)</span>
                <span class="method-start">48115 ms</span>
              </div> <!-- configuration-method after -->
              <div class="test-method">
                <span class="method-name">executeTestCase(placeOrder, Yes, org.testng.TestRunner@1013f878)</span>
                <span class="method-start">48117 ms</span>
              </div> <!-- test-method -->
              <div class="configuration-method after">
                <span class="method-name">getTestResult([TestResult name=executeTestCase status=SUCCESS method=Test_FlipkartSite.executeTestCase(java.lang.S...)</span>
                <span class="method-start">48242 ms</span>
              </div> <!-- configuration-method after -->
              <div class="test-method">
                <span class="method-name">executeTestCase(changingPinCode, Yes, org.testng.TestRunner@dc58a56)</span>
                <span class="method-start">48243 ms</span>
              </div> <!-- test-method -->
              <div class="configuration-method after">
                <span class="method-name">getTestResult([TestResult name=executeTestCase status=SUCCESS method=Test_FlipkartSite.executeTestCase(java.lang.S...)</span>
                <span class="method-start">48615 ms</span>
              </div> <!-- configuration-method after -->
              <div class="test-method">
                <span class="method-name">executeTestCase(addToCart, Yes, org.testng.TestRunner@591b8c05)</span>
                <span class="method-start">48616 ms</span>
              </div> <!-- test-method -->
              <div class="configuration-method after">
                <span class="method-name">getTestResult([TestResult name=executeTestCase status=SUCCESS method=Test_FlipkartSite.executeTestCase(java.lang.S...)</span>
                <span class="method-start">49539 ms</span>
              </div> <!-- configuration-method after -->
              <div class="test-method">
                <span class="method-name">executeTestCase(placeOrder, Yes, org.testng.TestRunner@591b8c05)</span>
                <span class="method-start">49540 ms</span>
              </div> <!-- test-method -->
              <div class="configuration-method after">
                <span class="method-name">getTestResult([TestResult name=executeTestCase status=SUCCESS method=Test_FlipkartSite.executeTestCase(java.lang.S...)</span>
                <span class="method-start">50835 ms</span>
              </div> <!-- configuration-method after -->
              <div class="test-method">
                <span class="method-name">executeTestCase(checkProductImages, Yes, org.testng.TestRunner@dc58a56)</span>
                <span class="method-start">50836 ms</span>
              </div> <!-- test-method -->
              <div class="configuration-method after">
                <span class="method-name">getTestResult([TestResult name=executeTestCase status=SUCCESS method=Test_FlipkartSite.executeTestCase(java.lang.S...)</span>
                <span class="method-start">57215 ms</span>
              </div> <!-- configuration-method after -->
              <div class="test-method">
                <span class="method-name">executeTestCase(sortProduct, Yes, org.testng.TestRunner@42f0f416)</span>
                <span class="method-start">57217 ms</span>
              </div> <!-- test-method -->
              <div class="configuration-method after">
                <span class="method-name">getTestResult([TestResult name=executeTestCase status=SUCCESS method=Test_FlipkartSite.executeTestCase(java.lang.S...)</span>
                <span class="method-start">57724 ms</span>
              </div> <!-- configuration-method after -->
              <div class="test-method">
                <span class="method-name">executeTestCase(sortProduct, Yes, org.testng.TestRunner@1013f878)</span>
                <span class="method-start">57726 ms</span>
              </div> <!-- test-method -->
              <div class="configuration-method after">
                <span class="method-name">getTestResult([TestResult name=executeTestCase status=SUCCESS method=Test_FlipkartSite.executeTestCase(java.lang.S...)</span>
                <span class="method-start">57835 ms</span>
              </div> <!-- configuration-method after -->
              <div class="test-method">
                <span class="method-name">executeTestCase(sortProduct, Yes, org.testng.TestRunner@591b8c05)</span>
                <span class="method-start">57837 ms</span>
              </div> <!-- test-method -->
              <div class="configuration-method after">
                <span class="method-name">getTestResult([TestResult name=executeTestCase status=SUCCESS method=Test_FlipkartSite.executeTestCase(java.lang.S...)</span>
                <span class="method-start">58769 ms</span>
              </div> <!-- configuration-method after -->
              <div class="test-method">
                <span class="method-name">executeTestCase(addToCart, Yes, org.testng.TestRunner@dc58a56)</span>
                <span class="method-start">58772 ms</span>
              </div> <!-- test-method -->
              <div class="configuration-method after">
                <span class="method-name">getTestResult([TestResult name=executeTestCase status=SUCCESS method=Test_FlipkartSite.executeTestCase(java.lang.S...)</span>
                <span class="method-start">59745 ms</span>
              </div> <!-- configuration-method after -->
              <div class="test-method">
                <span class="method-name">executeTestCase(placeOrder, Yes, org.testng.TestRunner@dc58a56)</span>
                <span class="method-start">59746 ms</span>
              </div> <!-- test-method -->
              <div class="configuration-method after">
                <span class="method-name">getTestResult([TestResult name=executeTestCase status=SUCCESS method=Test_FlipkartSite.executeTestCase(java.lang.S...)</span>
                <span class="method-start">60975 ms</span>
              </div> <!-- configuration-method after -->
              <div class="test-method">
                <span class="method-name">executeTestCase(applyPriceFilter, Yes, org.testng.TestRunner@42f0f416)</span>
                <span class="method-start">60978 ms</span>
              </div> <!-- test-method -->
              <div class="configuration-method after">
                <span class="method-name">getTestResult([TestResult name=executeTestCase status=SUCCESS method=Test_FlipkartSite.executeTestCase(java.lang.S...)</span>
                <span class="method-start">62615 ms</span>
              </div> <!-- configuration-method after -->
              <div class="test-method">
                <span class="method-name">executeTestCase(applyPriceFilter, Yes, org.testng.TestRunner@591b8c05)</span>
                <span class="method-start">62617 ms</span>
              </div> <!-- test-method -->
              <div class="configuration-method after">
                <span class="method-name">getTestResult([TestResult name=executeTestCase status=SUCCESS method=Test_FlipkartSite.executeTestCase(java.lang.S...)</span>
                <span class="method-start">62834 ms</span>
              </div> <!-- configuration-method after -->
              <div class="test-method">
                <span class="method-name">executeTestCase(applyPriceFilter, Yes, org.testng.TestRunner@1013f878)</span>
                <span class="method-start">62835 ms</span>
              </div> <!-- test-method -->
              <div class="test-method">
                <span class="method-name">executeTestCase(sortProduct, Yes, org.testng.TestRunner@dc58a56)</span>
                <span class="method-start">64216 ms</span>
              </div> <!-- test-method -->
              <div class="configuration-method after">
                <span class="method-name">getTestResult([TestResult name=executeTestCase status=SUCCESS method=Test_FlipkartSite.executeTestCase(java.lang.S...)</span>
                <span class="method-start">64216 ms</span>
              </div> <!-- configuration-method after -->
              <div class="configuration-method after">
                <span class="method-name">getTestResult([TestResult name=executeTestCase status=SUCCESS method=Test_FlipkartSite.executeTestCase(java.lang.S...)</span>
                <span class="method-start">64355 ms</span>
              </div> <!-- configuration-method after -->
              <div class="test-method">
                <img src="failed.png">
                </img>
                <span class="method-name">executeTestCase(applyBrandFilter, Yes, org.testng.TestRunner@42f0f416)</span>
                <span class="method-start">64356 ms</span>
              </div> <!-- test-method -->
              <div class="configuration-method after">
                <span class="method-name">getTestResult([TestResult name=executeTestCase status=SUCCESS method=Test_FlipkartSite.executeTestCase(java.lang.S...)</span>
                <span class="method-start">65555 ms</span>
              </div> <!-- configuration-method after -->
              <div class="test-method">
                <img src="failed.png">
                </img>
                <span class="method-name">executeTestCase(applyBrandFilter, Yes, org.testng.TestRunner@591b8c05)</span>
                <span class="method-start">65556 ms</span>
              </div> <!-- test-method -->
              <div class="configuration-method after">
                <span class="method-name">getTestResult([TestResult name=executeTestCase status=SUCCESS method=Test_FlipkartSite.executeTestCase(java.lang.S...)</span>
                <span class="method-start">65701 ms</span>
              </div> <!-- configuration-method after -->
              <div class="test-method">
                <img src="failed.png">
                </img>
                <span class="method-name">executeTestCase(applyBrandFilter, Yes, org.testng.TestRunner@1013f878)</span>
                <span class="method-start">65702 ms</span>
              </div> <!-- test-method -->
              <div class="configuration-method after">
                <span class="method-name">getTestResult([TestResult name=executeTestCase status=FAILURE method=Test_FlipkartSite.executeTestCase(java.lang.S...)</span>
                <span class="method-start">66643 ms</span>
              </div> <!-- configuration-method after -->
              <div class="test-method">
                <span class="method-name">executeTestCase(applyRatingFilter, Yes, org.testng.TestRunner@42f0f416)</span>
                <span class="method-start">66939 ms</span>
              </div> <!-- test-method -->
              <div class="configuration-method after">
                <span class="method-name">getTestResult([TestResult name=executeTestCase status=SUCCESS method=Test_FlipkartSite.executeTestCase(java.lang.S...)</span>
                <span class="method-start">66942 ms</span>
              </div> <!-- configuration-method after -->
              <div class="test-method">
                <span class="method-name">executeTestCase(applyBatteryCapacityFilter, No, org.testng.TestRunner@42f0f416)</span>
                <span class="method-start">66943 ms</span>
              </div> <!-- test-method -->
              <div class="configuration-method after">
                <span class="method-name">getTestResult([TestResult name=executeTestCase status=SUCCESS method=Test_FlipkartSite.executeTestCase(java.lang.S...)</span>
                <span class="method-start">66944 ms</span>
              </div> <!-- configuration-method after -->
              <div class="test-method">
                <span class="method-name">executeTestCase(checkMenApparel, Yes, org.testng.TestRunner@42f0f416)</span>
                <span class="method-start">66945 ms</span>
              </div> <!-- test-method -->
              <div class="configuration-method after">
                <span class="method-name">getTestResult([TestResult name=executeTestCase status=FAILURE method=Test_FlipkartSite.executeTestCase(java.lang.S...)</span>
                <span class="method-start">67171 ms</span>
              </div> <!-- configuration-method after -->
              <div class="test-method">
                <span class="method-name">executeTestCase(applyRatingFilter, Yes, org.testng.TestRunner@591b8c05)</span>
                <span class="method-start">67491 ms</span>
              </div> <!-- test-method -->
              <div class="configuration-method after">
                <span class="method-name">getTestResult([TestResult name=executeTestCase status=SUCCESS method=Test_FlipkartSite.executeTestCase(java.lang.S...)</span>
                <span class="method-start">67495 ms</span>
              </div> <!-- configuration-method after -->
              <div class="test-method">
                <span class="method-name">executeTestCase(applyBatteryCapacityFilter, No, org.testng.TestRunner@591b8c05)</span>
                <span class="method-start">67496 ms</span>
              </div> <!-- test-method -->
              <div class="configuration-method after">
                <span class="method-name">getTestResult([TestResult name=executeTestCase status=SUCCESS method=Test_FlipkartSite.executeTestCase(java.lang.S...)</span>
                <span class="method-start">67496 ms</span>
              </div> <!-- configuration-method after -->
              <div class="test-method">
                <span class="method-name">executeTestCase(checkMenApparel, Yes, org.testng.TestRunner@591b8c05)</span>
                <span class="method-start">67497 ms</span>
              </div> <!-- test-method -->
              <div class="configuration-method after">
                <span class="method-name">getTestResult([TestResult name=executeTestCase status=FAILURE method=Test_FlipkartSite.executeTestCase(java.lang.S...)</span>
                <span class="method-start">67517 ms</span>
              </div> <!-- configuration-method after -->
              <div class="test-method">
                <span class="method-name">executeTestCase(applyRatingFilter, Yes, org.testng.TestRunner@1013f878)</span>
                <span class="method-start">67786 ms</span>
              </div> <!-- test-method -->
              <div class="test-method">
                <span class="method-name">executeTestCase(applyBatteryCapacityFilter, No, org.testng.TestRunner@1013f878)</span>
                <span class="method-start">67787 ms</span>
              </div> <!-- test-method -->
              <div class="configuration-method after">
                <span class="method-name">getTestResult([TestResult name=executeTestCase status=SUCCESS method=Test_FlipkartSite.executeTestCase(java.lang.S...)</span>
                <span class="method-start">67787 ms</span>
              </div> <!-- configuration-method after -->
              <div class="configuration-method after">
                <span class="method-name">getTestResult([TestResult name=executeTestCase status=SUCCESS method=Test_FlipkartSite.executeTestCase(java.lang.S...)</span>
                <span class="method-start">67789 ms</span>
              </div> <!-- configuration-method after -->
              <div class="test-method">
                <span class="method-name">executeTestCase(checkMenApparel, Yes, org.testng.TestRunner@1013f878)</span>
                <span class="method-start">67789 ms</span>
              </div> <!-- test-method -->
              <div class="configuration-method after">
                <span class="method-name">getTestResult([TestResult name=executeTestCase status=SUCCESS method=Test_FlipkartSite.executeTestCase(java.lang.S...)</span>
                <span class="method-start">70389 ms</span>
              </div> <!-- configuration-method after -->
              <div class="test-method">
                <span class="method-name">executeTestCase(checkFurniture, No, org.testng.TestRunner@42f0f416)</span>
                <span class="method-start">70390 ms</span>
              </div> <!-- test-method -->
              <div class="configuration-method after">
                <span class="method-name">getTestResult([TestResult name=executeTestCase status=SUCCESS method=Test_FlipkartSite.executeTestCase(java.lang.S...)</span>
                <span class="method-start">70390 ms</span>
              </div> <!-- configuration-method after -->
              <div class="test-method">
                <span class="method-name">executeTestCase(checkOfferZone, Yes, org.testng.TestRunner@42f0f416)</span>
                <span class="method-start">70391 ms</span>
              </div> <!-- test-method -->
              <div class="test-method">
                <span class="method-name">executeTestCase(checkFurniture, No, org.testng.TestRunner@591b8c05)</span>
                <span class="method-start">70507 ms</span>
              </div> <!-- test-method -->
              <div class="configuration-method after">
                <span class="method-name">getTestResult([TestResult name=executeTestCase status=SUCCESS method=Test_FlipkartSite.executeTestCase(java.lang.S...)</span>
                <span class="method-start">70507 ms</span>
              </div> <!-- configuration-method after -->
              <div class="configuration-method after">
                <span class="method-name">getTestResult([TestResult name=executeTestCase status=SUCCESS method=Test_FlipkartSite.executeTestCase(java.lang.S...)</span>
                <span class="method-start">70510 ms</span>
              </div> <!-- configuration-method after -->
              <div class="test-method">
                <span class="method-name">executeTestCase(checkOfferZone, Yes, org.testng.TestRunner@591b8c05)</span>
                <span class="method-start">70511 ms</span>
              </div> <!-- test-method -->
              <div class="configuration-method after">
                <span class="method-name">getTestResult([TestResult name=executeTestCase status=SUCCESS method=Test_FlipkartSite.executeTestCase(java.lang.S...)</span>
                <span class="method-start">71247 ms</span>
              </div> <!-- configuration-method after -->
              <div class="test-method">
                <span class="method-name">executeTestCase(checkFurniture, No, org.testng.TestRunner@1013f878)</span>
                <span class="method-start">71248 ms</span>
              </div> <!-- test-method -->
              <div class="configuration-method after">
                <span class="method-name">getTestResult([TestResult name=executeTestCase status=SUCCESS method=Test_FlipkartSite.executeTestCase(java.lang.S...)</span>
                <span class="method-start">71249 ms</span>
              </div> <!-- configuration-method after -->
              <div class="test-method">
                <span class="method-name">executeTestCase(checkOfferZone, Yes, org.testng.TestRunner@1013f878)</span>
                <span class="method-start">71250 ms</span>
              </div> <!-- test-method -->
              <div class="configuration-method after">
                <span class="method-name">getTestResult([TestResult name=executeTestCase status=SUCCESS method=Test_FlipkartSite.executeTestCase(java.lang.S...)</span>
                <span class="method-start">74272 ms</span>
              </div> <!-- configuration-method after -->
              <div class="test-method">
                <span class="method-name">executeTestCase(checkGrocerySection, No, org.testng.TestRunner@591b8c05)</span>
                <span class="method-start">74273 ms</span>
              </div> <!-- test-method -->
              <div class="configuration-method after">
                <span class="method-name">getTestResult([TestResult name=executeTestCase status=SUCCESS method=Test_FlipkartSite.executeTestCase(java.lang.S...)</span>
                <span class="method-start">74276 ms</span>
              </div> <!-- configuration-method after -->
              <div class="configuration-method after">
                <span class="method-name">getTestResult([TestResult name=executeTestCase status=SUCCESS method=Test_FlipkartSite.executeTestCase(java.lang.S...)</span>
                <span class="method-start">74277 ms</span>
              </div> <!-- configuration-method after -->
              <div class="test-method">
                <img src="failed.png">
                </img>
                <span class="method-name">executeTestCase(checkMyCart, Yes, org.testng.TestRunner@591b8c05)</span>
                <span class="method-start">74277 ms</span>
              </div> <!-- test-method -->
              <div class="test-method">
                <span class="method-name">executeTestCase(checkGrocerySection, No, org.testng.TestRunner@42f0f416)</span>
                <span class="method-start">74278 ms</span>
              </div> <!-- test-method -->
              <div class="configuration-method after">
                <span class="method-name">getTestResult([TestResult name=executeTestCase status=SUCCESS method=Test_FlipkartSite.executeTestCase(java.lang.S...)</span>
                <span class="method-start">74278 ms</span>
              </div> <!-- configuration-method after -->
              <div class="test-method">
                <img src="failed.png">
                </img>
                <span class="method-name">executeTestCase(checkMyCart, Yes, org.testng.TestRunner@42f0f416)</span>
                <span class="method-start">74279 ms</span>
              </div> <!-- test-method -->
              <div class="test-method">
                <span class="method-name">executeTestCase(checkGrocerySection, No, org.testng.TestRunner@1013f878)</span>
                <span class="method-start">75544 ms</span>
              </div> <!-- test-method -->
              <div class="configuration-method after">
                <span class="method-name">getTestResult([TestResult name=executeTestCase status=SUCCESS method=Test_FlipkartSite.executeTestCase(java.lang.S...)</span>
                <span class="method-start">75544 ms</span>
              </div> <!-- configuration-method after -->
              <div class="configuration-method after">
                <span class="method-name">getTestResult([TestResult name=executeTestCase status=SUCCESS method=Test_FlipkartSite.executeTestCase(java.lang.S...)</span>
                <span class="method-start">75546 ms</span>
              </div> <!-- configuration-method after -->
              <div class="test-method">
                <img src="failed.png">
                </img>
                <span class="method-name">executeTestCase(checkMyCart, Yes, org.testng.TestRunner@1013f878)</span>
                <span class="method-start">75546 ms</span>
              </div> <!-- test-method -->
              <div class="configuration-method after">
                <span class="method-name">getTestResult([TestResult name=executeTestCase status=SUCCESS method=Test_FlipkartSite.executeTestCase(java.lang.S...)</span>
                <span class="method-start">78209 ms</span>
              </div> <!-- configuration-method after -->
              <div class="test-method">
                <span class="method-name">executeTestCase(applyPriceFilter, Yes, org.testng.TestRunner@dc58a56)</span>
                <span class="method-start">78210 ms</span>
              </div> <!-- test-method -->
              <div class="configuration-method after">
                <span class="method-name">getTestResult([TestResult name=executeTestCase status=SUCCESS method=Test_FlipkartSite.executeTestCase(java.lang.S...)</span>
                <span class="method-start">79618 ms</span>
              </div> <!-- configuration-method after -->
              <div class="test-method">
                <img src="failed.png">
                </img>
                <span class="method-name">executeTestCase(applyBrandFilter, Yes, org.testng.TestRunner@dc58a56)</span>
                <span class="method-start">79619 ms</span>
              </div> <!-- test-method -->
              <div class="configuration-method after">
                <span class="method-name">getTestResult([TestResult name=executeTestCase status=FAILURE method=Test_FlipkartSite.executeTestCase(java.lang.S...)</span>
                <span class="method-start">79811 ms</span>
              </div> <!-- configuration-method after -->
              <div class="test-method">
                <span class="method-name">executeTestCase(applyRatingFilter, Yes, org.testng.TestRunner@dc58a56)</span>
                <span class="method-start">80016 ms</span>
              </div> <!-- test-method -->
              <div class="test-method">
                <span class="method-name">executeTestCase(applyBatteryCapacityFilter, No, org.testng.TestRunner@dc58a56)</span>
                <span class="method-start">80017 ms</span>
              </div> <!-- test-method -->
              <div class="configuration-method after">
                <span class="method-name">getTestResult([TestResult name=executeTestCase status=SUCCESS method=Test_FlipkartSite.executeTestCase(java.lang.S...)</span>
                <span class="method-start">80017 ms</span>
              </div> <!-- configuration-method after -->
              <div class="configuration-method after">
                <span class="method-name">getTestResult([TestResult name=executeTestCase status=SUCCESS method=Test_FlipkartSite.executeTestCase(java.lang.S...)</span>
                <span class="method-start">80018 ms</span>
              </div> <!-- configuration-method after -->
              <div class="test-method">
                <img src="failed.png">
                </img>
                <span class="method-name">executeTestCase(checkMenApparel, Yes, org.testng.TestRunner@dc58a56)</span>
                <span class="method-start">80019 ms</span>
              </div> <!-- test-method -->
              <div class="configuration-method after">
                <span class="method-name">getTestResult([TestResult name=executeTestCase status=FAILURE method=Test_FlipkartSite.executeTestCase(java.lang.S...)</span>
                <span class="method-start">80050 ms</span>
              </div> <!-- configuration-method after -->
              <div class="test-method">
                <span class="method-name">executeTestCase(checkFurniture, No, org.testng.TestRunner@dc58a56)</span>
                <span class="method-start">80184 ms</span>
              </div> <!-- test-method -->
              <div class="test-method">
                <span class="method-name">executeTestCase(checkOfferZone, Yes, org.testng.TestRunner@dc58a56)</span>
                <span class="method-start">80185 ms</span>
              </div> <!-- test-method -->
              <div class="configuration-method after">
                <span class="method-name">getTestResult([TestResult name=executeTestCase status=SUCCESS method=Test_FlipkartSite.executeTestCase(java.lang.S...)</span>
                <span class="method-start">80185 ms</span>
              </div> <!-- configuration-method after -->
              <div class="configuration-method after">
                <span class="method-name">getTestResult([TestResult name=executeTestCase status=SUCCESS method=Test_FlipkartSite.executeTestCase(java.lang.S...)</span>
                <span class="method-start">83244 ms</span>
              </div> <!-- configuration-method after -->
              <div class="configuration-method after">
                <span class="method-name">getTestResult([TestResult name=executeTestCase status=SUCCESS method=Test_FlipkartSite.executeTestCase(java.lang.S...)</span>
                <span class="method-start">83245 ms</span>
              </div> <!-- configuration-method after -->
              <div class="test-method">
                <span class="method-name">executeTestCase(checkGrocerySection, No, org.testng.TestRunner@dc58a56)</span>
                <span class="method-start">83245 ms</span>
              </div> <!-- test-method -->
              <div class="test-method">
                <img src="failed.png">
                </img>
                <span class="method-name">executeTestCase(checkMyCart, Yes, org.testng.TestRunner@dc58a56)</span>
                <span class="method-start">83245 ms</span>
              </div> <!-- test-method -->
              <div class="configuration-method after">
                <span class="method-name">getTestResult([TestResult name=executeTestCase status=FAILURE method=Test_FlipkartSite.executeTestCase(java.lang.S...)</span>
                <span class="method-start">84309 ms</span>
              </div> <!-- configuration-method after -->
              <div class="configuration-method after">
                <span class="method-name">getTestResult([TestResult name=executeTestCase status=FAILURE method=Test_FlipkartSite.executeTestCase(java.lang.S...)</span>
                <span class="method-start">84347 ms</span>
              </div> <!-- configuration-method after -->
              <div class="test-method">
                <span class="method-name">executeTestCase(checkFlights, Yes, org.testng.TestRunner@591b8c05)</span>
                <span class="method-start">84746 ms</span>
              </div> <!-- test-method -->
              <div class="test-method">
                <span class="method-name">executeTestCase(checkFlights, Yes, org.testng.TestRunner@42f0f416)</span>
                <span class="method-start">84760 ms</span>
              </div> <!-- test-method -->
              <div class="configuration-method after">
                <span class="method-name">getTestResult([TestResult name=executeTestCase status=FAILURE method=Test_FlipkartSite.executeTestCase(java.lang.S...)</span>
                <span class="method-start">85863 ms</span>
              </div> <!-- configuration-method after -->
              <div class="test-method">
                <span class="method-name">executeTestCase(checkFlights, Yes, org.testng.TestRunner@1013f878)</span>
                <span class="method-start">86009 ms</span>
              </div> <!-- test-method -->
              <div class="configuration-method after">
                <span class="method-name">getTestResult([TestResult name=executeTestCase status=SUCCESS method=Test_FlipkartSite.executeTestCase(java.lang.S...)</span>
                <span class="method-start">88719 ms</span>
              </div> <!-- configuration-method after -->
              <div class="test-method">
                <img src="failed.png">
                </img>
                <span class="method-name">executeTestCase(registerUser, Yes, org.testng.TestRunner@42f0f416)</span>
                <span class="method-start">88720 ms</span>
              </div> <!-- test-method -->
              <div class="configuration-method after">
                <span class="method-name">getTestResult([TestResult name=executeTestCase status=SUCCESS method=Test_FlipkartSite.executeTestCase(java.lang.S...)</span>
                <span class="method-start">88898 ms</span>
              </div> <!-- configuration-method after -->
              <div class="test-method">
                <img src="failed.png">
                </img>
                <span class="method-name">executeTestCase(registerUser, Yes, org.testng.TestRunner@591b8c05)</span>
                <span class="method-start">88899 ms</span>
              </div> <!-- test-method -->
              <div class="configuration-method after">
                <span class="method-name">getTestResult([TestResult name=executeTestCase status=FAILURE method=Test_FlipkartSite.executeTestCase(java.lang.S...)</span>
                <span class="method-start">91124 ms</span>
              </div> <!-- configuration-method after -->
              <div class="configuration-method after">
                <span class="method-name">getTestResult([TestResult name=executeTestCase status=SUCCESS method=Test_FlipkartSite.executeTestCase(java.lang.S...)</span>
                <span class="method-start">91470 ms</span>
              </div> <!-- configuration-method after -->
              <div class="test-method">
                <img src="failed.png">
                </img>
                <span class="method-name">executeTestCase(registerUser, Yes, org.testng.TestRunner@1013f878)</span>
                <span class="method-start">91472 ms</span>
              </div> <!-- test-method -->
              <div class="configuration-method after">
                <span class="method-name">getTestResult([TestResult name=executeTestCase status=FAILURE method=Test_FlipkartSite.executeTestCase(java.lang.S...)</span>
                <span class="method-start">91555 ms</span>
              </div> <!-- configuration-method after -->
              <div class="test-method">
                <img src="failed.png">
                </img>
                <span class="method-name">executeTestCase(checkLogin, Yes, org.testng.TestRunner@42f0f416)</span>
                <span class="method-start">91569 ms</span>
              </div> <!-- test-method -->
              <div class="test-method">
                <img src="failed.png">
                </img>
                <span class="method-name">executeTestCase(checkLogin, Yes, org.testng.TestRunner@591b8c05)</span>
                <span class="method-start">92000 ms</span>
              </div> <!-- test-method -->
              <div class="configuration-method after">
                <span class="method-name">getTestResult([TestResult name=executeTestCase status=FAILURE method=Test_FlipkartSite.executeTestCase(java.lang.S...)</span>
                <span class="method-start">93279 ms</span>
              </div> <!-- configuration-method after -->
              <div class="test-method">
                <img src="failed.png">
                </img>
                <span class="method-name">executeTestCase(checkFlights, Yes, org.testng.TestRunner@dc58a56)</span>
                <span class="method-start">93586 ms</span>
              </div> <!-- test-method -->
              <div class="configuration-method after">
                <span class="method-name">getTestResult([TestResult name=executeTestCase status=FAILURE method=Test_FlipkartSite.executeTestCase(java.lang.S...)</span>
                <span class="method-start">97361 ms</span>
              </div> <!-- configuration-method after -->
              <div class="test-method">
                <img src="failed.png">
                </img>
                <span class="method-name">executeTestCase(registerUser, Yes, org.testng.TestRunner@dc58a56)</span>
                <span class="method-start">97900 ms</span>
              </div> <!-- test-method -->
              <div class="configuration-method after">
                <span class="method-name">getTestResult([TestResult name=executeTestCase status=FAILURE method=Test_FlipkartSite.executeTestCase(java.lang.S...)</span>
                <span class="method-start">104164 ms</span>
              </div> <!-- configuration-method after -->
              <div class="configuration-method after">
                <span class="method-name">getTestResult([TestResult name=executeTestCase status=FAILURE method=Test_FlipkartSite.executeTestCase(java.lang.S...)</span>
                <span class="method-start">104164 ms</span>
              </div> <!-- configuration-method after -->
              <div class="configuration-method after">
                <span class="method-name">getTestResult([TestResult name=executeTestCase status=FAILURE method=Test_FlipkartSite.executeTestCase(java.lang.S...)</span>
                <span class="method-start">104195 ms</span>
              </div> <!-- configuration-method after -->
              <div class="test-method">
                <img src="failed.png">
                </img>
                <span class="method-name">executeTestCase(checkLogin, Yes, org.testng.TestRunner@1013f878)</span>
                <span class="method-start">104308 ms</span>
              </div> <!-- test-method -->
              <div class="configuration-test after">
                <span class="method-name">tearDownTest</span>
                <span class="method-start">104360 ms</span>
              </div> <!-- configuration-test after -->
              <div class="configuration-test after">
                <span class="method-name">tearDownTest</span>
                <span class="method-start">104402 ms</span>
              </div> <!-- configuration-test after -->
              <div class="configuration-method after">
                <span class="method-name">getTestResult([TestResult name=executeTestCase status=FAILURE method=Test_FlipkartSite.executeTestCase(java.lang.S...)</span>
                <span class="method-start">111013 ms</span>
              </div> <!-- configuration-method after -->
              <div class="test-method">
                <img src="failed.png">
                </img>
                <span class="method-name">executeTestCase(checkLogin, Yes, org.testng.TestRunner@dc58a56)</span>
                <span class="method-start">111141 ms</span>
              </div> <!-- test-method -->
              <div class="configuration-method after">
                <span class="method-name">getTestResult([TestResult name=executeTestCase status=FAILURE method=Test_FlipkartSite.executeTestCase(java.lang.S...)</span>
                <span class="method-start">115084 ms</span>
              </div> <!-- configuration-method after -->
              <div class="configuration-test after">
                <span class="method-name">tearDownTest</span>
                <span class="method-start">115147 ms</span>
              </div> <!-- configuration-test after -->
              <div class="configuration-method after">
                <span class="method-name">getTestResult([TestResult name=executeTestCase status=FAILURE method=Test_FlipkartSite.executeTestCase(java.lang.S...)</span>
                <span class="method-start">122095 ms</span>
              </div> <!-- configuration-method after -->
              <div class="configuration-test after">
                <span class="method-name">tearDownTest</span>
                <span class="method-start">122173 ms</span>
              </div> <!-- configuration-test after -->
          </div> <!-- main-panel-content rounded-window-bottom -->
        </div> <!-- panel -->
      </div> <!-- main-panel-root -->
    </div> <!-- wrapper -->
  </body>
<script type="text/javascript" src="testng-reports2.js"></script>
</html>
